2026-06-16 12:12:08 | YAHOOF-FIN | INFO     | 
================================================================================
2026-06-16 12:12:08 | YAHOOF-FIN | INFO     | YAHOOF FINANCIAL METRICS EXTRACTOR
2026-06-16 12:12:08 | YAHOOF-FIN | INFO     | ================================================================================
2026-06-16 12:12:08 | YAHOOF-FIN | INFO     | 
Provider Configuration:
2026-06-16 12:12:08 | YAHOOF-FIN | INFO     |   ✓ YahooF Financial Metrics
2026-06-16 12:12:08 | YAHOOF-FIN | INFO     | 
Verifying paths...
2026-06-16 12:12:08 | YAHOOF-FIN | INFO     |   ✓ Working dir:   /home/runner/work/bharatmarkets/bharatmarkets
2026-06-16 12:12:08 | YAHOOF-FIN | INFO     |   ✓ DATA_DIR:      /home/runner/work/bharatmarkets/bharatmarkets/data
2026-06-16 12:12:08 | YAHOOF-FIN | INFO     |   ✓ SYMBOLS_FILE:  /home/runner/work/bharatmarkets/bharatmarkets/data/unified-symbols.json
2026-06-16 12:12:08 | YAHOOF-FIN | INFO     |   ✓ SYMBOL_MAP:    /home/runner/work/bharatmarkets/bharatmarkets/data/symbol_map.json
2026-06-16 12:12:08 | YAHOOF-FIN | INFO     | 
Loading configuration...
2026-06-16 12:12:08 | YAHOOF-FIN | INFO     |   ✓ 106 companies to fetch
2026-06-16 12:12:08 | YAHOOF-FIN | INFO     |   ✓ 3 delisted excluded
2026-06-16 12:12:08 | YAHOOF-FIN | INFO     | 
Building sector mapping...
2026-06-16 12:12:08 | YAHOOF-FIN | INFO     |   ✓ Sector mapping built: 106 stocks
2026-06-16 12:12:08 | YAHOOF-FIN | INFO     | 
Fetching financial metrics...
2026-06-16 12:12:21 | YAHOOF-FIN | INFO     |   Progress: 20/106...
2026-06-16 12:12:34 | YAHOOF-FIN | INFO     |   Progress: 40/106...
2026-06-16 12:12:45 | YAHOOF-FIN | INFO     |   Progress: 60/104...
2026-06-16 12:12:57 | YAHOOF-FIN | INFO     |   Progress: 80/100...
2026-06-16 12:13:09 | YAHOOF-FIN | INFO     |   Progress: 100/100...
2026-06-16 12:13:09 | YAHOOF-FIN | INFO     | 
Saving files...
2026-06-16 12:13:09 | YAHOOF-FIN | INFO     |   ✓ Saved: /home/runner/work/bharatmarkets/bharatmarkets/data/yahoofin_financials.json
2026-06-16 12:13:09 | YAHOOF-FIN | INFO     | 
================================================================================
2026-06-16 12:13:09 | YAHOOF-FIN | INFO     | YAHOOF EXECUTION SUMMARY
2026-06-16 12:13:09 | YAHOOF-FIN | INFO     | ================================================================================
2026-06-16 12:13:09 | YAHOOF-FIN | INFO     | Processed:  100 companies
2026-06-16 12:13:09 | YAHOOF-FIN | INFO     | Skipped:    6 (bonds/delisted)
2026-06-16 12:13:09 | YAHOOF-FIN | INFO     | Success:    100
2026-06-16 12:13:09 | YAHOOF-FIN | INFO     | Errors:     0
2026-06-16 12:13:09 | YAHOOF-FIN | INFO     | Runtime:    60.88s
2026-06-16 12:13:09 | YAHOOF-FIN | INFO     | Output:     /home/runner/work/bharatmarkets/bharatmarkets/data/yahoofin_financials.json
2026-06-16 12:13:09 | YAHOOF-FIN | INFO     | Log:        /home/runner/work/bharatmarkets/bharatmarkets/data/logs/fetch_yahoofin_financials.log
2026-06-16 12:13:09 | YAHOOF-FIN | INFO     | ================================================================================
