2026-05-17 08:31:19 | WARNING | ✗ AZADIND      | FETCH FAILED
2026-05-17 08:32:23 | WARNING | ✗ BLACKBOX     | FETCH FAILED
2026-05-17 08:33:18 | WARNING | ✗ CAPITALNUM   | FETCH FAILED
2026-05-17 08:35:27 | WARNING | ✗ HEBL         | FETCH FAILED
2026-05-17 08:37:45 | WARNING | ✗ KPENERGY     | FETCH FAILED
2026-05-17 08:38:40 | WARNING | ✗ KPPL         | FETCH FAILED
2026-05-17 08:39:58 | WARNING | ✗ MCDOWELL-N   | FETCH FAILED
2026-05-17 08:40:53 | WARNING | ✗ MIRAEAMC - SMALLCAP | FETCH FAILED
2026-05-17 08:42:19 | WARNING | ✗ QUALITY      | FETCH FAILED
2026-05-17 08:43:32 | WARNING | ✗ REVATHI      | FETCH FAILED
2026-05-17 08:44:50 | WARNING | ✗ SGBFEB32IV   | FETCH FAILED
2026-05-17 08:45:45 | WARNING | ✗ SHILCHAR     | FETCH FAILED
2026-05-17 08:46:41 | WARNING | ✗ SHREEREF     | FETCH FAILED
2026-05-17 08:48:11 | WARNING | ✗ TITANBIO     | FETCH FAILED
2026-05-17 08:49:33 | WARNING | ✗ ZINKA        | FETCH FAILED
2026-05-17 09:20:02 | WARNING | ✗ AZADIND      | FETCH FAILED
2026-05-17 09:22:05 | WARNING | ✗ CAPITALNUM   | FETCH FAILED
2026-05-17 09:25:07 | WARNING | ✗ HEBL         | FETCH FAILED
2026-05-17 09:29:12 | WARNING | ✗ SGBFEB32IV   | FETCH FAILED
2026-05-17 09:31:07 | WARNING | ✗ SHREEREF     | FETCH FAILED
2026-05-17 09:33:30 | WARNING | ✗ TITANBIO     | FETCH FAILED
2026-05-18 08:00:49 | WARNING | ✗ AZADIND      | FETCH FAILED
2026-05-18 08:02:51 | WARNING | ✗ CAPITALNUM   | FETCH FAILED
2026-05-18 08:05:53 | WARNING | ✗ HEBL         | FETCH FAILED
2026-05-18 08:09:53 | WARNING | ✗ SGBFEB32IV   | FETCH FAILED
2026-05-18 08:11:47 | WARNING | ✗ SHREEREF     | FETCH FAILED
2026-05-18 08:14:12 | WARNING | ✗ TITANBIO     | FETCH FAILED
2026-05-23 01:06:00 | WARNING | ✗ SGBFEB32IV   | FETCH FAILED
2026-05-31 05:30:23 | WARNING | ✗ SGBFEB32IV   | FETCH FAILED
2026-06-04 11:49:15 | WARNING | ✗ SGBFEB32IV   | FETCH FAILED
2026-06-05 04:53:11 | WARNING | ⚠ ABCAPITAL    | 10-year button not found — defaulting to 5yr view
2026-06-05 04:53:15 | WARNING | ⚠ ABFRL        | 10-year button not found — defaulting to 5yr view
2026-06-05 04:53:19 | WARNING | ⚠ ACMESOLAR    | 10-year button not found — defaulting to 5yr view
2026-06-05 04:53:23 | WARNING | ⚠ AFCONS       | 10-year button not found — defaulting to 5yr view
2026-06-05 04:53:27 | WARNING | ⚠ APOLLOHOSP   | 10-year button not found — defaulting to 5yr view
2026-06-05 04:53:31 | WARNING | ⚠ ARE&M        | 10-year button not found — defaulting to 5yr view
2026-06-05 04:53:35 | WARNING | ⚠ ARROWGREEN   | 10-year button not found — defaulting to 5yr view
2026-06-05 04:53:40 | WARNING | ⚠ ASALCBR      | 10-year button not found — defaulting to 5yr view
2026-06-05 04:53:44 | WARNING | ⚠ ASHOKA       | 10-year button not found — defaulting to 5yr view
2026-06-05 04:53:48 | WARNING | ⚠ AVANTIFEED   | 10-year button not found — defaulting to 5yr view
2026-06-05 04:53:52 | WARNING | ⚠ AZAD         | 10-year button not found — defaulting to 5yr view
2026-06-05 04:53:56 | WARNING | ⚠ AZADIND      | 10-year button not found — defaulting to 5yr view
2026-06-05 04:54:00 | WARNING | ⚠ BDL          | 10-year button not found — defaulting to 5yr view
2026-06-05 04:54:04 | WARNING | ⚠ BIOCON       | 10-year button not found — defaulting to 5yr view
2026-06-05 04:54:08 | WARNING | ⚠ BLACKBOX     | 10-year button not found — defaulting to 5yr view
2026-06-05 04:54:12 | WARNING | ⚠ CAPITALNUM   | 10-year button not found — defaulting to 5yr view
2026-06-05 04:54:17 | WARNING | ⚠ CDSL         | 10-year button not found — defaulting to 5yr view
2026-06-05 04:54:21 | WARNING | ⚠ CELLO        | 10-year button not found — defaulting to 5yr view
2026-06-05 04:54:25 | WARNING | ⚠ CIGNITITEC   | 10-year button not found — defaulting to 5yr view
2026-06-05 04:54:29 | WARNING | ⚠ COCHINSHIP   | 10-year button not found — defaulting to 5yr view
2026-06-05 04:54:33 | WARNING | ⚠ COFORGE      | 10-year button not found — defaulting to 5yr view
2026-06-05 04:54:37 | WARNING | ⚠ DATAMATICS   | 10-year button not found — defaulting to 5yr view
2026-06-05 04:54:41 | WARNING | ⚠ DATAPATTNS   | 10-year button not found — defaulting to 5yr view
2026-06-05 04:54:45 | WARNING | ⚠ DRREDDY      | 10-year button not found — defaulting to 5yr view
2026-06-05 04:54:49 | WARNING | ⚠ ENGINERSIN   | 10-year button not found — defaulting to 5yr view
2026-06-05 04:54:53 | WARNING | ⚠ FINCABLES    | 10-year button not found — defaulting to 5yr view
2026-06-05 04:54:57 | WARNING | ⚠ GESHIP       | 10-year button not found — defaulting to 5yr view
2026-06-05 04:55:01 | WARNING | ⚠ GRSE         | 10-year button not found — defaulting to 5yr view
2026-06-05 04:55:05 | WARNING | ⚠ HAL          | 10-year button not found — defaulting to 5yr view
2026-06-05 04:55:09 | WARNING | ⚠ HBLENGINE    | 10-year button not found — defaulting to 5yr view
2026-06-05 04:55:13 | WARNING | ⚠ HCLTECH      | 10-year button not found — defaulting to 5yr view
2026-06-05 04:55:17 | WARNING | ⚠ HDFCBANK     | 10-year button not found — defaulting to 5yr view
2026-06-05 04:55:21 | WARNING | ⚠ HDFCLIFE     | 10-year button not found — defaulting to 5yr view
2026-06-05 04:55:25 | WARNING | ⚠ HEBL         | 10-year button not found — defaulting to 5yr view
2026-06-05 04:55:29 | WARNING | ⚠ HINDCOPPER   | 10-year button not found — defaulting to 5yr view
2026-06-05 04:55:33 | WARNING | ⚠ HINDZINC     | 10-year button not found — defaulting to 5yr view
2026-06-05 04:55:37 | WARNING | ⚠ HIRECT       | 10-year button not found — defaulting to 5yr view
2026-06-05 04:55:41 | WARNING | ⚠ ICICIBANK    | 10-year button not found — defaulting to 5yr view
2026-06-05 04:55:45 | WARNING | ⚠ IDEAFORGE    | 10-year button not found — defaulting to 5yr view
2026-06-05 04:55:50 | WARNING | ⚠ IDFCFIRSTB   | 10-year button not found — defaulting to 5yr view
2026-06-05 04:55:54 | WARNING | ⚠ IGIL         | 10-year button not found — defaulting to 5yr view
2026-06-05 04:55:58 | WARNING | ⚠ INDIANB      | 10-year button not found — defaulting to 5yr view
2026-06-05 04:56:02 | WARNING | ⚠ INDOTECH     | 10-year button not found — defaulting to 5yr view
2026-06-05 04:56:06 | WARNING | ⚠ INDUSTOWER   | 10-year button not found — defaulting to 5yr view
2026-06-05 04:56:10 | WARNING | ⚠ INFY         | 10-year button not found — defaulting to 5yr view
2026-06-05 04:56:14 | WARNING | ⚠ INOXINDIA    | 10-year button not found — defaulting to 5yr view
2026-06-05 04:56:18 | WARNING | ⚠ INTERARCH    | 10-year button not found — defaulting to 5yr view
2026-06-05 04:56:22 | WARNING | ⚠ IOC          | 10-year button not found — defaulting to 5yr view
2026-06-05 04:56:26 | WARNING | ⚠ ITC          | 10-year button not found — defaulting to 5yr view
2026-06-05 04:56:30 | WARNING | ⚠ JUNIORBEES   | 10-year button not found — defaulting to 5yr view
2026-06-05 04:56:34 | WARNING | ⚠ JYOTHYLAB    | 10-year button not found — defaulting to 5yr view
2026-06-05 04:56:38 | WARNING | ⚠ KAYNES       | 10-year button not found — defaulting to 5yr view
2026-06-05 04:56:42 | WARNING | ⚠ KEI          | 10-year button not found — defaulting to 5yr view
2026-06-05 04:56:46 | WARNING | ⚠ KPENERGY     | 10-year button not found — defaulting to 5yr view
2026-06-05 04:56:50 | WARNING | ⚠ KPPL         | 10-year button not found — defaulting to 5yr view
2026-06-05 04:56:54 | WARNING | ⚠ MAHABANK     | 10-year button not found — defaulting to 5yr view
2026-06-05 04:56:58 | WARNING | ⚠ MAITHANALL   | 10-year button not found — defaulting to 5yr view
2026-06-05 04:57:02 | WARNING | ⚠ MAPMYINDIA   | 10-year button not found — defaulting to 5yr view
2026-06-05 04:57:06 | WARNING | ⚠ MARKSANS     | 10-year button not found — defaulting to 5yr view
2026-06-05 04:57:10 | WARNING | ⚠ MBEL         | 10-year button not found — defaulting to 5yr view
2026-06-05 04:57:14 | WARNING | ⚠ MCDOWELL-N   | 10-year button not found — defaulting to 5yr view
2026-06-05 04:57:18 | WARNING | ⚠ NCC          | 10-year button not found — defaulting to 5yr view
2026-06-05 04:57:22 | WARNING | ⚠ NETWEB       | 10-year button not found — defaulting to 5yr view
2026-06-05 04:57:27 | WARNING | ⚠ NIFTYBEES    | 10-year button not found — defaulting to 5yr view
2026-06-05 04:57:31 | WARNING | ⚠ OIL          | 10-year button not found — defaulting to 5yr view
2026-06-05 04:57:35 | WARNING | ⚠ PFC          | 10-year button not found — defaulting to 5yr view
2026-06-05 04:57:39 | WARNING | ⚠ POWERGRID    | 10-year button not found — defaulting to 5yr view
2026-06-05 04:57:43 | WARNING | ⚠ PVRINOX      | 10-year button not found — defaulting to 5yr view
2026-06-05 04:57:47 | WARNING | ⚠ QUALITY      | 10-year button not found — defaulting to 5yr view
2026-06-05 04:57:51 | WARNING | ⚠ RATEGAIN     | 10-year button not found — defaulting to 5yr view
2026-06-05 04:57:55 | WARNING | ⚠ RECLTD       | 10-year button not found — defaulting to 5yr view
2026-06-05 04:57:59 | WARNING | ⚠ REDTAPE      | 10-year button not found — defaulting to 5yr view
2026-06-05 04:58:03 | WARNING | ⚠ REPCOHOME    | 10-year button not found — defaulting to 5yr view
2026-06-05 04:58:07 | WARNING | ⚠ REVATHI      | 10-year button not found — defaulting to 5yr view
2026-06-05 04:58:11 | WARNING | ⚠ ROSSTECH     | 10-year button not found — defaulting to 5yr view
2026-06-05 04:58:15 | WARNING | ⚠ S&SPOWER     | 10-year button not found — defaulting to 5yr view
2026-06-05 04:58:19 | WARNING | ⚠ SAGILITY     | 10-year button not found — defaulting to 5yr view
2026-06-05 04:58:23 | WARNING | ⚠ SANDUMA      | 10-year button not found — defaulting to 5yr view
2026-06-05 04:58:28 | WARNING | ⚠ SBIN         | 10-year button not found — defaulting to 5yr view
2026-06-05 04:59:25 | WARNING | ✗ SGBFEB32IV   | FETCH FAILED
2026-06-05 04:59:27 | WARNING | ⚠ SHILCHAR     | 10-year button not found — defaulting to 5yr view
2026-06-05 04:59:31 | WARNING | ⚠ SHREEREF     | 10-year button not found — defaulting to 5yr view
2026-06-05 04:59:35 | WARNING | ⚠ SIKA         | 10-year button not found — defaulting to 5yr view
2026-06-05 04:59:39 | WARNING | ⚠ SKMEGGPROD   | 10-year button not found — defaulting to 5yr view
2026-06-05 04:59:43 | WARNING | ⚠ SUNFLAG      | 10-year button not found — defaulting to 5yr view
2026-06-05 04:59:47 | WARNING | ⚠ SUPRIYA      | 10-year button not found — defaulting to 5yr view
2026-06-05 04:59:51 | WARNING | ⚠ SUYOG        | 10-year button not found — defaulting to 5yr view
2026-06-05 04:59:55 | WARNING | ⚠ SUZLON       | 10-year button not found — defaulting to 5yr view
2026-06-05 04:59:59 | WARNING | ⚠ TATAPOWER    | 10-year button not found — defaulting to 5yr view
2026-06-05 05:00:03 | WARNING | ⚠ TDPOWERSYS   | 10-year button not found — defaulting to 5yr view
2026-06-05 05:00:07 | WARNING | ⚠ TITANBIO     | 10-year button not found — defaulting to 5yr view
2026-06-05 05:00:11 | WARNING | ⚠ TRUALT       | 10-year button not found — defaulting to 5yr view
2026-06-05 05:00:15 | WARNING | ⚠ VEDL         | 10-year button not found — defaulting to 5yr view
2026-06-05 05:00:19 | WARNING | ⚠ VENTIVE      | 10-year button not found — defaulting to 5yr view
2026-06-05 05:00:23 | WARNING | ⚠ VOLTAMP      | 10-year button not found — defaulting to 5yr view
2026-06-05 05:00:27 | WARNING | ⚠ WAAREEENER   | 10-year button not found — defaulting to 5yr view
2026-06-05 05:00:31 | WARNING | ⚠ ZENTEC       | 10-year button not found — defaulting to 5yr view
2026-06-05 05:00:35 | WARNING | ⚠ ZINKA        | 10-year button not found — defaulting to 5yr view
2026-06-05 05:18:50 | WARNING | ✗ SGBFEB32IV   | FETCH FAILED
2026-06-05 05:37:51 | WARNING | ✗ SGBFEB32IV   | FETCH FAILED
2026-06-05 07:57:54 | WARNING | ✗ SGBFEB32IV   | FETCH FAILED
