2026-06-16 03:18:21 | AMFI-NAV   | INFO     | Portfolio ISINs to match (MUTUAL FUND / SOVEREIGN BOND): 6
2026-06-16 03:18:21 | AMFI-NAV   | INFO     | Fetching https://www.amfiindia.com/spages/NAVAll.txt ...
2026-06-16 03:18:25 | AMFI-NAV   | WARNING  |   ⚠ 1 ISIN(s) not found in AMFI NAVAll.txt: ['IN0020230184']
2026-06-16 03:18:25 | AMFI-NAV   | INFO     |   ✓ Matched 5/6 ISINs
2026-06-16 03:18:47 | AMFI-NAV   | INFO     |   ✓ Kotak Flexicap Fund - Growth: returns computed
2026-06-16 03:18:49 | AMFI-NAV   | INFO     |   ✓ Nippon India Focused Fund -Growth Plan -Growth Option: returns computed
2026-06-16 03:18:50 | AMFI-NAV   | INFO     |   ✓ ICICI Prudential Technology Fund - Growth: returns computed
2026-06-16 03:18:51 | AMFI-NAV   | INFO     |   ✓ SBI Small Cap Fund - Regular Plan - Growth: returns computed
2026-06-16 03:18:52 | AMFI-NAV   | INFO     |   ✓ Mirae Asset S&P 500 Top 50 ETF: returns computed
2026-06-16 03:18:52 | AMFI-NAV   | INFO     | ✓ Wrote data/mf_nav.json
2026-06-16 03:18:52 | SGB-LTP    | INFO     | Portfolio SGB symbols to fetch: 1
2026-06-16 03:18:52 | SGB-LTP    | INFO     |   ✓ SGBFEB32IV: LTP 15501.85
2026-06-16 03:18:53 | SGB-LTP    | INFO     |   ✓ Fetched 1/1 SGB symbols
2026-06-16 03:18:53 | SGB-LTP    | INFO     | ✓ Wrote data/sgb_ltp.json
2026-06-16 03:18:53 | QSIF-NAV   | INFO     | Portfolio SIF entries to match: 1
2026-06-16 03:18:55 | QSIF-NAV   | INFO     |   Page 1 HTML length: 84994 chars
2026-06-16 03:18:55 | QSIF-NAV   | INFO     |   Page 1: 10 rows
2026-06-16 03:18:56 | QSIF-NAV   | INFO     |   Page 2: 10 rows
2026-06-16 03:18:56 | QSIF-NAV   | INFO     |   Unique rows after dedup: 10
2026-06-16 03:18:56 | QSIF-NAV   | INFO     |     qsif Sector Rotation Long-Short Fund - Growth Option - Regular Plan | Growth | 10.0878
2026-06-16 03:18:56 | QSIF-NAV   | INFO     |     qsif Sector Rotation Long-Short Fund - IDCW Option - Regular Plan | Dividend | 10.0878
2026-06-16 03:18:56 | QSIF-NAV   | INFO     |     qsif Sector Rotation Long-Short Fund - Growth Option - Direct Plan | Growth | 10.102
2026-06-16 03:18:56 | QSIF-NAV   | INFO     |     qsif Sector Rotation Long-Short Fund - IDCW Option - Direct Plan | Dividend | 10.102
2026-06-16 03:18:56 | QSIF-NAV   | INFO     |     qsif Active Asset Allocator Long-Short Fund - Growth Option - Regular Plan | Growth | 10.2802
2026-06-16 03:18:56 | QSIF-NAV   | INFO     |     qsif Active Asset Allocator Long-Short Fund - IDCW Option - Regular Plan | Dividend | 10.2802
2026-06-16 03:18:56 | QSIF-NAV   | INFO     |     qsif Active Asset Allocator Long-Short Fund - Growth Option - Direct Plan | Growth | 10.3074
2026-06-16 03:18:56 | QSIF-NAV   | INFO     |     qsif Active Asset Allocator Long-Short Fund- IDCW Option - Direct Plan | Dividend | 10.3074
2026-06-16 03:18:56 | QSIF-NAV   | INFO     |     qsif Equity Ex-Top 100 Long-Short Fund - Regular - Growth | Growth | 10.0779
2026-06-16 03:18:56 | QSIF-NAV   | INFO     |     qsif Equity Ex-Top 100 Long-Short Fund - Regular - IDCW | Dividend | 10.0779
2026-06-16 03:18:56 | QSIF-NAV   | INFO     |   Total rows fetched: 10
2026-06-16 03:18:56 | QSIF-NAV   | INFO     |   Match words for INF966L30027: {'equity'}
2026-06-16 03:18:56 | QSIF-NAV   | INFO     |   Available rows: ['qsif Sector Rotation Long-Short Fund - Growth Option - Regular Plan', 'qsif Sector Rotation Long-Short Fund - IDCW Option - Regular Plan', 'qsif Sector Rotation Long-Short Fund - Growth Option - Direct Plan', 'qsif Sector Rotation Long-Short Fund - IDCW Option - Direct Plan', 'qsif Active Asset Allocator Long-Short Fund - Growth Option - Regular Plan', 'qsif Active Asset Allocator Long-Short Fund - IDCW Option - Regular Plan', 'qsif Active Asset Allocator Long-Short Fund - Growth Option - Direct Plan', 'qsif Active Asset Allocator Long-Short Fund- IDCW Option - Direct Plan', 'qsif Equity Ex-Top 100 Long-Short Fund - Regular - Growth', 'qsif Equity Ex-Top 100 Long-Short Fund - Regular - IDCW']
2026-06-16 03:18:56 | QSIF-NAV   | INFO     |   ✓ INF966L30027: NAV 10.0779 (15-Jun-2026)
2026-06-16 03:18:56 | QSIF-NAV   | INFO     |   ✓ Matched 1/1 SIF entries
2026-06-16 03:18:56 | QSIF-NAV   | INFO     | ✓ Wrote data/qsif_nav.json
