2026-06-13 14:51:29,039 - ERROR - HTTP Error 404: {"quoteSummary":{"result":null,"error":{"code":"Not Found","description":"Quote not found for symbol: SMALL"}}}
2026-06-13 14:51:29,179 - ERROR - $CAP: possibly delisted; no price data found  (period=6d) (Yahoo error = "No data found, symbol may be delisted")
2026-06-13 14:51:29,305 - ERROR - $SMALL: possibly delisted; no price data found  (period=6d) (Yahoo error = "No data found, symbol may be delisted")
2026-06-13 14:51:30,072 - ERROR - $REGULAR: possibly delisted; no price data found  (period=6d) (Yahoo error = "No data found, symbol may be delisted")
2026-06-13 14:51:31,308 - ERROR - $PARAGPARIKHFLEXICAP.NS: possibly delisted; no price data found  (period=6d) (Yahoo error = "No data found, symbol may be delisted")
2026-06-13 14:51:32,208 - ERROR - $EQUITY: possibly delisted; no price data found  (period=6d) (Yahoo error = "No data found, symbol may be delisted")
2026-06-13 14:51:32,342 - ERROR - $QSIF: possibly delisted; no price data found  (period=6d) (Yahoo error = "No data found, symbol may be delisted")
2026-06-13 14:51:33,084 - ERROR - $FUND-REGULAR: possibly delisted; no price data found  (period=6d) (Yahoo error = "No data found, symbol may be delisted")
2026-06-13 14:51:33,171 - ERROR - $PLAN-GROWTH.NS: possibly delisted; no price data found  (period=6d) (Yahoo error = "No data found, symbol may be delisted")
2026-06-13 14:51:33,623 - ERROR - $CIGNITITEC.NS: possibly delisted; no price data found  (period=6d)
2026-06-13 14:51:33,761 - ERROR - $FLEXICAP: possibly delisted; no price data found  (period=6d) (Yahoo error = "No data found, symbol may be delisted")
2026-06-13 14:51:34,125 - ERROR - $LONG-SHORT: possibly delisted; no price data found  (period=6d) (Yahoo error = "No data found, symbol may be delisted")
2026-06-13 14:51:34,957 - ERROR - $GROWTH.NS: possibly delisted; no price data found  (period=6d) (Yahoo error = "No data found, symbol may be delisted")
2026-06-13 14:51:35,293 - ERROR - $KOTAK: possibly delisted; no price data found  (period=6d) (Yahoo error = "No data found, symbol may be delisted")
2026-06-13 14:51:35,368 - ERROR - 
13 Failed downloads:
2026-06-13 14:51:35,369 - ERROR - ['CAP', 'SMALL', 'REGULAR', 'PARAGPARIKHFLEXICAP.NS', 'EQUITY', 'QSIF', 'FUND-REGULAR', 'PLAN-GROWTH.NS', 'FLEXICAP', 'LONG-SHORT', 'GROWTH.NS', 'KOTAK']: possibly delisted; no price data found  (period=6d) (Yahoo error = "No data found, symbol may be delisted")
2026-06-13 14:51:35,369 - ERROR - ['CIGNITITEC.NS']: possibly delisted; no price data found  (period=6d)
2026-06-13 14:51:38,997 - ERROR - $CIGNITITEC.NS: possibly delisted; no price data found  (period=6d)
2026-06-13 14:51:39,089 - ERROR - $CIGNITITEC.BO: possibly delisted; no price data found  (period=6d)
2026-06-13 14:51:53,683 - ERROR - $KOTAK FLEXICAP FUND GROWTH.NS: possibly delisted; no price data found  (period=6d) (Yahoo error = "No data found, symbol may be delisted")
2026-06-13 14:51:53,959 - ERROR - $KOTAK FLEXICAP FUND GROWTH.BO: possibly delisted; no price data found  (period=6d) (Yahoo error = "No data found, symbol may be delisted")
2026-06-13 14:51:54,191 - ERROR - HTTP Error 404: {"quoteSummary":{"result":null,"error":{"code":"Not Found","description":"Quote not found for symbol: KOTAK FLEXICAP FUND GROWTH.NS"}}}
2026-06-13 14:51:54,272 - WARNING - Failed to fetch KOTAK FLEXICAP FUND GROWTH
2026-06-13 14:51:54,756 - ERROR - $PARAGPARIKHFLEXICAP.NS: possibly delisted; no price data found  (period=6d) (Yahoo error = "No data found, symbol may be delisted")
2026-06-13 14:51:55,021 - ERROR - $PARAGPARIKHFLEXICAP.BO: possibly delisted; no price data found  (period=6d) (Yahoo error = "No data found, symbol may be delisted")
2026-06-13 14:51:55,233 - ERROR - HTTP Error 404: {"quoteSummary":{"result":null,"error":{"code":"Not Found","description":"Quote not found for symbol: PARAGPARIKHFLEXICAP.NS"}}}
2026-06-13 14:51:55,311 - WARNING - Failed to fetch PARAGPARIKHFLEXICAP
2026-06-13 14:51:55,572 - ERROR - $QSIF EQUITY LONG-SHORT FUND-REGULAR PLAN-GROWTH.NS: possibly delisted; no price data found  (period=6d) (Yahoo error = "No data found, symbol may be delisted")
2026-06-13 14:51:55,893 - ERROR - $QSIF EQUITY LONG-SHORT FUND-REGULAR PLAN-GROWTH.BO: possibly delisted; no price data found  (period=6d) (Yahoo error = "No data found, symbol may be delisted")
2026-06-13 14:51:56,068 - ERROR - HTTP Error 404: {"quoteSummary":{"result":null,"error":{"code":"Not Found","description":"Quote not found for symbol: QSIF EQUITY LONG-SHORT FUND-REGULAR PLAN-GROWTH.NS"}}}
2026-06-13 14:51:56,147 - WARNING - Failed to fetch QSIF EQUITY LONG-SHORT FUND-REGULAR PLAN-GROWTH
2026-06-13 14:51:56,403 - ERROR - $SBI SMALL CAP FUND REGULAR GROWTH.NS: possibly delisted; no price data found  (period=6d) (Yahoo error = "No data found, symbol may be delisted")
2026-06-13 14:51:56,715 - ERROR - $SBI SMALL CAP FUND REGULAR GROWTH.BO: possibly delisted; no price data found  (period=6d) (Yahoo error = "No data found, symbol may be delisted")
2026-06-13 14:51:56,891 - ERROR - HTTP Error 404: {"quoteSummary":{"result":null,"error":{"code":"Not Found","description":"Quote not found for symbol: SBI SMALL CAP FUND REGULAR GROWTH.NS"}}}
2026-06-13 14:51:56,972 - WARNING - Failed to fetch SBI SMALL CAP FUND REGULAR GROWTH
2026-06-13 14:51:57,231 - ERROR - $SGBFEB32IV.NS: possibly delisted; no price data found  (period=6d) (Yahoo error = "No data found, symbol may be delisted")
2026-06-13 14:51:57,542 - ERROR - $SGBFEB32IV.BO: possibly delisted; no price data found  (period=6d) (Yahoo error = "No data found, symbol may be delisted")
2026-06-13 14:51:57,600 - WARNING - Failed to fetch SGBFEB32IV
2026-06-13 14:52:02,932 - WARNING - Failed symbols: KOTAK FLEXICAP FUND GROWTH, PARAGPARIKHFLEXICAP, QSIF EQUITY LONG-SHORT FUND-REGULAR PLAN-GROWTH, SBI SMALL CAP FUND REGULAR GROWTH, SGBFEB32IV
