========================================================================================================================
BharatMarkets Onyx Pro Terminal - Pipeline Execution Log
Started: 2026-07-07 13:39:07
========================================================================================================================


========================================================================================================================
INITIALIZATION
========================================================================================================================
[2026-07-07 13:39:07] [INIT      ] Reading tickers from screener_raw_data.json
[2026-07-07 13:39:07] [INIT      ] Found 119 tickers from screener_raw
[2026-07-07 13:39:07] [INIT      ] Added 7 MF/SGB ticker(s) from unified-symbols.json: ICICI PRUDENTIAL TECHNOLOGY FUND GROWTH, KOTAK FLEXICAP FUND GROWTH, MIRAEAMC - SMALLCAP, NIPPON INDIA FOCUSED FUND GROWTH PLAN, QSIF EQUITY LONG-SHORT FUND-REGULAR PLAN-GROWTH, SBI SMALL CAP FUND REGULAR GROWTH, SGBFEB32IV
[2026-07-07 13:39:07] [INIT      ] Processing tickers: AADHARHFC, ABCAPITAL, ABFRL, ACMESOLAR, AEROENTER, AFCONS, APOLLOHOSP, ARE&M, ARROWGREEN, ASALCBR, AVANTEL, AVANTIFEED, AWHCL, AZAD, AZADIND, BDL, BIOCON, BLACKBOX, CAPITALNUM, CDSL, CELLO, CHAMBLFERT, COCHINSHIP, COFORGE, DATAMATICS, DATAPATTNS, DHARMAJ, DRREDDY, ENGINERSIN, EQUITASBNK, FEDERALBNK, FINCABLES, FSL, GANESHCP, GESHIP, GMRAIRPORT, GRAPHITE, GREAVESCOT, GRSE, HAL, HBLENGINE, HDFCBANK, HDFCLIFE, HEBL, HINDCOPPER, HINDZINC, HIRECT, ICICIBANK, IDFCFIRSTB, IGIL, INDIANB, INDOTECH, INDUSTOWER, INOXINDIA, INTELLECT, INTERARCH, IOC, IREDA, ITC, JUNIORBEES, JYOTHYLAB, KAYNES, KEI, KPENERGY, KPPL, LMW, MAHABANK, MAITHANALL, MAPMYINDIA, MARKSANS, MBEL, MCDOWELL-N, MEDANTA, MMFL, NAVA, NCC, NETWEB, NIFTYBEES, OIL, PACEDIGITK, PAISALO, PFC, PNB, POWERGRID, PVRINOX, QUALITY, RATEGAIN, RECLTD, REDTAPE, REPCOHOME, REVATHI, ROSSTECH, S&SPOWER, SAGILITY, SANDUMA, SBIN, SESHAPAPER, SHILCHAR, SHREEREF, SIKA, SKMEGGPROD, SUNFLAG, SUPRIYA, SUYOG, SUZLON, TATAPOWER, TDPOWERSYS, TITANBIO, TRUALT, VAML, VEDL, VEDPOWER, VENTIVE, VISL, VOGL, VOLTAMP, WEWORK, ZENTEC, ZINKA, ICICI PRUDENTIAL TECHNOLOGY FUND GROWTH, KOTAK FLEXICAP FUND GROWTH, MIRAEAMC - SMALLCAP, NIPPON INDIA FOCUSED FUND GROWTH PLAN, QSIF EQUITY LONG-SHORT FUND-REGULAR PLAN-GROWTH, SBI SMALL CAP FUND REGULAR GROWTH, SGBFEB32IV
[2026-07-07 13:39:07] [INIT      ] Input directory: /home/runner/work/bharatmarkets/bharatmarkets/data
[2026-07-07 13:39:07] [INIT      ] Output: /home/runner/work/bharatmarkets/bharatmarkets/data/market_data_raw.json

========================================================================================================================
DATA PROCESSING
========================================================================================================================

========================================================================================================================
LOADING SOURCE FILES
========================================================================================================================
[2026-07-07 13:39:07] [LOAD      ] ✓ Loaded screener_fin         (4 keys)
[2026-07-07 13:39:07] [LOAD      ] ✓ Loaded screener_raw         (120 keys)
[2026-07-07 13:39:07] [LOAD      ] ✓ Loaded yahoofin_fin         (121 keys)
[2026-07-07 13:39:08] [LOAD      ] ✓ Loaded yahoofin_raw         (121 keys)
[2026-07-07 13:39:08] [LOAD      ] ✓ Loaded guidance             (129 keys)
[2026-07-07 13:39:08] [LOAD      ] ✓ Loaded prices               (5 keys)
[2026-07-07 13:39:08] [LOAD      ] ✓ Loaded nav                  (7 keys)
[2026-07-07 13:39:08] [LOAD      ] ✓ Loaded unified_symbols      (3 keys)
[2026-07-07 13:39:08] [TICKER    ] 
>>> Processing AADHARHFC
[2026-07-07 13:39:08] [SUCCESS   ] 
✓ AADHARHFC - Loaded 284 metrics across 28 sections
[2026-07-07 13:39:08] [SUMMARY   ]   Rejections: 2
[2026-07-07 13:39:08] [DETAIL    ]     - screener_raw | Quarterly Results | Raw PDF — always empty, excluded
[2026-07-07 13:39:08] [DETAIL    ]     - screener_raw | Insights | Paywalled — excluded
[2026-07-07 13:39:08] [TICKER    ] 
>>> Processing ABCAPITAL
[2026-07-07 13:39:08] [SUCCESS   ] 
✓ ABCAPITAL - Loaded 287 metrics across 28 sections
[2026-07-07 13:39:08] [SUMMARY   ]   Rejections: 2
[2026-07-07 13:39:08] [DETAIL    ]     - screener_raw | Quarterly Results | Raw PDF — always empty, excluded
[2026-07-07 13:39:08] [DETAIL    ]     - screener_raw | Insights | Paywalled — excluded
[2026-07-07 13:39:08] [TICKER    ] 
>>> Processing ABFRL
[2026-07-07 13:39:08] [SUCCESS   ] 
✓ ABFRL - Loaded 295 metrics across 28 sections
[2026-07-07 13:39:08] [SUMMARY   ]   Rejections: 2
[2026-07-07 13:39:08] [DETAIL    ]     - screener_raw | Quarterly Results | Raw PDF — always empty, excluded
[2026-07-07 13:39:08] [DETAIL    ]     - screener_raw | Insights | Paywalled — excluded
[2026-07-07 13:39:08] [TICKER    ] 
>>> Processing ACMESOLAR
[2026-07-07 13:39:08] [SUCCESS   ] 
✓ ACMESOLAR - Loaded 298 metrics across 28 sections
[2026-07-07 13:39:08] [SUMMARY   ]   Rejections: 2
[2026-07-07 13:39:08] [DETAIL    ]     - screener_raw | Quarterly Results | Raw PDF — always empty, excluded
[2026-07-07 13:39:08] [DETAIL    ]     - screener_raw | Insights | Paywalled — excluded
[2026-07-07 13:39:08] [TICKER    ] 
>>> Processing AEROENTER
[2026-07-07 13:39:08] [SUCCESS   ] 
✓ AEROENTER - Loaded 291 metrics across 28 sections
[2026-07-07 13:39:08] [SUMMARY   ]   Rejections: 2
[2026-07-07 13:39:08] [DETAIL    ]     - screener_raw | Quarterly Results | Raw PDF — always empty, excluded
[2026-07-07 13:39:08] [DETAIL    ]     - screener_raw | Insights | Paywalled — excluded
[2026-07-07 13:39:08] [TICKER    ] 
>>> Processing AFCONS
[2026-07-07 13:39:08] [SUCCESS   ] 
✓ AFCONS - Loaded 296 metrics across 28 sections
[2026-07-07 13:39:08] [SUMMARY   ]   Rejections: 2
[2026-07-07 13:39:08] [DETAIL    ]     - screener_raw | Quarterly Results | Raw PDF — always empty, excluded
[2026-07-07 13:39:08] [DETAIL    ]     - screener_raw | Insights | Paywalled — excluded
[2026-07-07 13:39:08] [TICKER    ] 
>>> Processing APOLLOHOSP
[2026-07-07 13:39:08] [SUCCESS   ] 
✓ APOLLOHOSP - Loaded 311 metrics across 29 sections
[2026-07-07 13:39:08] [SUMMARY   ]   Rejections: 2
[2026-07-07 13:39:08] [DETAIL    ]     - screener_raw | Quarterly Results | Raw PDF — always empty, excluded
[2026-07-07 13:39:08] [DETAIL    ]     - screener_raw | Insights | Paywalled — excluded
[2026-07-07 13:39:08] [TICKER    ] 
>>> Processing ARE&M
[2026-07-07 13:39:08] [SUCCESS   ] 
✓ ARE&M - Loaded 308 metrics across 28 sections
[2026-07-07 13:39:08] [SUMMARY   ]   Rejections: 2
[2026-07-07 13:39:08] [DETAIL    ]     - screener_raw | Quarterly Results | Raw PDF — always empty, excluded
[2026-07-07 13:39:08] [DETAIL    ]     - screener_raw | Insights | Paywalled — excluded
[2026-07-07 13:39:08] [TICKER    ] 
>>> Processing ARROWGREEN
[2026-07-07 13:39:08] [SUCCESS   ] 
✓ ARROWGREEN - Loaded 289 metrics across 28 sections
[2026-07-07 13:39:08] [SUMMARY   ]   Rejections: 2
[2026-07-07 13:39:08] [DETAIL    ]     - screener_raw | Quarterly Results | Raw PDF — always empty, excluded
[2026-07-07 13:39:08] [DETAIL    ]     - screener_raw | Insights | Paywalled — excluded
[2026-07-07 13:39:08] [TICKER    ] 
>>> Processing ASALCBR
[2026-07-07 13:39:08] [SUCCESS   ] 
✓ ASALCBR - Loaded 299 metrics across 28 sections
[2026-07-07 13:39:08] [SUMMARY   ]   Rejections: 2
[2026-07-07 13:39:08] [DETAIL    ]     - screener_raw | Quarterly Results | Raw PDF — always empty, excluded
[2026-07-07 13:39:08] [DETAIL    ]     - screener_raw | Insights | Paywalled — excluded
[2026-07-07 13:39:08] [TICKER    ] 
>>> Processing AVANTEL
[2026-07-07 13:39:08] [SUCCESS   ] 
✓ AVANTEL - Loaded 292 metrics across 28 sections
[2026-07-07 13:39:08] [SUMMARY   ]   Rejections: 2
[2026-07-07 13:39:08] [DETAIL    ]     - screener_raw | Quarterly Results | Raw PDF — always empty, excluded
[2026-07-07 13:39:08] [DETAIL    ]     - screener_raw | Insights | Paywalled — excluded
[2026-07-07 13:39:08] [TICKER    ] 
>>> Processing AVANTIFEED
[2026-07-07 13:39:08] [SUCCESS   ] 
✓ AVANTIFEED - Loaded 303 metrics across 28 sections
[2026-07-07 13:39:08] [SUMMARY   ]   Rejections: 2
[2026-07-07 13:39:08] [DETAIL    ]     - screener_raw | Quarterly Results | Raw PDF — always empty, excluded
[2026-07-07 13:39:08] [DETAIL    ]     - screener_raw | Insights | Paywalled — excluded
[2026-07-07 13:39:08] [TICKER    ] 
>>> Processing AWHCL
[2026-07-07 13:39:08] [SUCCESS   ] 
✓ AWHCL - Loaded 295 metrics across 28 sections
[2026-07-07 13:39:08] [SUMMARY   ]   Rejections: 2
[2026-07-07 13:39:08] [DETAIL    ]     - screener_raw | Quarterly Results | Raw PDF — always empty, excluded
[2026-07-07 13:39:08] [DETAIL    ]     - screener_raw | Insights | Paywalled — excluded
[2026-07-07 13:39:08] [TICKER    ] 
>>> Processing AZAD
[2026-07-07 13:39:08] [SUCCESS   ] 
✓ AZAD - Loaded 293 metrics across 28 sections
[2026-07-07 13:39:08] [SUMMARY   ]   Rejections: 2
[2026-07-07 13:39:08] [DETAIL    ]     - screener_raw | Quarterly Results | Raw PDF — always empty, excluded
[2026-07-07 13:39:08] [DETAIL    ]     - screener_raw | Insights | Paywalled — excluded
[2026-07-07 13:39:08] [TICKER    ] 
>>> Processing AZADIND
[2026-07-07 13:39:08] [SUCCESS   ] 
✓ AZADIND - Loaded 286 metrics across 28 sections
[2026-07-07 13:39:08] [SUMMARY   ]   Rejections: 2
[2026-07-07 13:39:08] [DETAIL    ]     - screener_raw | Quarterly Results | Raw PDF — always empty, excluded
[2026-07-07 13:39:08] [DETAIL    ]     - screener_raw | Insights | Paywalled — excluded
[2026-07-07 13:39:08] [TICKER    ] 
>>> Processing BDL
[2026-07-07 13:39:08] [SUCCESS   ] 
✓ BDL - Loaded 304 metrics across 28 sections
[2026-07-07 13:39:08] [SUMMARY   ]   Rejections: 2
[2026-07-07 13:39:08] [DETAIL    ]     - screener_raw | Quarterly Results | Raw PDF — always empty, excluded
[2026-07-07 13:39:08] [DETAIL    ]     - screener_raw | Insights | Paywalled — excluded
[2026-07-07 13:39:08] [TICKER    ] 
>>> Processing BIOCON
[2026-07-07 13:39:08] [SUCCESS   ] 
✓ BIOCON - Loaded 314 metrics across 29 sections
[2026-07-07 13:39:08] [SUMMARY   ]   Rejections: 2
[2026-07-07 13:39:08] [DETAIL    ]     - screener_raw | Quarterly Results | Raw PDF — always empty, excluded
[2026-07-07 13:39:08] [DETAIL    ]     - screener_raw | Insights | Paywalled — excluded
[2026-07-07 13:39:08] [TICKER    ] 
>>> Processing BLACKBOX
[2026-07-07 13:39:08] [SUCCESS   ] 
✓ BLACKBOX - Loaded 310 metrics across 28 sections
[2026-07-07 13:39:08] [SUMMARY   ]   Rejections: 2
[2026-07-07 13:39:08] [DETAIL    ]     - screener_raw | Quarterly Results | Raw PDF — always empty, excluded
[2026-07-07 13:39:08] [DETAIL    ]     - screener_raw | Insights | Paywalled — excluded
[2026-07-07 13:39:08] [TICKER    ] 
>>> Processing CAPITALNUM
[2026-07-07 13:39:08] [SUCCESS   ] 
✓ CAPITALNUM - Loaded 277 metrics across 27 sections
[2026-07-07 13:39:08] [SUMMARY   ]   Rejections: 2
[2026-07-07 13:39:08] [DETAIL    ]     - screener_raw | Half Yearly Results | Raw PDF — always empty, excluded
[2026-07-07 13:39:08] [DETAIL    ]     - screener_raw | Insights | Paywalled — excluded
[2026-07-07 13:39:08] [TICKER    ] 
>>> Processing CDSL
[2026-07-07 13:39:08] [SUCCESS   ] 
✓ CDSL - Loaded 302 metrics across 28 sections
[2026-07-07 13:39:08] [SUMMARY   ]   Rejections: 2
[2026-07-07 13:39:08] [DETAIL    ]     - screener_raw | Quarterly Results | Raw PDF — always empty, excluded
[2026-07-07 13:39:08] [DETAIL    ]     - screener_raw | Insights | Paywalled — excluded
[2026-07-07 13:39:08] [TICKER    ] 
>>> Processing CELLO
[2026-07-07 13:39:08] [SUCCESS   ] 
✓ CELLO - Loaded 300 metrics across 28 sections
[2026-07-07 13:39:08] [SUMMARY   ]   Rejections: 2
[2026-07-07 13:39:08] [DETAIL    ]     - screener_raw | Quarterly Results | Raw PDF — always empty, excluded
[2026-07-07 13:39:08] [DETAIL    ]     - screener_raw | Insights | Paywalled — excluded
[2026-07-07 13:39:08] [TICKER    ] 
>>> Processing CHAMBLFERT
[2026-07-07 13:39:08] [SUCCESS   ] 
✓ CHAMBLFERT - Loaded 302 metrics across 28 sections
[2026-07-07 13:39:08] [SUMMARY   ]   Rejections: 2
[2026-07-07 13:39:08] [DETAIL    ]     - screener_raw | Quarterly Results | Raw PDF — always empty, excluded
[2026-07-07 13:39:08] [DETAIL    ]     - screener_raw | Insights | Paywalled — excluded
[2026-07-07 13:39:08] [TICKER    ] 
>>> Processing COCHINSHIP
[2026-07-07 13:39:08] [SUCCESS   ] 
✓ COCHINSHIP - Loaded 302 metrics across 28 sections
[2026-07-07 13:39:08] [SUMMARY   ]   Rejections: 2
[2026-07-07 13:39:08] [DETAIL    ]     - screener_raw | Quarterly Results | Raw PDF — always empty, excluded
[2026-07-07 13:39:08] [DETAIL    ]     - screener_raw | Insights | Paywalled — excluded
[2026-07-07 13:39:08] [TICKER    ] 
>>> Processing COFORGE
[2026-07-07 13:39:08] [SUCCESS   ] 
✓ COFORGE - Loaded 308 metrics across 28 sections
[2026-07-07 13:39:08] [SUMMARY   ]   Rejections: 2
[2026-07-07 13:39:08] [DETAIL    ]     - screener_raw | Quarterly Results | Raw PDF — always empty, excluded
[2026-07-07 13:39:08] [DETAIL    ]     - screener_raw | Insights | Paywalled — excluded
[2026-07-07 13:39:08] [TICKER    ] 
>>> Processing DATAMATICS
[2026-07-07 13:39:08] [SUCCESS   ] 
✓ DATAMATICS - Loaded 302 metrics across 28 sections
[2026-07-07 13:39:08] [SUMMARY   ]   Rejections: 2
[2026-07-07 13:39:08] [DETAIL    ]     - screener_raw | Quarterly Results | Raw PDF — always empty, excluded
[2026-07-07 13:39:08] [DETAIL    ]     - screener_raw | Insights | Paywalled — excluded
[2026-07-07 13:39:08] [TICKER    ] 
>>> Processing DATAPATTNS
[2026-07-07 13:39:08] [SUCCESS   ] 
✓ DATAPATTNS - Loaded 299 metrics across 28 sections
[2026-07-07 13:39:08] [SUMMARY   ]   Rejections: 2
[2026-07-07 13:39:08] [DETAIL    ]     - screener_raw | Quarterly Results | Raw PDF — always empty, excluded
[2026-07-07 13:39:08] [DETAIL    ]     - screener_raw | Insights | Paywalled — excluded
[2026-07-07 13:39:08] [TICKER    ] 
>>> Processing DHARMAJ
[2026-07-07 13:39:08] [SUCCESS   ] 
✓ DHARMAJ - Loaded 281 metrics across 28 sections
[2026-07-07 13:39:08] [SUMMARY   ]   Rejections: 2
[2026-07-07 13:39:08] [DETAIL    ]     - screener_raw | Quarterly Results | Raw PDF — always empty, excluded
[2026-07-07 13:39:08] [DETAIL    ]     - screener_raw | Insights | Paywalled — excluded
[2026-07-07 13:39:08] [TICKER    ] 
>>> Processing DRREDDY
[2026-07-07 13:39:08] [SUCCESS   ] 
✓ DRREDDY - Loaded 307 metrics across 28 sections
[2026-07-07 13:39:08] [SUMMARY   ]   Rejections: 2
[2026-07-07 13:39:08] [DETAIL    ]     - screener_raw | Quarterly Results | Raw PDF — always empty, excluded
[2026-07-07 13:39:08] [DETAIL    ]     - screener_raw | Insights | Paywalled — excluded
[2026-07-07 13:39:08] [TICKER    ] 
>>> Processing ENGINERSIN
[2026-07-07 13:39:08] [SUCCESS   ] 
✓ ENGINERSIN - Loaded 302 metrics across 28 sections
[2026-07-07 13:39:08] [SUMMARY   ]   Rejections: 2
[2026-07-07 13:39:08] [DETAIL    ]     - screener_raw | Quarterly Results | Raw PDF — always empty, excluded
[2026-07-07 13:39:08] [DETAIL    ]     - screener_raw | Insights | Paywalled — excluded
[2026-07-07 13:39:08] [TICKER    ] 
>>> Processing EQUITASBNK
[2026-07-07 13:39:08] [WARN      ] EQUITASBNK | Yahoo fin values appear to be in USD (ratio=66x) — skipping gap-fill
[2026-07-07 13:39:08] [SUCCESS   ] 
✓ EQUITASBNK - Loaded 226 metrics across 26 sections
[2026-07-07 13:39:08] [SUMMARY   ]   Rejections: 2
[2026-07-07 13:39:08] [DETAIL    ]     - screener_raw | Quarterly Results | Raw PDF — always empty, excluded
[2026-07-07 13:39:08] [DETAIL    ]     - screener_raw | Insights | Paywalled — excluded
[2026-07-07 13:39:08] [TICKER    ] 
>>> Processing FEDERALBNK
[2026-07-07 13:39:08] [SUCCESS   ] 
✓ FEDERALBNK - Loaded 298 metrics across 29 sections
[2026-07-07 13:39:08] [SUMMARY   ]   Rejections: 2
[2026-07-07 13:39:08] [DETAIL    ]     - screener_raw | Quarterly Results | Raw PDF — always empty, excluded
[2026-07-07 13:39:08] [DETAIL    ]     - screener_raw | Insights | Paywalled — excluded
[2026-07-07 13:39:08] [TICKER    ] 
>>> Processing FINCABLES
[2026-07-07 13:39:08] [SUCCESS   ] 
✓ FINCABLES - Loaded 302 metrics across 28 sections
[2026-07-07 13:39:08] [SUMMARY   ]   Rejections: 2
[2026-07-07 13:39:08] [DETAIL    ]     - screener_raw | Quarterly Results | Raw PDF — always empty, excluded
[2026-07-07 13:39:08] [DETAIL    ]     - screener_raw | Insights | Paywalled — excluded
[2026-07-07 13:39:08] [TICKER    ] 
>>> Processing FSL
[2026-07-07 13:39:08] [SUCCESS   ] 
✓ FSL - Loaded 305 metrics across 28 sections
[2026-07-07 13:39:08] [SUMMARY   ]   Rejections: 2
[2026-07-07 13:39:08] [DETAIL    ]     - screener_raw | Quarterly Results | Raw PDF — always empty, excluded
[2026-07-07 13:39:08] [DETAIL    ]     - screener_raw | Insights | Paywalled — excluded
[2026-07-07 13:39:08] [TICKER    ] 
>>> Processing GANESHCP
[2026-07-07 13:39:08] [SUCCESS   ] 
✓ GANESHCP - Loaded 287 metrics across 28 sections
[2026-07-07 13:39:08] [SUMMARY   ]   Rejections: 2
[2026-07-07 13:39:08] [DETAIL    ]     - screener_raw | Quarterly Results | Raw PDF — always empty, excluded
[2026-07-07 13:39:08] [DETAIL    ]     - screener_raw | Insights | Paywalled — excluded
[2026-07-07 13:39:08] [TICKER    ] 
>>> Processing GESHIP
[2026-07-07 13:39:08] [SUCCESS   ] 
✓ GESHIP - Loaded 304 metrics across 28 sections
[2026-07-07 13:39:08] [SUMMARY   ]   Rejections: 2
[2026-07-07 13:39:08] [DETAIL    ]     - screener_raw | Quarterly Results | Raw PDF — always empty, excluded
[2026-07-07 13:39:08] [DETAIL    ]     - screener_raw | Insights | Paywalled — excluded
[2026-07-07 13:39:08] [TICKER    ] 
>>> Processing GMRAIRPORT
[2026-07-07 13:39:08] [SUCCESS   ] 
✓ GMRAIRPORT - Loaded 306 metrics across 29 sections
[2026-07-07 13:39:08] [SUMMARY   ]   Rejections: 2
[2026-07-07 13:39:08] [DETAIL    ]     - screener_raw | Quarterly Results | Raw PDF — always empty, excluded
[2026-07-07 13:39:08] [DETAIL    ]     - screener_raw | Insights | Paywalled — excluded
[2026-07-07 13:39:08] [TICKER    ] 
>>> Processing GRAPHITE
[2026-07-07 13:39:08] [SUCCESS   ] 
✓ GRAPHITE - Loaded 307 metrics across 29 sections
[2026-07-07 13:39:08] [SUMMARY   ]   Rejections: 2
[2026-07-07 13:39:08] [DETAIL    ]     - screener_raw | Quarterly Results | Raw PDF — always empty, excluded
[2026-07-07 13:39:08] [DETAIL    ]     - screener_raw | Insights | Paywalled — excluded
[2026-07-07 13:39:08] [TICKER    ] 
>>> Processing GREAVESCOT
[2026-07-07 13:39:08] [SUCCESS   ] 
✓ GREAVESCOT - Loaded 291 metrics across 28 sections
[2026-07-07 13:39:08] [SUMMARY   ]   Rejections: 2
[2026-07-07 13:39:08] [DETAIL    ]     - screener_raw | Quarterly Results | Raw PDF — always empty, excluded
[2026-07-07 13:39:08] [DETAIL    ]     - screener_raw | Insights | Paywalled — excluded
[2026-07-07 13:39:08] [TICKER    ] 
>>> Processing GRSE
[2026-07-07 13:39:08] [SUCCESS   ] 
✓ GRSE - Loaded 300 metrics across 28 sections
[2026-07-07 13:39:08] [SUMMARY   ]   Rejections: 2
[2026-07-07 13:39:08] [DETAIL    ]     - screener_raw | Quarterly Results | Raw PDF — always empty, excluded
[2026-07-07 13:39:08] [DETAIL    ]     - screener_raw | Insights | Paywalled — excluded
[2026-07-07 13:39:08] [TICKER    ] 
>>> Processing HAL
[2026-07-07 13:39:08] [SUCCESS   ] 
✓ HAL - Loaded 304 metrics across 28 sections
[2026-07-07 13:39:08] [SUMMARY   ]   Rejections: 2
[2026-07-07 13:39:08] [DETAIL    ]     - screener_raw | Quarterly Results | Raw PDF — always empty, excluded
[2026-07-07 13:39:08] [DETAIL    ]     - screener_raw | Insights | Paywalled — excluded
[2026-07-07 13:39:08] [TICKER    ] 
>>> Processing HBLENGINE
[2026-07-07 13:39:08] [SUCCESS   ] 
✓ HBLENGINE - Loaded 294 metrics across 28 sections
[2026-07-07 13:39:08] [SUMMARY   ]   Rejections: 2
[2026-07-07 13:39:08] [DETAIL    ]     - screener_raw | Quarterly Results | Raw PDF — always empty, excluded
[2026-07-07 13:39:08] [DETAIL    ]     - screener_raw | Insights | Paywalled — excluded
[2026-07-07 13:39:08] [TICKER    ] 
>>> Processing HDFCBANK
[2026-07-07 13:39:08] [SUCCESS   ] 
✓ HDFCBANK - Loaded 294 metrics across 28 sections
[2026-07-07 13:39:08] [SUMMARY   ]   Rejections: 2
[2026-07-07 13:39:08] [DETAIL    ]     - screener_raw | Quarterly Results | Raw PDF — always empty, excluded
[2026-07-07 13:39:08] [DETAIL    ]     - screener_raw | Insights | Paywalled — excluded
[2026-07-07 13:39:08] [TICKER    ] 
>>> Processing HDFCLIFE
[2026-07-07 13:39:08] [WARN      ] HDFCLIFE | Yahoo fin values appear to be in USD (ratio=53x) — skipping gap-fill
[2026-07-07 13:39:08] [SUCCESS   ] 
✓ HDFCLIFE - Loaded 247 metrics across 27 sections
[2026-07-07 13:39:08] [SUMMARY   ]   Rejections: 2
[2026-07-07 13:39:08] [DETAIL    ]     - screener_raw | Quarterly Results | Raw PDF — always empty, excluded
[2026-07-07 13:39:08] [DETAIL    ]     - screener_raw | Insights | Paywalled — excluded
[2026-07-07 13:39:08] [TICKER    ] 
>>> Processing HEBL
[2026-07-07 13:39:08] [SUCCESS   ] 
✓ HEBL - Loaded 291 metrics across 28 sections
[2026-07-07 13:39:08] [SUMMARY   ]   Rejections: 2
[2026-07-07 13:39:08] [DETAIL    ]     - screener_raw | Quarterly Results | Raw PDF — always empty, excluded
[2026-07-07 13:39:08] [DETAIL    ]     - screener_raw | Insights | Paywalled — excluded
[2026-07-07 13:39:08] [TICKER    ] 
>>> Processing HINDCOPPER
[2026-07-07 13:39:08] [SUCCESS   ] 
✓ HINDCOPPER - Loaded 302 metrics across 28 sections
[2026-07-07 13:39:08] [SUMMARY   ]   Rejections: 2
[2026-07-07 13:39:08] [DETAIL    ]     - screener_raw | Quarterly Results | Raw PDF — always empty, excluded
[2026-07-07 13:39:08] [DETAIL    ]     - screener_raw | Insights | Paywalled — excluded
[2026-07-07 13:39:08] [TICKER    ] 
>>> Processing HINDZINC
[2026-07-07 13:39:08] [SUCCESS   ] 
✓ HINDZINC - Loaded 312 metrics across 29 sections
[2026-07-07 13:39:08] [SUMMARY   ]   Rejections: 2
[2026-07-07 13:39:08] [DETAIL    ]     - screener_raw | Quarterly Results | Raw PDF — always empty, excluded
[2026-07-07 13:39:08] [DETAIL    ]     - screener_raw | Insights | Paywalled — excluded
[2026-07-07 13:39:08] [TICKER    ] 
>>> Processing HIRECT
[2026-07-07 13:39:08] [SUCCESS   ] 
✓ HIRECT - Loaded 291 metrics across 28 sections
[2026-07-07 13:39:08] [SUMMARY   ]   Rejections: 2
[2026-07-07 13:39:08] [DETAIL    ]     - screener_raw | Quarterly Results | Raw PDF — always empty, excluded
[2026-07-07 13:39:08] [DETAIL    ]     - screener_raw | Insights | Paywalled — excluded
[2026-07-07 13:39:08] [TICKER    ] 
>>> Processing ICICIBANK
[2026-07-07 13:39:08] [SUCCESS   ] 
✓ ICICIBANK - Loaded 300 metrics across 29 sections
[2026-07-07 13:39:08] [SUMMARY   ]   Rejections: 2
[2026-07-07 13:39:08] [DETAIL    ]     - screener_raw | Quarterly Results | Raw PDF — always empty, excluded
[2026-07-07 13:39:08] [DETAIL    ]     - screener_raw | Insights | Paywalled — excluded
[2026-07-07 13:39:08] [TICKER    ] 
>>> Processing IDFCFIRSTB
[2026-07-07 13:39:08] [WARN      ] IDFCFIRSTB | Yahoo fin values appear to be in USD (ratio=25x) — skipping gap-fill
[2026-07-07 13:39:08] [SUCCESS   ] 
✓ IDFCFIRSTB - Loaded 226 metrics across 27 sections
[2026-07-07 13:39:08] [SUMMARY   ]   Rejections: 2
[2026-07-07 13:39:08] [DETAIL    ]     - screener_raw | Quarterly Results | Raw PDF — always empty, excluded
[2026-07-07 13:39:08] [DETAIL    ]     - screener_raw | Insights | Paywalled — excluded
[2026-07-07 13:39:08] [TICKER    ] 
>>> Processing IGIL
[2026-07-07 13:39:08] [SUCCESS   ] 
✓ IGIL - Loaded 298 metrics across 28 sections
[2026-07-07 13:39:08] [SUMMARY   ]   Rejections: 2
[2026-07-07 13:39:08] [DETAIL    ]     - screener_raw | Quarterly Results | Raw PDF — always empty, excluded
[2026-07-07 13:39:08] [DETAIL    ]     - screener_raw | Insights | Paywalled — excluded
[2026-07-07 13:39:08] [TICKER    ] 
>>> Processing INDIANB
[2026-07-07 13:39:08] [SUCCESS   ] 
✓ INDIANB - Loaded 290 metrics across 28 sections
[2026-07-07 13:39:08] [SUMMARY   ]   Rejections: 2
[2026-07-07 13:39:08] [DETAIL    ]     - screener_raw | Quarterly Results | Raw PDF — always empty, excluded
[2026-07-07 13:39:08] [DETAIL    ]     - screener_raw | Insights | Paywalled — excluded
[2026-07-07 13:39:08] [TICKER    ] 
>>> Processing INDOTECH
[2026-07-07 13:39:08] [SUCCESS   ] 
✓ INDOTECH - Loaded 287 metrics across 28 sections
[2026-07-07 13:39:08] [SUMMARY   ]   Rejections: 2
[2026-07-07 13:39:08] [DETAIL    ]     - screener_raw | Quarterly Results | Raw PDF — always empty, excluded
[2026-07-07 13:39:08] [DETAIL    ]     - screener_raw | Insights | Paywalled — excluded
[2026-07-07 13:39:08] [TICKER    ] 
>>> Processing INDUSTOWER
[2026-07-07 13:39:08] [SUCCESS   ] 
✓ INDUSTOWER - Loaded 311 metrics across 29 sections
[2026-07-07 13:39:08] [SUMMARY   ]   Rejections: 2
[2026-07-07 13:39:08] [DETAIL    ]     - screener_raw | Quarterly Results | Raw PDF — always empty, excluded
[2026-07-07 13:39:08] [DETAIL    ]     - screener_raw | Insights | Paywalled — excluded
[2026-07-07 13:39:08] [TICKER    ] 
>>> Processing INOXINDIA
[2026-07-07 13:39:08] [SUCCESS   ] 
✓ INOXINDIA - Loaded 300 metrics across 28 sections
[2026-07-07 13:39:08] [SUMMARY   ]   Rejections: 2
[2026-07-07 13:39:08] [DETAIL    ]     - screener_raw | Quarterly Results | Raw PDF — always empty, excluded
[2026-07-07 13:39:08] [DETAIL    ]     - screener_raw | Insights | Paywalled — excluded
[2026-07-07 13:39:08] [TICKER    ] 
>>> Processing INTELLECT
[2026-07-07 13:39:08] [SUCCESS   ] 
✓ INTELLECT - Loaded 304 metrics across 28 sections
[2026-07-07 13:39:08] [SUMMARY   ]   Rejections: 2
[2026-07-07 13:39:08] [DETAIL    ]     - screener_raw | Quarterly Results | Raw PDF — always empty, excluded
[2026-07-07 13:39:08] [DETAIL    ]     - screener_raw | Insights | Paywalled — excluded
[2026-07-07 13:39:08] [TICKER    ] 
>>> Processing INTERARCH
[2026-07-07 13:39:08] [SUCCESS   ] 
✓ INTERARCH - Loaded 299 metrics across 28 sections
[2026-07-07 13:39:08] [SUMMARY   ]   Rejections: 2
[2026-07-07 13:39:08] [DETAIL    ]     - screener_raw | Quarterly Results | Raw PDF — always empty, excluded
[2026-07-07 13:39:08] [DETAIL    ]     - screener_raw | Insights | Paywalled — excluded
[2026-07-07 13:39:08] [TICKER    ] 
>>> Processing IOC
[2026-07-07 13:39:08] [SUCCESS   ] 
✓ IOC - Loaded 310 metrics across 29 sections
[2026-07-07 13:39:08] [SUMMARY   ]   Rejections: 2
[2026-07-07 13:39:08] [DETAIL    ]     - screener_raw | Quarterly Results | Raw PDF — always empty, excluded
[2026-07-07 13:39:08] [DETAIL    ]     - screener_raw | Insights | Paywalled — excluded
[2026-07-07 13:39:08] [TICKER    ] 
>>> Processing IREDA
[2026-07-07 13:39:08] [SUCCESS   ] 
✓ IREDA - Loaded 283 metrics across 28 sections
[2026-07-07 13:39:08] [SUMMARY   ]   Rejections: 2
[2026-07-07 13:39:08] [DETAIL    ]     - screener_raw | Quarterly Results | Raw PDF — always empty, excluded
[2026-07-07 13:39:08] [DETAIL    ]     - screener_raw | Insights | Paywalled — excluded
[2026-07-07 13:39:08] [TICKER    ] 
>>> Processing ITC
[2026-07-07 13:39:08] [SUCCESS   ] 
✓ ITC - Loaded 312 metrics across 29 sections
[2026-07-07 13:39:08] [SUMMARY   ]   Rejections: 2
[2026-07-07 13:39:08] [DETAIL    ]     - screener_raw | Quarterly Results | Raw PDF — always empty, excluded
[2026-07-07 13:39:08] [DETAIL    ]     - screener_raw | Insights | Paywalled — excluded
[2026-07-07 13:39:08] [TICKER    ] 
>>> Processing JUNIORBEES
[2026-07-07 13:39:08] [SUCCESS   ] 
✓ JUNIORBEES - Loaded 119 metrics across 13 sections
[2026-07-07 13:39:08] [SUMMARY   ]   Rejections: 1
[2026-07-07 13:39:08] [DETAIL    ]     - screener_raw | Quarterly Results | Raw PDF — always empty, excluded
[2026-07-07 13:39:08] [TICKER    ] 
>>> Processing JYOTHYLAB
[2026-07-07 13:39:08] [SUCCESS   ] 
✓ JYOTHYLAB - Loaded 307 metrics across 28 sections
[2026-07-07 13:39:08] [SUMMARY   ]   Rejections: 2
[2026-07-07 13:39:08] [DETAIL    ]     - screener_raw | Quarterly Results | Raw PDF — always empty, excluded
[2026-07-07 13:39:08] [DETAIL    ]     - screener_raw | Insights | Paywalled — excluded
[2026-07-07 13:39:08] [TICKER    ] 
>>> Processing KAYNES
[2026-07-07 13:39:08] [SUCCESS   ] 
✓ KAYNES - Loaded 297 metrics across 28 sections
[2026-07-07 13:39:08] [SUMMARY   ]   Rejections: 2
[2026-07-07 13:39:08] [DETAIL    ]     - screener_raw | Quarterly Results | Raw PDF — always empty, excluded
[2026-07-07 13:39:08] [DETAIL    ]     - screener_raw | Insights | Paywalled — excluded
[2026-07-07 13:39:08] [TICKER    ] 
>>> Processing KEI
[2026-07-07 13:39:08] [SUCCESS   ] 
✓ KEI - Loaded 305 metrics across 28 sections
[2026-07-07 13:39:08] [SUMMARY   ]   Rejections: 2
[2026-07-07 13:39:08] [DETAIL    ]     - screener_raw | Quarterly Results | Raw PDF — always empty, excluded
[2026-07-07 13:39:08] [DETAIL    ]     - screener_raw | Insights | Paywalled — excluded
[2026-07-07 13:39:08] [TICKER    ] 
>>> Processing KPENERGY
[2026-07-07 13:39:08] [SUCCESS   ] 
✓ KPENERGY - Loaded 287 metrics across 28 sections
[2026-07-07 13:39:08] [SUMMARY   ]   Rejections: 2
[2026-07-07 13:39:08] [DETAIL    ]     - screener_raw | Quarterly Results | Raw PDF — always empty, excluded
[2026-07-07 13:39:08] [DETAIL    ]     - screener_raw | Insights | Paywalled — excluded
[2026-07-07 13:39:08] [TICKER    ] 
>>> Processing KPPL
[2026-07-07 13:39:08] [SUCCESS   ] 
✓ KPPL - Loaded 289 metrics across 28 sections
[2026-07-07 13:39:08] [SUMMARY   ]   Rejections: 2
[2026-07-07 13:39:08] [DETAIL    ]     - screener_raw | Quarterly Results | Raw PDF — always empty, excluded
[2026-07-07 13:39:08] [DETAIL    ]     - screener_raw | Insights | Paywalled — excluded
[2026-07-07 13:39:08] [TICKER    ] 
>>> Processing LMW
[2026-07-07 13:39:08] [SUCCESS   ] 
✓ LMW - Loaded 304 metrics across 28 sections
[2026-07-07 13:39:08] [SUMMARY   ]   Rejections: 2
[2026-07-07 13:39:08] [DETAIL    ]     - screener_raw | Quarterly Results | Raw PDF — always empty, excluded
[2026-07-07 13:39:08] [DETAIL    ]     - screener_raw | Insights | Paywalled — excluded
[2026-07-07 13:39:08] [TICKER    ] 
>>> Processing MAHABANK
[2026-07-07 13:39:08] [SUCCESS   ] 
✓ MAHABANK - Loaded 285 metrics across 28 sections
[2026-07-07 13:39:08] [SUMMARY   ]   Rejections: 2
[2026-07-07 13:39:08] [DETAIL    ]     - screener_raw | Quarterly Results | Raw PDF — always empty, excluded
[2026-07-07 13:39:08] [DETAIL    ]     - screener_raw | Insights | Paywalled — excluded
[2026-07-07 13:39:08] [TICKER    ] 
>>> Processing MAITHANALL
[2026-07-07 13:39:08] [SUCCESS   ] 
✓ MAITHANALL - Loaded 286 metrics across 28 sections
[2026-07-07 13:39:08] [SUMMARY   ]   Rejections: 2
[2026-07-07 13:39:08] [DETAIL    ]     - screener_raw | Quarterly Results | Raw PDF — always empty, excluded
[2026-07-07 13:39:08] [DETAIL    ]     - screener_raw | Insights | Paywalled — excluded
[2026-07-07 13:39:08] [TICKER    ] 
>>> Processing MAPMYINDIA
[2026-07-07 13:39:08] [SUCCESS   ] 
✓ MAPMYINDIA - Loaded 304 metrics across 28 sections
[2026-07-07 13:39:08] [SUMMARY   ]   Rejections: 2
[2026-07-07 13:39:08] [DETAIL    ]     - screener_raw | Quarterly Results | Raw PDF — always empty, excluded
[2026-07-07 13:39:08] [DETAIL    ]     - screener_raw | Insights | Paywalled — excluded
[2026-07-07 13:39:08] [TICKER    ] 
>>> Processing MARKSANS
[2026-07-07 13:39:08] [SUCCESS   ] 
✓ MARKSANS - Loaded 303 metrics across 28 sections
[2026-07-07 13:39:08] [SUMMARY   ]   Rejections: 2
[2026-07-07 13:39:08] [DETAIL    ]     - screener_raw | Quarterly Results | Raw PDF — always empty, excluded
[2026-07-07 13:39:08] [DETAIL    ]     - screener_raw | Insights | Paywalled — excluded
[2026-07-07 13:39:08] [TICKER    ] 
>>> Processing MBEL
[2026-07-07 13:39:08] [SUCCESS   ] 
✓ MBEL - Loaded 293 metrics across 28 sections
[2026-07-07 13:39:08] [SUMMARY   ]   Rejections: 2
[2026-07-07 13:39:08] [DETAIL    ]     - screener_raw | Quarterly Results | Raw PDF — always empty, excluded
[2026-07-07 13:39:08] [DETAIL    ]     - screener_raw | Insights | Paywalled — excluded
[2026-07-07 13:39:08] [TICKER    ] 
>>> Processing MCDOWELL-N
[2026-07-07 13:39:08] [SUCCESS   ] 
✓ MCDOWELL-N - Loaded 313 metrics across 29 sections
[2026-07-07 13:39:08] [SUMMARY   ]   Rejections: 2
[2026-07-07 13:39:08] [DETAIL    ]     - screener_raw | Quarterly Results | Raw PDF — always empty, excluded
[2026-07-07 13:39:08] [DETAIL    ]     - screener_raw | Insights | Paywalled — excluded
[2026-07-07 13:39:08] [TICKER    ] 
>>> Processing MEDANTA
[2026-07-07 13:39:08] [SUCCESS   ] 
✓ MEDANTA - Loaded 300 metrics across 28 sections
[2026-07-07 13:39:08] [SUMMARY   ]   Rejections: 2
[2026-07-07 13:39:08] [DETAIL    ]     - screener_raw | Quarterly Results | Raw PDF — always empty, excluded
[2026-07-07 13:39:08] [DETAIL    ]     - screener_raw | Insights | Paywalled — excluded
[2026-07-07 13:39:08] [TICKER    ] 
>>> Processing MMFL
[2026-07-07 13:39:08] [SUCCESS   ] 
✓ MMFL - Loaded 302 metrics across 28 sections
[2026-07-07 13:39:08] [SUMMARY   ]   Rejections: 2
[2026-07-07 13:39:08] [DETAIL    ]     - screener_raw | Quarterly Results | Raw PDF — always empty, excluded
[2026-07-07 13:39:08] [DETAIL    ]     - screener_raw | Insights | Paywalled — excluded
[2026-07-07 13:39:08] [TICKER    ] 
>>> Processing NAVA
[2026-07-07 13:39:08] [SUCCESS   ] 
✓ NAVA - Loaded 293 metrics across 28 sections
[2026-07-07 13:39:08] [SUMMARY   ]   Rejections: 2
[2026-07-07 13:39:08] [DETAIL    ]     - screener_raw | Quarterly Results | Raw PDF — always empty, excluded
[2026-07-07 13:39:08] [DETAIL    ]     - screener_raw | Insights | Paywalled — excluded
[2026-07-07 13:39:08] [TICKER    ] 
>>> Processing NCC
[2026-07-07 13:39:08] [SUCCESS   ] 
✓ NCC - Loaded 302 metrics across 28 sections
[2026-07-07 13:39:08] [SUMMARY   ]   Rejections: 2
[2026-07-07 13:39:08] [DETAIL    ]     - screener_raw | Quarterly Results | Raw PDF — always empty, excluded
[2026-07-07 13:39:08] [DETAIL    ]     - screener_raw | Insights | Paywalled — excluded
[2026-07-07 13:39:08] [TICKER    ] 
>>> Processing NETWEB
[2026-07-07 13:39:08] [SUCCESS   ] 
✓ NETWEB - Loaded 301 metrics across 28 sections
[2026-07-07 13:39:08] [SUMMARY   ]   Rejections: 2
[2026-07-07 13:39:08] [DETAIL    ]     - screener_raw | Quarterly Results | Raw PDF — always empty, excluded
[2026-07-07 13:39:08] [DETAIL    ]     - screener_raw | Insights | Paywalled — excluded
[2026-07-07 13:39:08] [TICKER    ] 
>>> Processing NIFTYBEES
[2026-07-07 13:39:08] [SUCCESS   ] 
✓ NIFTYBEES - Loaded 119 metrics across 13 sections
[2026-07-07 13:39:08] [SUMMARY   ]   Rejections: 1
[2026-07-07 13:39:08] [DETAIL    ]     - screener_raw | Quarterly Results | Raw PDF — always empty, excluded
[2026-07-07 13:39:08] [TICKER    ] 
>>> Processing OIL
[2026-07-07 13:39:08] [SUCCESS   ] 
✓ OIL - Loaded 310 metrics across 29 sections
[2026-07-07 13:39:08] [SUMMARY   ]   Rejections: 2
[2026-07-07 13:39:08] [DETAIL    ]     - screener_raw | Quarterly Results | Raw PDF — always empty, excluded
[2026-07-07 13:39:08] [DETAIL    ]     - screener_raw | Insights | Paywalled — excluded
[2026-07-07 13:39:08] [TICKER    ] 
>>> Processing PACEDIGITK
[2026-07-07 13:39:08] [SUCCESS   ] 
✓ PACEDIGITK - Loaded 294 metrics across 28 sections
[2026-07-07 13:39:08] [SUMMARY   ]   Rejections: 2
[2026-07-07 13:39:08] [DETAIL    ]     - screener_raw | Quarterly Results | Raw PDF — always empty, excluded
[2026-07-07 13:39:08] [DETAIL    ]     - screener_raw | Insights | Paywalled — excluded
[2026-07-07 13:39:08] [TICKER    ] 
>>> Processing PAISALO
[2026-07-07 13:39:08] [SUCCESS   ] 
✓ PAISALO - Loaded 290 metrics across 28 sections
[2026-07-07 13:39:08] [SUMMARY   ]   Rejections: 2
[2026-07-07 13:39:08] [DETAIL    ]     - screener_raw | Quarterly Results | Raw PDF — always empty, excluded
[2026-07-07 13:39:08] [DETAIL    ]     - screener_raw | Insights | Paywalled — excluded
[2026-07-07 13:39:08] [TICKER    ] 
>>> Processing PFC
[2026-07-07 13:39:08] [SUCCESS   ] 
✓ PFC - Loaded 299 metrics across 29 sections
[2026-07-07 13:39:08] [SUMMARY   ]   Rejections: 2
[2026-07-07 13:39:08] [DETAIL    ]     - screener_raw | Quarterly Results | Raw PDF — always empty, excluded
[2026-07-07 13:39:08] [DETAIL    ]     - screener_raw | Insights | Paywalled — excluded
[2026-07-07 13:39:08] [TICKER    ] 
>>> Processing PNB
[2026-07-07 13:39:08] [SUCCESS   ] 
✓ PNB - Loaded 299 metrics across 29 sections
[2026-07-07 13:39:08] [SUMMARY   ]   Rejections: 2
[2026-07-07 13:39:08] [DETAIL    ]     - screener_raw | Quarterly Results | Raw PDF — always empty, excluded
[2026-07-07 13:39:08] [DETAIL    ]     - screener_raw | Insights | Paywalled — excluded
[2026-07-07 13:39:08] [TICKER    ] 
>>> Processing POWERGRID
[2026-07-07 13:39:08] [SUCCESS   ] 
✓ POWERGRID - Loaded 310 metrics across 29 sections
[2026-07-07 13:39:08] [SUMMARY   ]   Rejections: 2
[2026-07-07 13:39:08] [DETAIL    ]     - screener_raw | Quarterly Results | Raw PDF — always empty, excluded
[2026-07-07 13:39:08] [DETAIL    ]     - screener_raw | Insights | Paywalled — excluded
[2026-07-07 13:39:08] [TICKER    ] 
>>> Processing PVRINOX
[2026-07-07 13:39:08] [SUCCESS   ] 
✓ PVRINOX - Loaded 301 metrics across 28 sections
[2026-07-07 13:39:08] [SUMMARY   ]   Rejections: 2
[2026-07-07 13:39:08] [DETAIL    ]     - screener_raw | Quarterly Results | Raw PDF — always empty, excluded
[2026-07-07 13:39:08] [DETAIL    ]     - screener_raw | Insights | Paywalled — excluded
[2026-07-07 13:39:08] [TICKER    ] 
>>> Processing QUALITY
[2026-07-07 13:39:08] [SUCCESS   ] 
✓ QUALITY - Loaded 297 metrics across 28 sections
[2026-07-07 13:39:08] [SUMMARY   ]   Rejections: 2
[2026-07-07 13:39:08] [DETAIL    ]     - screener_raw | Quarterly Results | Raw PDF — always empty, excluded
[2026-07-07 13:39:08] [DETAIL    ]     - screener_raw | Insights | Paywalled — excluded
[2026-07-07 13:39:08] [TICKER    ] 
>>> Processing RATEGAIN
[2026-07-07 13:39:08] [SUCCESS   ] 
✓ RATEGAIN - Loaded 299 metrics across 28 sections
[2026-07-07 13:39:08] [SUMMARY   ]   Rejections: 2
[2026-07-07 13:39:08] [DETAIL    ]     - screener_raw | Quarterly Results | Raw PDF — always empty, excluded
[2026-07-07 13:39:08] [DETAIL    ]     - screener_raw | Insights | Paywalled — excluded
[2026-07-07 13:39:08] [TICKER    ] 
>>> Processing RECLTD
[2026-07-07 13:39:08] [SUCCESS   ] 
✓ RECLTD - Loaded 302 metrics across 29 sections
[2026-07-07 13:39:08] [SUMMARY   ]   Rejections: 2
[2026-07-07 13:39:08] [DETAIL    ]     - screener_raw | Quarterly Results | Raw PDF — always empty, excluded
[2026-07-07 13:39:08] [DETAIL    ]     - screener_raw | Insights | Paywalled — excluded
[2026-07-07 13:39:08] [TICKER    ] 
>>> Processing REDTAPE
[2026-07-07 13:39:08] [SUCCESS   ] 
✓ REDTAPE - Loaded 291 metrics across 28 sections
[2026-07-07 13:39:08] [SUMMARY   ]   Rejections: 2
[2026-07-07 13:39:08] [DETAIL    ]     - screener_raw | Quarterly Results | Raw PDF — always empty, excluded
[2026-07-07 13:39:08] [DETAIL    ]     - screener_raw | Insights | Paywalled — excluded
[2026-07-07 13:39:08] [TICKER    ] 
>>> Processing REPCOHOME
[2026-07-07 13:39:08] [SUCCESS   ] 
✓ REPCOHOME - Loaded 287 metrics across 28 sections
[2026-07-07 13:39:08] [SUMMARY   ]   Rejections: 2
[2026-07-07 13:39:08] [DETAIL    ]     - screener_raw | Quarterly Results | Raw PDF — always empty, excluded
[2026-07-07 13:39:08] [DETAIL    ]     - screener_raw | Insights | Paywalled — excluded
[2026-07-07 13:39:08] [TICKER    ] 
>>> Processing REVATHI
[2026-07-07 13:39:08] [SUCCESS   ] 
✓ REVATHI - Loaded 280 metrics across 28 sections
[2026-07-07 13:39:08] [SUMMARY   ]   Rejections: 2
[2026-07-07 13:39:08] [DETAIL    ]     - screener_raw | Quarterly Results | Raw PDF — always empty, excluded
[2026-07-07 13:39:08] [DETAIL    ]     - screener_raw | Insights | Paywalled — excluded
[2026-07-07 13:39:08] [TICKER    ] 
>>> Processing ROSSTECH
[2026-07-07 13:39:08] [SUCCESS   ] 
✓ ROSSTECH - Loaded 287 metrics across 28 sections
[2026-07-07 13:39:08] [SUMMARY   ]   Rejections: 2
[2026-07-07 13:39:08] [DETAIL    ]     - screener_raw | Quarterly Results | Raw PDF — always empty, excluded
[2026-07-07 13:39:08] [DETAIL    ]     - screener_raw | Insights | Paywalled — excluded
[2026-07-07 13:39:08] [TICKER    ] 
>>> Processing S&SPOWER
[2026-07-07 13:39:08] [SUCCESS   ] 
✓ S&SPOWER - Loaded 280 metrics across 28 sections
[2026-07-07 13:39:08] [SUMMARY   ]   Rejections: 2
[2026-07-07 13:39:08] [DETAIL    ]     - screener_raw | Quarterly Results | Raw PDF — always empty, excluded
[2026-07-07 13:39:08] [DETAIL    ]     - screener_raw | Insights | Paywalled — excluded
[2026-07-07 13:39:08] [TICKER    ] 
>>> Processing SAGILITY
[2026-07-07 13:39:08] [SUCCESS   ] 
✓ SAGILITY - Loaded 304 metrics across 28 sections
[2026-07-07 13:39:08] [SUMMARY   ]   Rejections: 2
[2026-07-07 13:39:08] [DETAIL    ]     - screener_raw | Quarterly Results | Raw PDF — always empty, excluded
[2026-07-07 13:39:08] [DETAIL    ]     - screener_raw | Insights | Paywalled — excluded
[2026-07-07 13:39:08] [TICKER    ] 
>>> Processing SANDUMA
[2026-07-07 13:39:08] [SUCCESS   ] 
✓ SANDUMA - Loaded 291 metrics across 28 sections
[2026-07-07 13:39:08] [SUMMARY   ]   Rejections: 2
[2026-07-07 13:39:08] [DETAIL    ]     - screener_raw | Quarterly Results | Raw PDF — always empty, excluded
[2026-07-07 13:39:08] [DETAIL    ]     - screener_raw | Insights | Paywalled — excluded
[2026-07-07 13:39:08] [TICKER    ] 
>>> Processing SBIN
[2026-07-07 13:39:08] [SUCCESS   ] 
✓ SBIN - Loaded 301 metrics across 29 sections
[2026-07-07 13:39:08] [SUMMARY   ]   Rejections: 2
[2026-07-07 13:39:08] [DETAIL    ]     - screener_raw | Quarterly Results | Raw PDF — always empty, excluded
[2026-07-07 13:39:08] [DETAIL    ]     - screener_raw | Insights | Paywalled — excluded
[2026-07-07 13:39:08] [TICKER    ] 
>>> Processing SESHAPAPER
[2026-07-07 13:39:08] [SUCCESS   ] 
✓ SESHAPAPER - Loaded 294 metrics across 28 sections
[2026-07-07 13:39:08] [SUMMARY   ]   Rejections: 2
[2026-07-07 13:39:08] [DETAIL    ]     - screener_raw | Quarterly Results | Raw PDF — always empty, excluded
[2026-07-07 13:39:08] [DETAIL    ]     - screener_raw | Insights | Paywalled — excluded
[2026-07-07 13:39:08] [TICKER    ] 
>>> Processing SHILCHAR
[2026-07-07 13:39:08] [SUCCESS   ] 
✓ SHILCHAR - Loaded 284 metrics across 28 sections
[2026-07-07 13:39:08] [SUMMARY   ]   Rejections: 2
[2026-07-07 13:39:08] [DETAIL    ]     - screener_raw | Quarterly Results | Raw PDF — always empty, excluded
[2026-07-07 13:39:08] [DETAIL    ]     - screener_raw | Insights | Paywalled — excluded
[2026-07-07 13:39:08] [TICKER    ] 
>>> Processing SHREEREF
[2026-07-07 13:39:08] [SUCCESS   ] 
✓ SHREEREF - Loaded 271 metrics across 27 sections
[2026-07-07 13:39:08] [SUMMARY   ]   Rejections: 2
[2026-07-07 13:39:08] [DETAIL    ]     - screener_raw | Half Yearly Results | Raw PDF — always empty, excluded
[2026-07-07 13:39:08] [DETAIL    ]     - screener_raw | Insights | Paywalled — excluded
[2026-07-07 13:39:08] [TICKER    ] 
>>> Processing SIKA
[2026-07-07 13:39:08] [SUCCESS   ] 
✓ SIKA - Loaded 211 metrics across 26 sections
[2026-07-07 13:39:08] [SUMMARY   ]   Rejections: 2
[2026-07-07 13:39:08] [DETAIL    ]     - screener_raw | Quarterly Results | Raw PDF — always empty, excluded
[2026-07-07 13:39:08] [DETAIL    ]     - screener_raw | Insights | Paywalled — excluded
[2026-07-07 13:39:08] [TICKER    ] 
>>> Processing SKMEGGPROD
[2026-07-07 13:39:08] [SUCCESS   ] 
✓ SKMEGGPROD - Loaded 292 metrics across 28 sections
[2026-07-07 13:39:08] [SUMMARY   ]   Rejections: 2
[2026-07-07 13:39:08] [DETAIL    ]     - screener_raw | Quarterly Results | Raw PDF — always empty, excluded
[2026-07-07 13:39:08] [DETAIL    ]     - screener_raw | Insights | Paywalled — excluded
[2026-07-07 13:39:08] [TICKER    ] 
>>> Processing SUNFLAG
[2026-07-07 13:39:08] [SUCCESS   ] 
✓ SUNFLAG - Loaded 290 metrics across 28 sections
[2026-07-07 13:39:08] [SUMMARY   ]   Rejections: 2
[2026-07-07 13:39:08] [DETAIL    ]     - screener_raw | Quarterly Results | Raw PDF — always empty, excluded
[2026-07-07 13:39:08] [DETAIL    ]     - screener_raw | Insights | Paywalled — excluded
[2026-07-07 13:39:08] [TICKER    ] 
>>> Processing SUPRIYA
[2026-07-07 13:39:08] [SUCCESS   ] 
✓ SUPRIYA - Loaded 297 metrics across 28 sections
[2026-07-07 13:39:08] [SUMMARY   ]   Rejections: 2
[2026-07-07 13:39:08] [DETAIL    ]     - screener_raw | Quarterly Results | Raw PDF — always empty, excluded
[2026-07-07 13:39:08] [DETAIL    ]     - screener_raw | Insights | Paywalled — excluded
[2026-07-07 13:39:08] [TICKER    ] 
>>> Processing SUYOG
[2026-07-07 13:39:08] [SUCCESS   ] 
✓ SUYOG - Loaded 286 metrics across 28 sections
[2026-07-07 13:39:08] [SUMMARY   ]   Rejections: 2
[2026-07-07 13:39:08] [DETAIL    ]     - screener_raw | Quarterly Results | Raw PDF — always empty, excluded
[2026-07-07 13:39:08] [DETAIL    ]     - screener_raw | Insights | Paywalled — excluded
[2026-07-07 13:39:08] [TICKER    ] 
>>> Processing SUZLON
[2026-07-07 13:39:08] [SUCCESS   ] 
✓ SUZLON - Loaded 308 metrics across 29 sections
[2026-07-07 13:39:08] [SUMMARY   ]   Rejections: 2
[2026-07-07 13:39:08] [DETAIL    ]     - screener_raw | Quarterly Results | Raw PDF — always empty, excluded
[2026-07-07 13:39:08] [DETAIL    ]     - screener_raw | Insights | Paywalled — excluded
[2026-07-07 13:39:08] [TICKER    ] 
>>> Processing TATAPOWER
[2026-07-07 13:39:08] [SUCCESS   ] 
✓ TATAPOWER - Loaded 310 metrics across 29 sections
[2026-07-07 13:39:08] [SUMMARY   ]   Rejections: 2
[2026-07-07 13:39:08] [DETAIL    ]     - screener_raw | Quarterly Results | Raw PDF — always empty, excluded
[2026-07-07 13:39:08] [DETAIL    ]     - screener_raw | Insights | Paywalled — excluded
[2026-07-07 13:39:08] [TICKER    ] 
>>> Processing TDPOWERSYS
[2026-07-07 13:39:08] [SUCCESS   ] 
✓ TDPOWERSYS - Loaded 304 metrics across 28 sections
[2026-07-07 13:39:08] [SUMMARY   ]   Rejections: 2
[2026-07-07 13:39:08] [DETAIL    ]     - screener_raw | Quarterly Results | Raw PDF — always empty, excluded
[2026-07-07 13:39:08] [DETAIL    ]     - screener_raw | Insights | Paywalled — excluded
[2026-07-07 13:39:08] [TICKER    ] 
>>> Processing TITANBIO
[2026-07-07 13:39:08] [SUCCESS   ] 
✓ TITANBIO - Loaded 289 metrics across 28 sections
[2026-07-07 13:39:08] [SUMMARY   ]   Rejections: 2
[2026-07-07 13:39:08] [DETAIL    ]     - screener_raw | Quarterly Results | Raw PDF — always empty, excluded
[2026-07-07 13:39:08] [DETAIL    ]     - screener_raw | Insights | Paywalled — excluded
[2026-07-07 13:39:08] [TICKER    ] 
>>> Processing TRUALT
[2026-07-07 13:39:08] [SUCCESS   ] 
✓ TRUALT - Loaded 280 metrics across 28 sections
[2026-07-07 13:39:08] [SUMMARY   ]   Rejections: 2
[2026-07-07 13:39:08] [DETAIL    ]     - screener_raw | Quarterly Results | Raw PDF — always empty, excluded
[2026-07-07 13:39:08] [DETAIL    ]     - screener_raw | Insights | Paywalled — excluded
[2026-07-07 13:39:08] [TICKER    ] 
>>> Processing VAML
[2026-07-07 13:39:08] [SUCCESS   ] 
✓ VAML - Loaded 278 metrics across 27 sections
[2026-07-07 13:39:08] [SUMMARY   ]   Rejections: 2
[2026-07-07 13:39:08] [DETAIL    ]     - screener_raw | Quarterly Results | Raw PDF — always empty, excluded
[2026-07-07 13:39:08] [DETAIL    ]     - screener_raw | Insights | Paywalled — excluded
[2026-07-07 13:39:08] [TICKER    ] 
>>> Processing VEDL
[2026-07-07 13:39:08] [SUCCESS   ] 
✓ VEDL - Loaded 315 metrics across 29 sections
[2026-07-07 13:39:08] [SUMMARY   ]   Rejections: 2
[2026-07-07 13:39:08] [DETAIL    ]     - screener_raw | Quarterly Results | Raw PDF — always empty, excluded
[2026-07-07 13:39:08] [DETAIL    ]     - screener_raw | Insights | Paywalled — excluded
[2026-07-07 13:39:08] [TICKER    ] 
>>> Processing VEDPOWER
[2026-07-07 13:39:08] [SUCCESS   ] 
✓ VEDPOWER - Loaded 283 metrics across 28 sections
[2026-07-07 13:39:08] [SUMMARY   ]   Rejections: 1
[2026-07-07 13:39:08] [DETAIL    ]     - screener_raw | Quarterly Results | Raw PDF — always empty, excluded
[2026-07-07 13:39:08] [TICKER    ] 
>>> Processing VENTIVE
[2026-07-07 13:39:08] [SUCCESS   ] 
✓ VENTIVE - Loaded 295 metrics across 28 sections
[2026-07-07 13:39:08] [SUMMARY   ]   Rejections: 2
[2026-07-07 13:39:08] [DETAIL    ]     - screener_raw | Quarterly Results | Raw PDF — always empty, excluded
[2026-07-07 13:39:08] [DETAIL    ]     - screener_raw | Insights | Paywalled — excluded
[2026-07-07 13:39:08] [TICKER    ] 
>>> Processing VISL
[2026-07-07 13:39:08] [SUCCESS   ] 
✓ VISL - Loaded 258 metrics across 26 sections
[2026-07-07 13:39:08] [SUMMARY   ]   Rejections: 1
[2026-07-07 13:39:08] [DETAIL    ]     - screener_raw | Quarterly Results | Raw PDF — always empty, excluded
[2026-07-07 13:39:08] [TICKER    ] 
>>> Processing VOGL
[2026-07-07 13:39:08] [SUCCESS   ] 
✓ VOGL - Loaded 253 metrics across 26 sections
[2026-07-07 13:39:08] [SUMMARY   ]   Rejections: 1
[2026-07-07 13:39:08] [DETAIL    ]     - screener_raw | Quarterly Results | Raw PDF — always empty, excluded
[2026-07-07 13:39:08] [TICKER    ] 
>>> Processing VOLTAMP
[2026-07-07 13:39:08] [SUCCESS   ] 
✓ VOLTAMP - Loaded 303 metrics across 28 sections
[2026-07-07 13:39:08] [SUMMARY   ]   Rejections: 2
[2026-07-07 13:39:08] [DETAIL    ]     - screener_raw | Quarterly Results | Raw PDF — always empty, excluded
[2026-07-07 13:39:08] [DETAIL    ]     - screener_raw | Insights | Paywalled — excluded
[2026-07-07 13:39:08] [TICKER    ] 
>>> Processing WEWORK
[2026-07-07 13:39:08] [SUCCESS   ] 
✓ WEWORK - Loaded 294 metrics across 28 sections
[2026-07-07 13:39:08] [SUMMARY   ]   Rejections: 2
[2026-07-07 13:39:08] [DETAIL    ]     - screener_raw | Quarterly Results | Raw PDF — always empty, excluded
[2026-07-07 13:39:08] [DETAIL    ]     - screener_raw | Insights | Paywalled — excluded
[2026-07-07 13:39:08] [TICKER    ] 
>>> Processing ZENTEC
[2026-07-07 13:39:08] [SUCCESS   ] 
✓ ZENTEC - Loaded 304 metrics across 28 sections
[2026-07-07 13:39:08] [SUMMARY   ]   Rejections: 2
[2026-07-07 13:39:08] [DETAIL    ]     - screener_raw | Quarterly Results | Raw PDF — always empty, excluded
[2026-07-07 13:39:08] [DETAIL    ]     - screener_raw | Insights | Paywalled — excluded
[2026-07-07 13:39:08] [TICKER    ] 
>>> Processing ZINKA
[2026-07-07 13:39:08] [SUCCESS   ] 
✓ ZINKA - Loaded 294 metrics across 28 sections
[2026-07-07 13:39:08] [SUMMARY   ]   Rejections: 2
[2026-07-07 13:39:08] [DETAIL    ]     - screener_raw | Quarterly Results | Raw PDF — always empty, excluded
[2026-07-07 13:39:08] [DETAIL    ]     - screener_raw | Insights | Paywalled — excluded
[2026-07-07 13:39:08] [TICKER    ] 
>>> Processing ICICI PRUDENTIAL TECHNOLOGY FUND GROWTH
[2026-07-07 13:39:08] [SUCCESS   ] 
✓ ICICI PRUDENTIAL TECHNOLOGY FUND GROWTH - Loaded 10 metrics across 3 sections
[2026-07-07 13:39:08] [TICKER    ] 
>>> Processing KOTAK FLEXICAP FUND GROWTH
[2026-07-07 13:39:08] [SUCCESS   ] 
✓ KOTAK FLEXICAP FUND GROWTH - Loaded 10 metrics across 3 sections
[2026-07-07 13:39:08] [TICKER    ] 
>>> Processing MIRAEAMC - SMALLCAP
[2026-07-07 13:39:08] [SUCCESS   ] 
✓ MIRAEAMC - SMALLCAP - Loaded 31 metrics across 5 sections
[2026-07-07 13:39:08] [TICKER    ] 
>>> Processing NIPPON INDIA FOCUSED FUND GROWTH PLAN
[2026-07-07 13:39:08] [SUCCESS   ] 
✓ NIPPON INDIA FOCUSED FUND GROWTH PLAN - Loaded 10 metrics across 3 sections
[2026-07-07 13:39:08] [TICKER    ] 
>>> Processing QSIF EQUITY LONG-SHORT FUND-REGULAR PLAN-GROWTH
[2026-07-07 13:39:08] [SUCCESS   ] 
✓ QSIF EQUITY LONG-SHORT FUND-REGULAR PLAN-GROWTH - Loaded 10 metrics across 3 sections
[2026-07-07 13:39:08] [TICKER    ] 
>>> Processing SBI SMALL CAP FUND REGULAR GROWTH
[2026-07-07 13:39:08] [SUCCESS   ] 
✓ SBI SMALL CAP FUND REGULAR GROWTH - Loaded 10 metrics across 3 sections
[2026-07-07 13:39:08] [TICKER    ] 
>>> Processing SGBFEB32IV
[2026-07-07 13:39:08] [SUCCESS   ] 
✓ SGBFEB32IV - Loaded 31 metrics across 5 sections

========================================================================================================================
SAVING OUTPUT
========================================================================================================================
[2026-07-07 13:39:09] [SAVE      ] Output saved: /home/runner/work/bharatmarkets/bharatmarkets/data/market_data_raw.json
[2026-07-07 13:39:09] [SAVE      ] File size: 16395564 bytes (16011.29 KB)

========================================================================================================================
FINAL SUMMARY
========================================================================================================================
[2026-07-07 13:39:09] [COMPLETE  ] Processed 126 tickers successfully
[2026-07-07 13:39:09] [COMPLETE  ] Output file size: 16395564 bytes
[2026-07-07 13:39:09] [COMPLETE  ] Completed: 2026-07-07 13:39:09
