2026-06-20 11:02:58,843 - INFO - Reading /home/runner/work/bharatmarkets/bharatmarkets/data/market_data_raw.json …
2026-06-20 11:02:58,933 - INFO -   ✓ Loaded unified-symbols.json (127 tickers with sector)
2026-06-20 11:02:58,934 - INFO -   ✓ Loaded portfolio holdings (127 tickers)
2026-06-20 11:02:58,945 - INFO -   ✓ Loaded guidance.json (126 tickers)
2026-06-20 11:02:58,945 - INFO -   ✓ Loaded nav_ltp.json (6 tickers matched)
2026-06-20 11:02:58,947 - INFO -   [  1/127] AADHARHFC
2026-06-20 11:02:58,950 - INFO -   [  2/127] ABCAPITAL
2026-06-20 11:02:58,953 - INFO -   [  3/127] ABFRL
2026-06-20 11:02:58,955 - INFO -   [  4/127] ACMESOLAR
2026-06-20 11:02:58,958 - INFO -   [  5/127] AEROENTER
2026-06-20 11:02:58,960 - INFO -   [  6/127] AFCONS
2026-06-20 11:02:58,963 - INFO -   [  7/127] APOLLOHOSP
2026-06-20 11:02:58,965 - INFO -   [  8/127] ARE&M
2026-06-20 11:02:58,968 - INFO -   [  9/127] ARROWGREEN
2026-06-20 11:02:58,970 - INFO -   [ 10/127] ASALCBR
2026-06-20 11:02:58,973 - INFO -   [ 11/127] ASHOKA
2026-06-20 11:02:58,975 - INFO -   [ 12/127] AVANTEL
2026-06-20 11:02:58,978 - INFO -   [ 13/127] AVANTIFEED
2026-06-20 11:02:58,981 - INFO -   [ 14/127] AWHCL
2026-06-20 11:02:58,983 - INFO -   [ 15/127] AZAD
2026-06-20 11:02:58,985 - INFO -   [ 16/127] AZADIND
2026-06-20 11:02:58,987 - INFO -   [ 17/127] BDL
2026-06-20 11:02:58,990 - INFO -   [ 18/127] BIOCON
2026-06-20 11:02:58,993 - INFO -   [ 19/127] BLACKBOX
2026-06-20 11:02:58,995 - INFO -   [ 20/127] CAPITALNUM
2026-06-20 11:02:58,997 - INFO -   [ 21/127] CDSL
2026-06-20 11:02:58,999 - INFO -   [ 22/127] CELLO
2026-06-20 11:02:59,002 - INFO -   [ 23/127] CHAMBLFERT
2026-06-20 11:02:59,004 - INFO -   [ 24/127] COCHINSHIP
2026-06-20 11:02:59,008 - INFO -   [ 25/127] COFORGE
2026-06-20 11:02:59,011 - INFO -   [ 26/127] DATAMATICS
2026-06-20 11:02:59,013 - INFO -   [ 27/127] DATAPATTNS
2026-06-20 11:02:59,015 - INFO -   [ 28/127] DHARMAJ
2026-06-20 11:02:59,018 - INFO -   [ 29/127] DRREDDY
2026-06-20 11:02:59,021 - INFO -   [ 30/127] ENGINERSIN
2026-06-20 11:02:59,023 - INFO -   [ 31/127] EQUITASBNK
2026-06-20 11:02:59,026 - INFO -   [ 32/127] FEDERALBNK
2026-06-20 11:02:59,029 - INFO -   [ 33/127] FINCABLES
2026-06-20 11:02:59,032 - INFO -   [ 34/127] FSL
2026-06-20 11:02:59,034 - INFO -   [ 35/127] GANESHCP
2026-06-20 11:02:59,037 - INFO -   [ 36/127] GESHIP
2026-06-20 11:02:59,039 - INFO -   [ 37/127] GMRAIRPORT
2026-06-20 11:02:59,042 - INFO -   [ 38/127] GRAPHITE
2026-06-20 11:02:59,045 - INFO -   [ 39/127] GREAVESCOT
2026-06-20 11:02:59,048 - INFO -   [ 40/127] GRSE
2026-06-20 11:02:59,051 - INFO -   [ 41/127] HAL
2026-06-20 11:02:59,056 - INFO -   [ 42/127] HBLENGINE
2026-06-20 11:02:59,061 - INFO -   [ 43/127] HDFCBANK
2026-06-20 11:02:59,063 - INFO -   [ 44/127] HDFCLIFE
2026-06-20 11:02:59,066 - INFO -   [ 45/127] HEBL
2026-06-20 11:02:59,068 - INFO -   [ 46/127] HINDCOPPER
2026-06-20 11:02:59,071 - INFO -   [ 47/127] HINDZINC
2026-06-20 11:02:59,073 - INFO -   [ 48/127] HIRECT
2026-06-20 11:02:59,076 - INFO -   [ 49/127] ICICIBANK
2026-06-20 11:02:59,078 - INFO -   [ 50/127] IDFCFIRSTB
2026-06-20 11:02:59,080 - INFO -   [ 51/127] IGIL
2026-06-20 11:02:59,083 - INFO -   [ 52/127] INDIANB
2026-06-20 11:02:59,086 - INFO -   [ 53/127] INDOTECH
2026-06-20 11:02:59,088 - INFO -   [ 54/127] INDUSTOWER
2026-06-20 11:02:59,091 - INFO -   [ 55/127] INOXINDIA
2026-06-20 11:02:59,093 - INFO -   [ 56/127] INTELLECT
2026-06-20 11:02:59,095 - INFO -   [ 57/127] INTERARCH
2026-06-20 11:02:59,098 - INFO -   [ 58/127] IOC
2026-06-20 11:02:59,100 - INFO -   [ 59/127] IREDA
2026-06-20 11:02:59,103 - INFO -   [ 60/127] ITC
2026-06-20 11:02:59,103 - INFO -   [ 61/127] JUNIORBEES
2026-06-20 11:02:59,106 - INFO -   [ 62/127] JYOTHYLAB
2026-06-20 11:02:59,108 - INFO -   [ 63/127] KAYNES
2026-06-20 11:02:59,111 - INFO -   [ 64/127] KEI
2026-06-20 11:02:59,114 - INFO -   [ 65/127] KPENERGY
2026-06-20 11:02:59,116 - INFO -   [ 66/127] KPPL
2026-06-20 11:02:59,119 - INFO -   [ 67/127] LMW
2026-06-20 11:02:59,122 - INFO -   [ 68/127] MAHABANK
2026-06-20 11:02:59,124 - INFO -   [ 69/127] MAITHANALL
2026-06-20 11:02:59,127 - INFO -   [ 70/127] MAPMYINDIA
2026-06-20 11:02:59,129 - INFO -   [ 71/127] MARKSANS
2026-06-20 11:02:59,131 - INFO -   [ 72/127] MBEL
2026-06-20 11:02:59,134 - INFO -   [ 73/127] MCDOWELL-N
2026-06-20 11:02:59,136 - INFO -   [ 74/127] MEDANTA
2026-06-20 11:02:59,139 - INFO -   [ 75/127] MMFL
2026-06-20 11:02:59,142 - INFO -   [ 76/127] NAVA
2026-06-20 11:02:59,144 - INFO -   [ 77/127] NCC
2026-06-20 11:02:59,158 - INFO -   [ 78/127] NETWEB
2026-06-20 11:02:59,159 - INFO -   [ 79/127] NIFTYBEES
2026-06-20 11:02:59,162 - INFO -   [ 80/127] OIL
2026-06-20 11:02:59,165 - INFO -   [ 81/127] PACEDIGITK
2026-06-20 11:02:59,167 - INFO -   [ 82/127] PAISALO
2026-06-20 11:02:59,170 - INFO -   [ 83/127] PFC
2026-06-20 11:02:59,173 - INFO -   [ 84/127] PNB
2026-06-20 11:02:59,176 - INFO -   [ 85/127] POWERGRID
2026-06-20 11:02:59,178 - INFO -   [ 86/127] PVRINOX
2026-06-20 11:02:59,180 - INFO -   [ 87/127] QUALITY
2026-06-20 11:02:59,182 - INFO -   [ 88/127] RATEGAIN
2026-06-20 11:02:59,185 - INFO -   [ 89/127] RECLTD
2026-06-20 11:02:59,187 - INFO -   [ 90/127] REDTAPE
2026-06-20 11:02:59,189 - INFO -   [ 91/127] REPCOHOME
2026-06-20 11:02:59,191 - INFO -   [ 92/127] REVATHI
2026-06-20 11:02:59,193 - INFO -   [ 93/127] ROSSTECH
2026-06-20 11:02:59,196 - INFO -   [ 94/127] S&SPOWER
2026-06-20 11:02:59,197 - INFO -   [ 95/127] SAGILITY
2026-06-20 11:02:59,200 - INFO -   [ 96/127] SANDUMA
2026-06-20 11:02:59,203 - INFO -   [ 97/127] SBIN
2026-06-20 11:02:59,205 - INFO -   [ 98/127] SESHAPAPER
2026-06-20 11:02:59,208 - INFO -   [ 99/127] SHILCHAR
2026-06-20 11:02:59,209 - INFO -   [100/127] SHREEREF
2026-06-20 11:02:59,212 - INFO -   [101/127] SIKA
2026-06-20 11:02:59,215 - INFO -   [102/127] SKMEGGPROD
2026-06-20 11:02:59,217 - INFO -   [103/127] SUNFLAG
2026-06-20 11:02:59,220 - INFO -   [104/127] SUPRIYA
2026-06-20 11:02:59,222 - INFO -   [105/127] SUYOG
2026-06-20 11:02:59,224 - INFO -   [106/127] SUZLON
2026-06-20 11:02:59,227 - INFO -   [107/127] TATAPOWER
2026-06-20 11:02:59,230 - INFO -   [108/127] TDPOWERSYS
2026-06-20 11:02:59,233 - INFO -   [109/127] TITANBIO
2026-06-20 11:02:59,234 - INFO -   [110/127] TRUALT
2026-06-20 11:02:59,235 - INFO -   [111/127] VAML  ⚠  1 unmapped field(s)
2026-06-20 11:02:59,238 - INFO -   [112/127] VEDL
2026-06-20 11:02:59,239 - INFO -   [113/127] VEDPOWER  ⚠  1 unmapped field(s)
2026-06-20 11:02:59,241 - INFO -   [114/127] VENTIVE
2026-06-20 11:02:59,242 - INFO -   [115/127] VISL  ⚠  1 unmapped field(s)
2026-06-20 11:02:59,242 - INFO -   [116/127] VOGL  ⚠  1 unmapped field(s)
2026-06-20 11:02:59,245 - INFO -   [117/127] VOLTAMP
2026-06-20 11:02:59,247 - INFO -   [118/127] WEWORK
2026-06-20 11:02:59,250 - INFO -   [119/127] ZENTEC
2026-06-20 11:02:59,251 - INFO -   [120/127] ZINKA
2026-06-20 11:02:59,252 - INFO -   [121/127] ICICI PRUDENTIAL TECHNOLOGY FUND GROWTH
2026-06-20 11:02:59,252 - INFO -   [122/127] KOTAK FLEXICAP FUND GROWTH
2026-06-20 11:02:59,252 - INFO -   [123/127] MIRAEAMC - SMALLCAP
2026-06-20 11:02:59,252 - INFO -   [124/127] NIPPON INDIA FOCUSED FUND GROWTH PLAN
2026-06-20 11:02:59,252 - INFO -   [125/127] QSIF EQUITY LONG-SHORT FUND-REGULAR PLAN-GROWTH
2026-06-20 11:02:59,252 - INFO -   [126/127] SBI SMALL CAP FUND REGULAR GROWTH
2026-06-20 11:02:59,253 - INFO -   [127/127] SGBFEB32IV
2026-06-20 11:02:59,253 - INFO - Writing /home/runner/work/bharatmarkets/bharatmarkets/data/market_data.json …
2026-06-20 11:02:59,645 - INFO - ✓ DONE. 127 symbols → /home/runner/work/bharatmarkets/bharatmarkets/data/market_data.json (9214.3 KB)
2026-06-20 11:02:59,645 - INFO - ✓ Each symbol has 19 buckets (18 + derived_metrics)
2026-06-20 11:02:59,645 - WARNING - UNMAPPED FIELDS - add to FIELD_MAP:
2026-06-20 11:02:59,645 - WARNING -   VAML: ['yahoofin_raw:info::newListingDate']
2026-06-20 11:02:59,645 - WARNING -   VEDPOWER: ['yahoofin_raw:info::newListingDate']
2026-06-20 11:02:59,645 - WARNING -   VISL: ['yahoofin_raw:info::newListingDate']
2026-06-20 11:02:59,645 - WARNING -   VOGL: ['yahoofin_raw:info::newListingDate']
2026-06-20 11:02:59,645 - INFO - ── Post-load audit ──────────────────────────────────────────
2026-06-20 11:02:59,645 - INFO -   AUDIT ✓ A. Ticker count | 127 tickers
2026-06-20 11:02:59,645 - INFO -   AUDIT ✓ B. All buckets present
2026-06-20 11:02:59,646 - WARNING -   AUDIT ✗ C. net_profit present | ['ICICI PRUDENTIAL TECHNOLOGY FUND GROWTH', 'KOTAK FLEXICAP FUND GROWTH', 'MIRAEAMC - SMALLCAP', 'NIPPON INDIA FOCUSED FUND GROWTH PLAN', 'QSIF EQUITY LONG-SHORT FUND-REGULAR PLAN-GROWTH']
2026-06-20 11:02:59,646 - WARNING -   AUDIT ✗ D. OHLCV min bars | ['AADHARHFC.ohlcv_daily:0<50', 'ABCAPITAL.ohlcv_daily:0<50', 'ABFRL.ohlcv_daily:0<50']
2026-06-20 11:02:59,646 - WARNING -   AUDIT ✗ E. Promoters present | ['FEDERALBNK', 'ICICI PRUDENTIAL TECHNOLOGY FUND GROWTH', 'KOTAK FLEXICAP FUND GROWTH', 'MIRAEAMC - SMALLCAP', 'NIPPON INDIA FOCUSED FUND GROWTH PLAN']
2026-06-20 11:02:59,650 - INFO -   AUDIT ✓ F. No _periods wrappers
2026-06-20 11:02:59,660 - INFO -   AUDIT ✓ G. No string values in financials
2026-06-20 11:02:59,660 - INFO -   AUDIT ✓ H. Clean field names (no PascalCase/yf_)
2026-06-20 11:02:59,660 - WARNING -   AUDIT ✗ I. Zero unmapped fields | 4
2026-06-20 11:02:59,660 - WARNING -   AUDIT ✗ J. Screener ratios present | ['VAML', 'VEDPOWER', 'VISL', 'VOGL', 'ICICI PRUDENTIAL TECHNOLOGY FUND GROWTH']
2026-06-20 11:02:59,660 - INFO -   AUDIT ✓ K. Valuation sub-groups
2026-06-20 11:02:59,660 - INFO -   AUDIT ✓ L. OHLCV bar types
2026-06-20 11:02:59,660 - INFO -   AUDIT ✓ M. Sanity values
2026-06-20 11:02:59,661 - INFO -   AUDIT ✓ N. Scoring coverage & ratings valid | 127 tickers scored
2026-06-20 11:02:59,661 - INFO -   AUDIT ✓ O. Score ranges 0-100
2026-06-20 11:02:59,661 - INFO -   AUDIT ✓ P. hasData consistency
2026-06-20 11:02:59,662 - INFO -   AUDIT ✓ Q. Anti-pinning / dispersion
2026-06-20 11:02:59,662 - WARNING -   AUDIT ✗ R. Component coverage floors | ['momentum_score: 0/125 < 80%']
2026-06-20 11:02:59,662 - INFO - ── Audit: 12/18 passed | 6 failed: ['C. net_profit present', 'D. OHLCV min bars', 'E. Promoters present', 'I. Zero unmapped fields', 'J. Screener ratios present', 'R. Component coverage floors']
2026-06-20 11:02:59,662 - WARNING - ⚠ AUDIT: gaps recorded above — output written, review before deploying
