========================================================================================================================
BharatMarkets Onyx Pro Terminal - Pipeline Execution Log
Started: 2026-05-29 17:04:37
========================================================================================================================


========================================================================================================================
INITIALIZATION
========================================================================================================================
[2026-05-29 17:04:37] [INIT      ] Reading tickers from prices.json
[2026-05-29 17:04:37] [INIT      ] Found 98 tickers: ABCAPITAL, ABFRL, ACMESOLAR, AFCONS, APOLLOHOSP, ARE&M, ARROWGREEN, ASALCBR, ASHOKA, AVANTIFEED, AZAD, AZADIND, BDL, BIOCON, BLACKBOX, CAPITALNUM, CDSL, CELLO, CIGNITITEC, COCHINSHIP, COFORGE, DATAMATICS, DATAPATTNS, DRREDDY, ENGINERSIN, FINCABLES, GESHIP, GRSE, HAL, HBLENGINE, HCLTECH, HDFCBANK, HDFCLIFE, HEBL, HINDCOPPER, HINDZINC, HIRECT, ICICIBANK, IDEAFORGE, IDFCFIRSTB, IGIL, INDIANB, INDOTECH, INDUSTOWER, INFY, INOXINDIA, INTERARCH, IOC, ITC, JYOTHYLAB, KAYNES, KEI, KPENERGY, KPPL, MAHABANK, MAITHANALL, MAPMYINDIA, MARKSANS, MBEL, MCDOWELL-N, NCC, NETWEB, OIL, PFC, POWERGRID, PVRINOX, QUALITY, RATEGAIN, RECLTD, REDTAPE, REPCOHOME, REVATHI, ROSSTECH, S&SPOWER, SAGILITY, SANDUMA, SBIN, SHILCHAR, SHREEREF, SIKA, SKMEGGPROD, SUNFLAG, SUPRIYA, SUYOG, SUZLON, TATAPOWER, TDPOWERSYS, TITANBIO, TRUALT, VEDL, VENTIVE, VOLTAMP, WAAREEENER, ZENTEC, ZINKA, JUNIORBEES, NIFTYBEES, SGBFEB32IV
[2026-05-29 17:04:37] [INIT      ] Input directory: /home/runner/work/bharatmarkets/bharatmarkets/data
[2026-05-29 17:04:37] [INIT      ] Output: /home/runner/work/bharatmarkets/bharatmarkets/data/market_data_raw.json

========================================================================================================================
DATA PROCESSING
========================================================================================================================

========================================================================================================================
LOADING SOURCE FILES
========================================================================================================================
[2026-05-29 17:04:37] [LOAD      ] ✓ Loaded screener_fin         (3 keys)
[2026-05-29 17:04:37] [LOAD      ] ✓ Loaded screener_raw         (97 keys)
[2026-05-29 17:04:37] [LOAD      ] ✓ Loaded yahoofin_fin         (97 keys)
[2026-05-29 17:04:37] [LOAD      ] ✓ Loaded yahoofin_raw         (97 keys)
[2026-05-29 17:04:37] [LOAD      ] ✓ Loaded guidance             (29 keys)
[2026-05-29 17:04:37] [LOAD      ] ✓ Loaded prices               (5 keys)
[2026-05-29 17:04:37] [LOAD      ] ✓ Loaded unified_symbols      (3 keys)
[2026-05-29 17:04:37] [TICKER    ] 
>>> Processing ABCAPITAL
[2026-05-29 17:04:37] [SUCCESS   ] 
✓ ABCAPITAL - Loaded 249 metrics across 13 sections
[2026-05-29 17:04:37] [SUMMARY   ]   Rejections: 9
[2026-05-29 17:04:37] [DETAIL    ]     - screener_raw | Insights | Empty metric
[2026-05-29 17:04:37] [DETAIL    ]     - screener_raw | Insights | Empty metric
[2026-05-29 17:04:37] [DETAIL    ]     - screener_raw | Insights | Empty metric
[2026-05-29 17:04:37] [DETAIL    ]     - screener_raw | Insights | Empty metric
[2026-05-29 17:04:37] [DETAIL    ]     - screener_raw | Insights | Empty metric
[2026-05-29 17:04:37] [DETAIL    ]     - yahoofin_raw | info | Excluded: industryKey
[2026-05-29 17:04:37] [DETAIL    ]     - yahoofin_raw | info | Excluded: sectorKey
[2026-05-29 17:04:37] [DETAIL    ]     - yahoofin_raw | info | Excluded: executiveTeam
[2026-05-29 17:04:37] [DETAIL    ]     - yahoofin_raw | info | Excluded: maxAge
[2026-05-29 17:04:37] [TICKER    ] 
>>> Processing ABFRL
[2026-05-29 17:04:38] [SUCCESS   ] 
✓ ABFRL - Loaded 244 metrics across 13 sections
[2026-05-29 17:04:38] [SUMMARY   ]   Rejections: 8
[2026-05-29 17:04:38] [DETAIL    ]     - screener_raw | Insights | Empty metric
[2026-05-29 17:04:38] [DETAIL    ]     - screener_raw | Insights | Empty metric
[2026-05-29 17:04:38] [DETAIL    ]     - screener_raw | Insights | Empty metric
[2026-05-29 17:04:38] [DETAIL    ]     - screener_raw | Insights | Empty metric
[2026-05-29 17:04:38] [DETAIL    ]     - yahoofin_raw | info | Excluded: industryKey
[2026-05-29 17:04:38] [DETAIL    ]     - yahoofin_raw | info | Excluded: sectorKey
[2026-05-29 17:04:38] [DETAIL    ]     - yahoofin_raw | info | Excluded: executiveTeam
[2026-05-29 17:04:38] [DETAIL    ]     - yahoofin_raw | info | Excluded: maxAge
[2026-05-29 17:04:38] [TICKER    ] 
>>> Processing ACMESOLAR
[2026-05-29 17:04:38] [SUCCESS   ] 
✓ ACMESOLAR - Loaded 274 metrics across 15 sections
[2026-05-29 17:04:38] [SUMMARY   ]   Rejections: 6
[2026-05-29 17:04:38] [DETAIL    ]     - screener_raw | Insights | Empty metric
[2026-05-29 17:04:38] [DETAIL    ]     - screener_raw | Insights | Empty metric
[2026-05-29 17:04:38] [DETAIL    ]     - yahoofin_raw | info | Excluded: industryKey
[2026-05-29 17:04:38] [DETAIL    ]     - yahoofin_raw | info | Excluded: sectorKey
[2026-05-29 17:04:38] [DETAIL    ]     - yahoofin_raw | info | Excluded: executiveTeam
[2026-05-29 17:04:38] [DETAIL    ]     - yahoofin_raw | info | Excluded: maxAge
[2026-05-29 17:04:38] [TICKER    ] 
>>> Processing AFCONS
[2026-05-29 17:04:38] [SUCCESS   ] 
✓ AFCONS - Loaded 264 metrics across 15 sections
[2026-05-29 17:04:38] [SUMMARY   ]   Rejections: 9
[2026-05-29 17:04:38] [DETAIL    ]     - screener_raw | Insights | Empty metric
[2026-05-29 17:04:38] [DETAIL    ]     - screener_raw | Insights | Empty metric
[2026-05-29 17:04:38] [DETAIL    ]     - screener_raw | Insights | Empty metric
[2026-05-29 17:04:38] [DETAIL    ]     - screener_raw | Insights | Empty metric
[2026-05-29 17:04:38] [DETAIL    ]     - screener_raw | Insights | Empty metric
[2026-05-29 17:04:38] [DETAIL    ]     - yahoofin_raw | info | Excluded: industryKey
[2026-05-29 17:04:38] [DETAIL    ]     - yahoofin_raw | info | Excluded: sectorKey
[2026-05-29 17:04:38] [DETAIL    ]     - yahoofin_raw | info | Excluded: executiveTeam
[2026-05-29 17:04:38] [DETAIL    ]     - yahoofin_raw | info | Excluded: maxAge
[2026-05-29 17:04:38] [TICKER    ] 
>>> Processing APOLLOHOSP
[2026-05-29 17:04:38] [SUCCESS   ] 
✓ APOLLOHOSP - Loaded 271 metrics across 13 sections
[2026-05-29 17:04:38] [SUMMARY   ]   Rejections: 4
[2026-05-29 17:04:38] [DETAIL    ]     - yahoofin_raw | info | Excluded: industryKey
[2026-05-29 17:04:38] [DETAIL    ]     - yahoofin_raw | info | Excluded: sectorKey
[2026-05-29 17:04:38] [DETAIL    ]     - yahoofin_raw | info | Excluded: executiveTeam
[2026-05-29 17:04:38] [DETAIL    ]     - yahoofin_raw | info | Excluded: maxAge
[2026-05-29 17:04:38] [TICKER    ] 
>>> Processing ARE&M
[2026-05-29 17:04:38] [SUCCESS   ] 
✓ ARE&M - Loaded 274 metrics across 15 sections
[2026-05-29 17:04:38] [SUMMARY   ]   Rejections: 10
[2026-05-29 17:04:38] [DETAIL    ]     - screener_raw | Insights | Empty metric
[2026-05-29 17:04:38] [DETAIL    ]     - screener_raw | Insights | Empty metric
[2026-05-29 17:04:38] [DETAIL    ]     - screener_raw | Insights | Empty metric
[2026-05-29 17:04:38] [DETAIL    ]     - screener_raw | Insights | Empty metric
[2026-05-29 17:04:38] [DETAIL    ]     - screener_raw | Insights | Empty metric
[2026-05-29 17:04:38] [DETAIL    ]     - screener_raw | Insights | Empty metric
[2026-05-29 17:04:38] [DETAIL    ]     - yahoofin_raw | info | Excluded: industryKey
[2026-05-29 17:04:38] [DETAIL    ]     - yahoofin_raw | info | Excluded: sectorKey
[2026-05-29 17:04:38] [DETAIL    ]     - yahoofin_raw | info | Excluded: executiveTeam
[2026-05-29 17:04:38] [DETAIL    ]     - yahoofin_raw | info | Excluded: maxAge
[2026-05-29 17:04:38] [TICKER    ] 
>>> Processing ARROWGREEN
[2026-05-29 17:04:38] [SUCCESS   ] 
✓ ARROWGREEN - Loaded 260 metrics across 15 sections
[2026-05-29 17:04:38] [SUMMARY   ]   Rejections: 8
[2026-05-29 17:04:38] [DETAIL    ]     - screener_raw | Insights | Empty metric
[2026-05-29 17:04:38] [DETAIL    ]     - screener_raw | Insights | Empty metric
[2026-05-29 17:04:38] [DETAIL    ]     - screener_raw | Insights | Empty metric
[2026-05-29 17:04:38] [DETAIL    ]     - screener_raw | Insights | Empty metric
[2026-05-29 17:04:38] [DETAIL    ]     - yahoofin_raw | info | Excluded: industryKey
[2026-05-29 17:04:38] [DETAIL    ]     - yahoofin_raw | info | Excluded: sectorKey
[2026-05-29 17:04:38] [DETAIL    ]     - yahoofin_raw | info | Excluded: executiveTeam
[2026-05-29 17:04:38] [DETAIL    ]     - yahoofin_raw | info | Excluded: maxAge
[2026-05-29 17:04:38] [TICKER    ] 
>>> Processing ASALCBR
[2026-05-29 17:04:38] [SUCCESS   ] 
✓ ASALCBR - Loaded 276 metrics across 15 sections
[2026-05-29 17:04:38] [SUMMARY   ]   Rejections: 12
[2026-05-29 17:04:38] [DETAIL    ]     - screener_raw | Insights | Empty metric
[2026-05-29 17:04:38] [DETAIL    ]     - screener_raw | Insights | Empty metric
[2026-05-29 17:04:38] [DETAIL    ]     - screener_raw | Insights | Empty metric
[2026-05-29 17:04:38] [DETAIL    ]     - screener_raw | Insights | Empty metric
[2026-05-29 17:04:38] [DETAIL    ]     - screener_raw | Insights | Empty metric
[2026-05-29 17:04:38] [DETAIL    ]     - screener_raw | Insights | Empty metric
[2026-05-29 17:04:38] [DETAIL    ]     - screener_raw | Insights | Empty metric
[2026-05-29 17:04:38] [DETAIL    ]     - screener_raw | Insights | Empty metric
[2026-05-29 17:04:38] [DETAIL    ]     - yahoofin_raw | info | Excluded: industryKey
[2026-05-29 17:04:38] [DETAIL    ]     - yahoofin_raw | info | Excluded: sectorKey
[2026-05-29 17:04:38] [DETAIL    ]     ... and 2 more
[2026-05-29 17:04:38] [TICKER    ] 
>>> Processing ASHOKA
[2026-05-29 17:04:38] [SUCCESS   ] 
✓ ASHOKA - Loaded 270 metrics across 15 sections
[2026-05-29 17:04:38] [SUMMARY   ]   Rejections: 7
[2026-05-29 17:04:38] [DETAIL    ]     - screener_raw | Insights | Empty metric
[2026-05-29 17:04:38] [DETAIL    ]     - screener_raw | Insights | Empty metric
[2026-05-29 17:04:38] [DETAIL    ]     - screener_raw | Insights | Empty metric
[2026-05-29 17:04:38] [DETAIL    ]     - yahoofin_raw | info | Excluded: industryKey
[2026-05-29 17:04:38] [DETAIL    ]     - yahoofin_raw | info | Excluded: sectorKey
[2026-05-29 17:04:38] [DETAIL    ]     - yahoofin_raw | info | Excluded: executiveTeam
[2026-05-29 17:04:38] [DETAIL    ]     - yahoofin_raw | info | Excluded: maxAge
[2026-05-29 17:04:38] [TICKER    ] 
>>> Processing AVANTIFEED
[2026-05-29 17:04:38] [SUCCESS   ] 
✓ AVANTIFEED - Loaded 276 metrics across 15 sections
[2026-05-29 17:04:38] [SUMMARY   ]   Rejections: 6
[2026-05-29 17:04:38] [DETAIL    ]     - screener_raw | Insights | Empty metric
[2026-05-29 17:04:38] [DETAIL    ]     - screener_raw | Insights | Empty metric
[2026-05-29 17:04:38] [DETAIL    ]     - yahoofin_raw | info | Excluded: industryKey
[2026-05-29 17:04:38] [DETAIL    ]     - yahoofin_raw | info | Excluded: sectorKey
[2026-05-29 17:04:38] [DETAIL    ]     - yahoofin_raw | info | Excluded: executiveTeam
[2026-05-29 17:04:38] [DETAIL    ]     - yahoofin_raw | info | Excluded: maxAge
[2026-05-29 17:04:38] [TICKER    ] 
>>> Processing AZAD
[2026-05-29 17:04:38] [SUCCESS   ] 
✓ AZAD - Loaded 266 metrics across 14 sections
[2026-05-29 17:04:38] [SUMMARY   ]   Rejections: 11
[2026-05-29 17:04:38] [DETAIL    ]     - screener_raw | Insights | Empty metric
[2026-05-29 17:04:38] [DETAIL    ]     - screener_raw | Insights | Empty metric
[2026-05-29 17:04:38] [DETAIL    ]     - screener_raw | Insights | Empty metric
[2026-05-29 17:04:38] [DETAIL    ]     - screener_raw | Insights | Empty metric
[2026-05-29 17:04:38] [DETAIL    ]     - screener_raw | Insights | Empty metric
[2026-05-29 17:04:38] [DETAIL    ]     - screener_raw | Insights | Empty metric
[2026-05-29 17:04:38] [DETAIL    ]     - screener_raw | Insights | Empty metric
[2026-05-29 17:04:38] [DETAIL    ]     - yahoofin_raw | info | Excluded: industryKey
[2026-05-29 17:04:38] [DETAIL    ]     - yahoofin_raw | info | Excluded: sectorKey
[2026-05-29 17:04:38] [DETAIL    ]     - yahoofin_raw | info | Excluded: executiveTeam
[2026-05-29 17:04:38] [DETAIL    ]     ... and 1 more
[2026-05-29 17:04:38] [TICKER    ] 
>>> Processing AZADIND
[2026-05-29 17:04:38] [SUCCESS   ] 
✓ AZADIND - Loaded 224 metrics across 13 sections
[2026-05-29 17:04:38] [SUMMARY   ]   Rejections: 8
[2026-05-29 17:04:38] [DETAIL    ]     - screener_raw | Insights | Empty metric
[2026-05-29 17:04:38] [DETAIL    ]     - screener_raw | Insights | Empty metric
[2026-05-29 17:04:38] [DETAIL    ]     - screener_raw | Insights | Empty metric
[2026-05-29 17:04:38] [DETAIL    ]     - screener_raw | Insights | Empty metric
[2026-05-29 17:04:38] [DETAIL    ]     - yahoofin_raw | info | Excluded: industryKey
[2026-05-29 17:04:38] [DETAIL    ]     - yahoofin_raw | info | Excluded: sectorKey
[2026-05-29 17:04:38] [DETAIL    ]     - yahoofin_raw | info | Excluded: executiveTeam
[2026-05-29 17:04:38] [DETAIL    ]     - yahoofin_raw | info | Excluded: maxAge
[2026-05-29 17:04:38] [TICKER    ] 
>>> Processing BDL
[2026-05-29 17:04:38] [SUCCESS   ] 
✓ BDL - Loaded 277 metrics across 15 sections
[2026-05-29 17:04:38] [SUMMARY   ]   Rejections: 6
[2026-05-29 17:04:38] [DETAIL    ]     - screener_raw | Insights | Empty metric
[2026-05-29 17:04:38] [DETAIL    ]     - screener_raw | Insights | Empty metric
[2026-05-29 17:04:38] [DETAIL    ]     - yahoofin_raw | info | Excluded: industryKey
[2026-05-29 17:04:38] [DETAIL    ]     - yahoofin_raw | info | Excluded: sectorKey
[2026-05-29 17:04:38] [DETAIL    ]     - yahoofin_raw | info | Excluded: executiveTeam
[2026-05-29 17:04:38] [DETAIL    ]     - yahoofin_raw | info | Excluded: maxAge
[2026-05-29 17:04:38] [TICKER    ] 
>>> Processing BIOCON
[2026-05-29 17:04:38] [SUCCESS   ] 
✓ BIOCON - Loaded 296 metrics across 15 sections
[2026-05-29 17:04:38] [SUMMARY   ]   Rejections: 10
[2026-05-29 17:04:38] [DETAIL    ]     - screener_raw | Insights | Empty metric
[2026-05-29 17:04:38] [DETAIL    ]     - screener_raw | Insights | Empty metric
[2026-05-29 17:04:38] [DETAIL    ]     - screener_raw | Insights | Empty metric
[2026-05-29 17:04:38] [DETAIL    ]     - screener_raw | Insights | Empty metric
[2026-05-29 17:04:38] [DETAIL    ]     - screener_raw | Insights | Empty metric
[2026-05-29 17:04:38] [DETAIL    ]     - screener_raw | Insights | Empty metric
[2026-05-29 17:04:38] [DETAIL    ]     - yahoofin_raw | info | Excluded: industryKey
[2026-05-29 17:04:38] [DETAIL    ]     - yahoofin_raw | info | Excluded: sectorKey
[2026-05-29 17:04:38] [DETAIL    ]     - yahoofin_raw | info | Excluded: executiveTeam
[2026-05-29 17:04:38] [DETAIL    ]     - yahoofin_raw | info | Excluded: maxAge
[2026-05-29 17:04:38] [TICKER    ] 
>>> Processing BLACKBOX
[2026-05-29 17:04:38] [SUCCESS   ] 
✓ BLACKBOX - Loaded 279 metrics across 15 sections
[2026-05-29 17:04:38] [SUMMARY   ]   Rejections: 10
[2026-05-29 17:04:38] [DETAIL    ]     - screener_raw | Insights | Empty metric
[2026-05-29 17:04:38] [DETAIL    ]     - screener_raw | Insights | Empty metric
[2026-05-29 17:04:38] [DETAIL    ]     - screener_raw | Insights | Empty metric
[2026-05-29 17:04:38] [DETAIL    ]     - screener_raw | Insights | Empty metric
[2026-05-29 17:04:38] [DETAIL    ]     - screener_raw | Insights | Empty metric
[2026-05-29 17:04:38] [DETAIL    ]     - screener_raw | Insights | Empty metric
[2026-05-29 17:04:38] [DETAIL    ]     - yahoofin_raw | info | Excluded: industryKey
[2026-05-29 17:04:38] [DETAIL    ]     - yahoofin_raw | info | Excluded: sectorKey
[2026-05-29 17:04:38] [DETAIL    ]     - yahoofin_raw | info | Excluded: executiveTeam
[2026-05-29 17:04:38] [DETAIL    ]     - yahoofin_raw | info | Excluded: maxAge
[2026-05-29 17:04:38] [TICKER    ] 
>>> Processing CAPITALNUM
[2026-05-29 17:04:38] [SUCCESS   ] 
✓ CAPITALNUM - Loaded 205 metrics across 12 sections
[2026-05-29 17:04:38] [SUMMARY   ]   Rejections: 15
[2026-05-29 17:04:38] [DETAIL    ]     - screener_raw | Insights | Empty metric
[2026-05-29 17:04:38] [DETAIL    ]     - screener_raw | Insights | Empty metric
[2026-05-29 17:04:38] [DETAIL    ]     - screener_raw | Insights | Empty metric
[2026-05-29 17:04:38] [DETAIL    ]     - screener_raw | Insights | Empty metric
[2026-05-29 17:04:38] [DETAIL    ]     - screener_raw | Insights | Empty metric
[2026-05-29 17:04:38] [DETAIL    ]     - screener_raw | Insights | Empty metric
[2026-05-29 17:04:38] [DETAIL    ]     - screener_raw | Insights | Empty metric
[2026-05-29 17:04:38] [DETAIL    ]     - screener_raw | Insights | Empty metric
[2026-05-29 17:04:38] [DETAIL    ]     - screener_raw | Insights | Empty metric
[2026-05-29 17:04:38] [DETAIL    ]     - screener_raw | Insights | Empty metric
[2026-05-29 17:04:38] [DETAIL    ]     ... and 5 more
[2026-05-29 17:04:38] [TICKER    ] 
>>> Processing CDSL
[2026-05-29 17:04:38] [SUCCESS   ] 
✓ CDSL - Loaded 282 metrics across 15 sections
[2026-05-29 17:04:38] [SUMMARY   ]   Rejections: 6
[2026-05-29 17:04:38] [DETAIL    ]     - screener_raw | Insights | Empty metric
[2026-05-29 17:04:38] [DETAIL    ]     - screener_raw | Insights | Empty metric
[2026-05-29 17:04:38] [DETAIL    ]     - yahoofin_raw | info | Excluded: industryKey
[2026-05-29 17:04:38] [DETAIL    ]     - yahoofin_raw | info | Excluded: sectorKey
[2026-05-29 17:04:38] [DETAIL    ]     - yahoofin_raw | info | Excluded: executiveTeam
[2026-05-29 17:04:38] [DETAIL    ]     - yahoofin_raw | info | Excluded: maxAge
[2026-05-29 17:04:38] [TICKER    ] 
>>> Processing CELLO
[2026-05-29 17:04:38] [SUCCESS   ] 
✓ CELLO - Loaded 250 metrics across 13 sections
[2026-05-29 17:04:38] [SUMMARY   ]   Rejections: 10
[2026-05-29 17:04:38] [DETAIL    ]     - screener_raw | Insights | Empty metric
[2026-05-29 17:04:38] [DETAIL    ]     - screener_raw | Insights | Empty metric
[2026-05-29 17:04:38] [DETAIL    ]     - screener_raw | Insights | Empty metric
[2026-05-29 17:04:38] [DETAIL    ]     - screener_raw | Insights | Empty metric
[2026-05-29 17:04:38] [DETAIL    ]     - screener_raw | Insights | Empty metric
[2026-05-29 17:04:38] [DETAIL    ]     - screener_raw | Insights | Empty metric
[2026-05-29 17:04:38] [DETAIL    ]     - yahoofin_raw | info | Excluded: industryKey
[2026-05-29 17:04:38] [DETAIL    ]     - yahoofin_raw | info | Excluded: sectorKey
[2026-05-29 17:04:38] [DETAIL    ]     - yahoofin_raw | info | Excluded: executiveTeam
[2026-05-29 17:04:38] [DETAIL    ]     - yahoofin_raw | info | Excluded: maxAge
[2026-05-29 17:04:38] [TICKER    ] 
>>> Processing CIGNITITEC
[2026-05-29 17:04:38] [SUCCESS   ] 
✓ CIGNITITEC - Loaded 249 metrics across 15 sections
[2026-05-29 17:04:38] [SUMMARY   ]   Rejections: 10
[2026-05-29 17:04:38] [DETAIL    ]     - screener_raw | Insights | Empty metric
[2026-05-29 17:04:38] [DETAIL    ]     - screener_raw | Insights | Empty metric
[2026-05-29 17:04:38] [DETAIL    ]     - screener_raw | Insights | Empty metric
[2026-05-29 17:04:38] [DETAIL    ]     - screener_raw | Insights | Empty metric
[2026-05-29 17:04:38] [DETAIL    ]     - screener_raw | Insights | Empty metric
[2026-05-29 17:04:38] [DETAIL    ]     - screener_raw | Insights | Empty metric
[2026-05-29 17:04:38] [DETAIL    ]     - yahoofin_raw | info | Excluded: industryKey
[2026-05-29 17:04:38] [DETAIL    ]     - yahoofin_raw | info | Excluded: sectorKey
[2026-05-29 17:04:38] [DETAIL    ]     - yahoofin_raw | info | Excluded: executiveTeam
[2026-05-29 17:04:38] [DETAIL    ]     - yahoofin_raw | info | Excluded: maxAge
[2026-05-29 17:04:38] [TICKER    ] 
>>> Processing COCHINSHIP
[2026-05-29 17:04:38] [SUCCESS   ] 
✓ COCHINSHIP - Loaded 256 metrics across 13 sections
[2026-05-29 17:04:38] [SUMMARY   ]   Rejections: 6
[2026-05-29 17:04:38] [DETAIL    ]     - screener_raw | Insights | Empty metric
[2026-05-29 17:04:38] [DETAIL    ]     - screener_raw | Insights | Empty metric
[2026-05-29 17:04:38] [DETAIL    ]     - yahoofin_raw | info | Excluded: industryKey
[2026-05-29 17:04:38] [DETAIL    ]     - yahoofin_raw | info | Excluded: sectorKey
[2026-05-29 17:04:38] [DETAIL    ]     - yahoofin_raw | info | Excluded: executiveTeam
[2026-05-29 17:04:38] [DETAIL    ]     - yahoofin_raw | info | Excluded: maxAge
[2026-05-29 17:04:38] [TICKER    ] 
>>> Processing COFORGE
[2026-05-29 17:04:38] [SUCCESS   ] 
✓ COFORGE - Loaded 266 metrics across 13 sections
[2026-05-29 17:04:38] [SUMMARY   ]   Rejections: 10
[2026-05-29 17:04:38] [DETAIL    ]     - screener_raw | Insights | Empty metric
[2026-05-29 17:04:38] [DETAIL    ]     - screener_raw | Insights | Empty metric
[2026-05-29 17:04:38] [DETAIL    ]     - screener_raw | Insights | Empty metric
[2026-05-29 17:04:38] [DETAIL    ]     - screener_raw | Insights | Empty metric
[2026-05-29 17:04:38] [DETAIL    ]     - screener_raw | Insights | Empty metric
[2026-05-29 17:04:38] [DETAIL    ]     - screener_raw | Insights | Empty metric
[2026-05-29 17:04:38] [DETAIL    ]     - yahoofin_raw | info | Excluded: industryKey
[2026-05-29 17:04:38] [DETAIL    ]     - yahoofin_raw | info | Excluded: sectorKey
[2026-05-29 17:04:38] [DETAIL    ]     - yahoofin_raw | info | Excluded: executiveTeam
[2026-05-29 17:04:38] [DETAIL    ]     - yahoofin_raw | info | Excluded: maxAge
[2026-05-29 17:04:38] [TICKER    ] 
>>> Processing DATAMATICS
[2026-05-29 17:04:38] [SUCCESS   ] 
✓ DATAMATICS - Loaded 255 metrics across 13 sections
[2026-05-29 17:04:38] [SUMMARY   ]   Rejections: 6
[2026-05-29 17:04:38] [DETAIL    ]     - screener_raw | Insights | Empty metric
[2026-05-29 17:04:38] [DETAIL    ]     - screener_raw | Insights | Empty metric
[2026-05-29 17:04:38] [DETAIL    ]     - yahoofin_raw | info | Excluded: industryKey
[2026-05-29 17:04:38] [DETAIL    ]     - yahoofin_raw | info | Excluded: sectorKey
[2026-05-29 17:04:38] [DETAIL    ]     - yahoofin_raw | info | Excluded: executiveTeam
[2026-05-29 17:04:38] [DETAIL    ]     - yahoofin_raw | info | Excluded: maxAge
[2026-05-29 17:04:38] [TICKER    ] 
>>> Processing DATAPATTNS
[2026-05-29 17:04:38] [SUCCESS   ] 
✓ DATAPATTNS - Loaded 248 metrics across 13 sections
[2026-05-29 17:04:38] [SUMMARY   ]   Rejections: 8
[2026-05-29 17:04:38] [DETAIL    ]     - screener_raw | Insights | Empty metric
[2026-05-29 17:04:38] [DETAIL    ]     - screener_raw | Insights | Empty metric
[2026-05-29 17:04:38] [DETAIL    ]     - screener_raw | Insights | Empty metric
[2026-05-29 17:04:38] [DETAIL    ]     - screener_raw | Insights | Empty metric
[2026-05-29 17:04:38] [DETAIL    ]     - yahoofin_raw | info | Excluded: industryKey
[2026-05-29 17:04:38] [DETAIL    ]     - yahoofin_raw | info | Excluded: sectorKey
[2026-05-29 17:04:38] [DETAIL    ]     - yahoofin_raw | info | Excluded: executiveTeam
[2026-05-29 17:04:38] [DETAIL    ]     - yahoofin_raw | info | Excluded: maxAge
[2026-05-29 17:04:38] [TICKER    ] 
>>> Processing DRREDDY
[2026-05-29 17:04:38] [SUCCESS   ] 
✓ DRREDDY - Loaded 264 metrics across 13 sections
[2026-05-29 17:04:38] [SUMMARY   ]   Rejections: 9
[2026-05-29 17:04:38] [DETAIL    ]     - screener_raw | Insights | Empty metric
[2026-05-29 17:04:38] [DETAIL    ]     - screener_raw | Insights | Empty metric
[2026-05-29 17:04:38] [DETAIL    ]     - screener_raw | Insights | Empty metric
[2026-05-29 17:04:38] [DETAIL    ]     - screener_raw | Insights | Empty metric
[2026-05-29 17:04:38] [DETAIL    ]     - screener_raw | Insights | Empty metric
[2026-05-29 17:04:38] [DETAIL    ]     - yahoofin_raw | info | Excluded: industryKey
[2026-05-29 17:04:38] [DETAIL    ]     - yahoofin_raw | info | Excluded: sectorKey
[2026-05-29 17:04:38] [DETAIL    ]     - yahoofin_raw | info | Excluded: executiveTeam
[2026-05-29 17:04:38] [DETAIL    ]     - yahoofin_raw | info | Excluded: maxAge
[2026-05-29 17:04:38] [TICKER    ] 
>>> Processing ENGINERSIN
[2026-05-29 17:04:38] [SUCCESS   ] 
✓ ENGINERSIN - Loaded 269 metrics across 14 sections
[2026-05-29 17:04:38] [SUMMARY   ]   Rejections: 9
[2026-05-29 17:04:38] [DETAIL    ]     - screener_raw | Insights | Empty metric
[2026-05-29 17:04:38] [DETAIL    ]     - screener_raw | Insights | Empty metric
[2026-05-29 17:04:38] [DETAIL    ]     - screener_raw | Insights | Empty metric
[2026-05-29 17:04:38] [DETAIL    ]     - screener_raw | Insights | Empty metric
[2026-05-29 17:04:38] [DETAIL    ]     - screener_raw | Insights | Empty metric
[2026-05-29 17:04:38] [DETAIL    ]     - yahoofin_raw | info | Excluded: industryKey
[2026-05-29 17:04:38] [DETAIL    ]     - yahoofin_raw | info | Excluded: sectorKey
[2026-05-29 17:04:38] [DETAIL    ]     - yahoofin_raw | info | Excluded: executiveTeam
[2026-05-29 17:04:38] [DETAIL    ]     - yahoofin_raw | info | Excluded: maxAge
[2026-05-29 17:04:38] [TICKER    ] 
>>> Processing FINCABLES
[2026-05-29 17:04:38] [SUCCESS   ] 
✓ FINCABLES - Loaded 264 metrics across 14 sections
[2026-05-29 17:04:38] [SUMMARY   ]   Rejections: 6
[2026-05-29 17:04:38] [DETAIL    ]     - screener_raw | Insights | Empty metric
[2026-05-29 17:04:38] [DETAIL    ]     - screener_raw | Insights | Empty metric
[2026-05-29 17:04:38] [DETAIL    ]     - yahoofin_raw | info | Excluded: industryKey
[2026-05-29 17:04:38] [DETAIL    ]     - yahoofin_raw | info | Excluded: sectorKey
[2026-05-29 17:04:38] [DETAIL    ]     - yahoofin_raw | info | Excluded: executiveTeam
[2026-05-29 17:04:38] [DETAIL    ]     - yahoofin_raw | info | Excluded: maxAge
[2026-05-29 17:04:38] [TICKER    ] 
>>> Processing GESHIP
[2026-05-29 17:04:38] [SUCCESS   ] 
✓ GESHIP - Loaded 285 metrics across 15 sections
[2026-05-29 17:04:38] [SUMMARY   ]   Rejections: 11
[2026-05-29 17:04:38] [DETAIL    ]     - screener_raw | Insights | Empty metric
[2026-05-29 17:04:38] [DETAIL    ]     - screener_raw | Insights | Empty metric
[2026-05-29 17:04:38] [DETAIL    ]     - screener_raw | Insights | Empty metric
[2026-05-29 17:04:38] [DETAIL    ]     - screener_raw | Insights | Empty metric
[2026-05-29 17:04:38] [DETAIL    ]     - screener_raw | Insights | Empty metric
[2026-05-29 17:04:38] [DETAIL    ]     - screener_raw | Insights | Empty metric
[2026-05-29 17:04:38] [DETAIL    ]     - screener_raw | Insights | Empty metric
[2026-05-29 17:04:38] [DETAIL    ]     - yahoofin_raw | info | Excluded: industryKey
[2026-05-29 17:04:38] [DETAIL    ]     - yahoofin_raw | info | Excluded: sectorKey
[2026-05-29 17:04:38] [DETAIL    ]     - yahoofin_raw | info | Excluded: executiveTeam
[2026-05-29 17:04:38] [DETAIL    ]     ... and 1 more
[2026-05-29 17:04:38] [TICKER    ] 
>>> Processing GRSE
[2026-05-29 17:04:38] [SUCCESS   ] 
✓ GRSE - Loaded 256 metrics across 13 sections
[2026-05-29 17:04:38] [SUMMARY   ]   Rejections: 7
[2026-05-29 17:04:38] [DETAIL    ]     - screener_raw | Insights | Empty metric
[2026-05-29 17:04:38] [DETAIL    ]     - screener_raw | Insights | Empty metric
[2026-05-29 17:04:38] [DETAIL    ]     - screener_raw | Insights | Empty metric
[2026-05-29 17:04:38] [DETAIL    ]     - yahoofin_raw | info | Excluded: industryKey
[2026-05-29 17:04:38] [DETAIL    ]     - yahoofin_raw | info | Excluded: sectorKey
[2026-05-29 17:04:38] [DETAIL    ]     - yahoofin_raw | info | Excluded: executiveTeam
[2026-05-29 17:04:38] [DETAIL    ]     - yahoofin_raw | info | Excluded: maxAge
[2026-05-29 17:04:38] [TICKER    ] 
>>> Processing HAL
[2026-05-29 17:04:38] [SUCCESS   ] 
✓ HAL - Loaded 283 metrics across 15 sections
[2026-05-29 17:04:38] [SUMMARY   ]   Rejections: 6
[2026-05-29 17:04:38] [DETAIL    ]     - screener_raw | Insights | Empty metric
[2026-05-29 17:04:38] [DETAIL    ]     - screener_raw | Insights | Empty metric
[2026-05-29 17:04:38] [DETAIL    ]     - yahoofin_raw | info | Excluded: industryKey
[2026-05-29 17:04:38] [DETAIL    ]     - yahoofin_raw | info | Excluded: sectorKey
[2026-05-29 17:04:38] [DETAIL    ]     - yahoofin_raw | info | Excluded: executiveTeam
[2026-05-29 17:04:38] [DETAIL    ]     - yahoofin_raw | info | Excluded: maxAge
[2026-05-29 17:04:38] [TICKER    ] 
>>> Processing HBLENGINE
[2026-05-29 17:04:38] [SUCCESS   ] 
✓ HBLENGINE - Loaded 242 metrics across 13 sections
[2026-05-29 17:04:38] [SUMMARY   ]   Rejections: 11
[2026-05-29 17:04:38] [DETAIL    ]     - screener_raw | Insights | Empty metric
[2026-05-29 17:04:38] [DETAIL    ]     - screener_raw | Insights | Empty metric
[2026-05-29 17:04:38] [DETAIL    ]     - screener_raw | Insights | Empty metric
[2026-05-29 17:04:38] [DETAIL    ]     - screener_raw | Insights | Empty metric
[2026-05-29 17:04:38] [DETAIL    ]     - screener_raw | Insights | Empty metric
[2026-05-29 17:04:38] [DETAIL    ]     - screener_raw | Insights | Empty metric
[2026-05-29 17:04:38] [DETAIL    ]     - screener_raw | Insights | Empty metric
[2026-05-29 17:04:38] [DETAIL    ]     - yahoofin_raw | info | Excluded: industryKey
[2026-05-29 17:04:38] [DETAIL    ]     - yahoofin_raw | info | Excluded: sectorKey
[2026-05-29 17:04:38] [DETAIL    ]     - yahoofin_raw | info | Excluded: executiveTeam
[2026-05-29 17:04:38] [DETAIL    ]     ... and 1 more
[2026-05-29 17:04:38] [TICKER    ] 
>>> Processing HCLTECH
[2026-05-29 17:04:38] [SUCCESS   ] 
✓ HCLTECH - Loaded 274 metrics across 13 sections
[2026-05-29 17:04:38] [SUMMARY   ]   Rejections: 7
[2026-05-29 17:04:38] [DETAIL    ]     - screener_raw | Insights | Empty metric
[2026-05-29 17:04:38] [DETAIL    ]     - screener_raw | Insights | Empty metric
[2026-05-29 17:04:38] [DETAIL    ]     - screener_raw | Insights | Empty metric
[2026-05-29 17:04:38] [DETAIL    ]     - yahoofin_raw | info | Excluded: industryKey
[2026-05-29 17:04:38] [DETAIL    ]     - yahoofin_raw | info | Excluded: sectorKey
[2026-05-29 17:04:38] [DETAIL    ]     - yahoofin_raw | info | Excluded: executiveTeam
[2026-05-29 17:04:38] [DETAIL    ]     - yahoofin_raw | info | Excluded: maxAge
[2026-05-29 17:04:38] [TICKER    ] 
>>> Processing HDFCBANK
[2026-05-29 17:04:38] [SUCCESS   ] 
✓ HDFCBANK - Loaded 279 metrics across 15 sections
[2026-05-29 17:04:38] [SUMMARY   ]   Rejections: 8
[2026-05-29 17:04:38] [DETAIL    ]     - screener_raw | Insights | Empty metric
[2026-05-29 17:04:38] [DETAIL    ]     - screener_raw | Insights | Empty metric
[2026-05-29 17:04:38] [DETAIL    ]     - screener_raw | Insights | Empty metric
[2026-05-29 17:04:38] [DETAIL    ]     - screener_raw | Insights | Empty metric
[2026-05-29 17:04:38] [DETAIL    ]     - yahoofin_raw | info | Excluded: industryKey
[2026-05-29 17:04:38] [DETAIL    ]     - yahoofin_raw | info | Excluded: sectorKey
[2026-05-29 17:04:38] [DETAIL    ]     - yahoofin_raw | info | Excluded: executiveTeam
[2026-05-29 17:04:38] [DETAIL    ]     - yahoofin_raw | info | Excluded: maxAge
[2026-05-29 17:04:38] [TICKER    ] 
>>> Processing HDFCLIFE
[2026-05-29 17:04:38] [SUCCESS   ] 
✓ HDFCLIFE - Loaded 269 metrics across 13 sections
[2026-05-29 17:04:38] [SUMMARY   ]   Rejections: 8
[2026-05-29 17:04:38] [DETAIL    ]     - screener_raw | Insights | Empty metric
[2026-05-29 17:04:38] [DETAIL    ]     - screener_raw | Insights | Empty metric
[2026-05-29 17:04:38] [DETAIL    ]     - screener_raw | Insights | Empty metric
[2026-05-29 17:04:38] [DETAIL    ]     - screener_raw | Insights | Empty metric
[2026-05-29 17:04:38] [DETAIL    ]     - yahoofin_raw | info | Excluded: industryKey
[2026-05-29 17:04:38] [DETAIL    ]     - yahoofin_raw | info | Excluded: sectorKey
[2026-05-29 17:04:38] [DETAIL    ]     - yahoofin_raw | info | Excluded: executiveTeam
[2026-05-29 17:04:38] [DETAIL    ]     - yahoofin_raw | info | Excluded: maxAge
[2026-05-29 17:04:38] [TICKER    ] 
>>> Processing HEBL
[2026-05-29 17:04:38] [SUCCESS   ] 
✓ HEBL - Loaded 242 metrics across 13 sections
[2026-05-29 17:04:38] [SUMMARY   ]   Rejections: 8
[2026-05-29 17:04:38] [DETAIL    ]     - screener_raw | Insights | Empty metric
[2026-05-29 17:04:38] [DETAIL    ]     - screener_raw | Insights | Empty metric
[2026-05-29 17:04:38] [DETAIL    ]     - screener_raw | Insights | Empty metric
[2026-05-29 17:04:38] [DETAIL    ]     - screener_raw | Insights | Empty metric
[2026-05-29 17:04:38] [DETAIL    ]     - yahoofin_raw | info | Excluded: industryKey
[2026-05-29 17:04:38] [DETAIL    ]     - yahoofin_raw | info | Excluded: sectorKey
[2026-05-29 17:04:38] [DETAIL    ]     - yahoofin_raw | info | Excluded: executiveTeam
[2026-05-29 17:04:38] [DETAIL    ]     - yahoofin_raw | info | Excluded: maxAge
[2026-05-29 17:04:38] [TICKER    ] 
>>> Processing HINDCOPPER
[2026-05-29 17:04:38] [SUCCESS   ] 
✓ HINDCOPPER - Loaded 257 metrics across 13 sections
[2026-05-29 17:04:38] [SUMMARY   ]   Rejections: 5
[2026-05-29 17:04:38] [DETAIL    ]     - screener_raw | Insights | Empty metric
[2026-05-29 17:04:38] [DETAIL    ]     - yahoofin_raw | info | Excluded: industryKey
[2026-05-29 17:04:38] [DETAIL    ]     - yahoofin_raw | info | Excluded: sectorKey
[2026-05-29 17:04:38] [DETAIL    ]     - yahoofin_raw | info | Excluded: executiveTeam
[2026-05-29 17:04:38] [DETAIL    ]     - yahoofin_raw | info | Excluded: maxAge
[2026-05-29 17:04:38] [TICKER    ] 
>>> Processing HINDZINC
[2026-05-29 17:04:38] [SUCCESS   ] 
✓ HINDZINC - Loaded 270 metrics across 13 sections
[2026-05-29 17:04:38] [SUMMARY   ]   Rejections: 11
[2026-05-29 17:04:38] [DETAIL    ]     - screener_raw | Insights | Empty metric
[2026-05-29 17:04:38] [DETAIL    ]     - screener_raw | Insights | Empty metric
[2026-05-29 17:04:38] [DETAIL    ]     - screener_raw | Insights | Empty metric
[2026-05-29 17:04:38] [DETAIL    ]     - screener_raw | Insights | Empty metric
[2026-05-29 17:04:38] [DETAIL    ]     - screener_raw | Insights | Empty metric
[2026-05-29 17:04:38] [DETAIL    ]     - screener_raw | Insights | Empty metric
[2026-05-29 17:04:38] [DETAIL    ]     - screener_raw | Insights | Empty metric
[2026-05-29 17:04:38] [DETAIL    ]     - yahoofin_raw | info | Excluded: industryKey
[2026-05-29 17:04:38] [DETAIL    ]     - yahoofin_raw | info | Excluded: sectorKey
[2026-05-29 17:04:38] [DETAIL    ]     - yahoofin_raw | info | Excluded: executiveTeam
[2026-05-29 17:04:38] [DETAIL    ]     ... and 1 more
[2026-05-29 17:04:38] [TICKER    ] 
>>> Processing HIRECT
[2026-05-29 17:04:38] [SUCCESS   ] 
✓ HIRECT - Loaded 247 metrics across 13 sections
[2026-05-29 17:04:38] [SUMMARY   ]   Rejections: 9
[2026-05-29 17:04:38] [DETAIL    ]     - screener_raw | Insights | Empty metric
[2026-05-29 17:04:38] [DETAIL    ]     - screener_raw | Insights | Empty metric
[2026-05-29 17:04:38] [DETAIL    ]     - screener_raw | Insights | Empty metric
[2026-05-29 17:04:38] [DETAIL    ]     - screener_raw | Insights | Empty metric
[2026-05-29 17:04:38] [DETAIL    ]     - screener_raw | Insights | Empty metric
[2026-05-29 17:04:38] [DETAIL    ]     - yahoofin_raw | info | Excluded: industryKey
[2026-05-29 17:04:38] [DETAIL    ]     - yahoofin_raw | info | Excluded: sectorKey
[2026-05-29 17:04:38] [DETAIL    ]     - yahoofin_raw | info | Excluded: executiveTeam
[2026-05-29 17:04:38] [DETAIL    ]     - yahoofin_raw | info | Excluded: maxAge
[2026-05-29 17:04:38] [TICKER    ] 
>>> Processing ICICIBANK
[2026-05-29 17:04:38] [SUCCESS   ] 
✓ ICICIBANK - Loaded 261 metrics across 13 sections
[2026-05-29 17:04:38] [SUMMARY   ]   Rejections: 8
[2026-05-29 17:04:38] [DETAIL    ]     - screener_raw | Insights | Empty metric
[2026-05-29 17:04:38] [DETAIL    ]     - screener_raw | Insights | Empty metric
[2026-05-29 17:04:38] [DETAIL    ]     - screener_raw | Insights | Empty metric
[2026-05-29 17:04:38] [DETAIL    ]     - screener_raw | Insights | Empty metric
[2026-05-29 17:04:38] [DETAIL    ]     - yahoofin_raw | info | Excluded: industryKey
[2026-05-29 17:04:38] [DETAIL    ]     - yahoofin_raw | info | Excluded: sectorKey
[2026-05-29 17:04:38] [DETAIL    ]     - yahoofin_raw | info | Excluded: executiveTeam
[2026-05-29 17:04:38] [DETAIL    ]     - yahoofin_raw | info | Excluded: maxAge
[2026-05-29 17:04:38] [TICKER    ] 
>>> Processing IDEAFORGE
[2026-05-29 17:04:38] [SUCCESS   ] 
✓ IDEAFORGE - Loaded 268 metrics across 15 sections
[2026-05-29 17:04:38] [SUMMARY   ]   Rejections: 12
[2026-05-29 17:04:38] [DETAIL    ]     - screener_raw | Insights | Empty metric
[2026-05-29 17:04:38] [DETAIL    ]     - screener_raw | Insights | Empty metric
[2026-05-29 17:04:38] [DETAIL    ]     - screener_raw | Insights | Empty metric
[2026-05-29 17:04:38] [DETAIL    ]     - screener_raw | Insights | Empty metric
[2026-05-29 17:04:38] [DETAIL    ]     - screener_raw | Insights | Empty metric
[2026-05-29 17:04:38] [DETAIL    ]     - screener_raw | Insights | Empty metric
[2026-05-29 17:04:38] [DETAIL    ]     - screener_raw | Insights | Empty metric
[2026-05-29 17:04:38] [DETAIL    ]     - screener_raw | Insights | Empty metric
[2026-05-29 17:04:38] [DETAIL    ]     - yahoofin_raw | info | Excluded: industryKey
[2026-05-29 17:04:38] [DETAIL    ]     - yahoofin_raw | info | Excluded: sectorKey
[2026-05-29 17:04:38] [DETAIL    ]     ... and 2 more
[2026-05-29 17:04:38] [TICKER    ] 
>>> Processing IDFCFIRSTB
[2026-05-29 17:04:38] [SUCCESS   ] 
✓ IDFCFIRSTB - Loaded 247 metrics across 13 sections
[2026-05-29 17:04:38] [SUMMARY   ]   Rejections: 9
[2026-05-29 17:04:38] [DETAIL    ]     - screener_raw | Insights | Empty metric
[2026-05-29 17:04:38] [DETAIL    ]     - screener_raw | Insights | Empty metric
[2026-05-29 17:04:38] [DETAIL    ]     - screener_raw | Insights | Empty metric
[2026-05-29 17:04:38] [DETAIL    ]     - screener_raw | Insights | Empty metric
[2026-05-29 17:04:38] [DETAIL    ]     - screener_raw | Insights | Empty metric
[2026-05-29 17:04:38] [DETAIL    ]     - yahoofin_raw | info | Excluded: industryKey
[2026-05-29 17:04:38] [DETAIL    ]     - yahoofin_raw | info | Excluded: sectorKey
[2026-05-29 17:04:38] [DETAIL    ]     - yahoofin_raw | info | Excluded: executiveTeam
[2026-05-29 17:04:38] [DETAIL    ]     - yahoofin_raw | info | Excluded: maxAge
[2026-05-29 17:04:38] [TICKER    ] 
>>> Processing IGIL
[2026-05-29 17:04:38] [SUCCESS   ] 
✓ IGIL - Loaded 257 metrics across 13 sections
[2026-05-29 17:04:38] [SUMMARY   ]   Rejections: 9
[2026-05-29 17:04:38] [DETAIL    ]     - screener_raw | Insights | Empty metric
[2026-05-29 17:04:38] [DETAIL    ]     - screener_raw | Insights | Empty metric
[2026-05-29 17:04:38] [DETAIL    ]     - screener_raw | Insights | Empty metric
[2026-05-29 17:04:38] [DETAIL    ]     - screener_raw | Insights | Empty metric
[2026-05-29 17:04:38] [DETAIL    ]     - screener_raw | Insights | Empty metric
[2026-05-29 17:04:38] [DETAIL    ]     - yahoofin_raw | info | Excluded: industryKey
[2026-05-29 17:04:38] [DETAIL    ]     - yahoofin_raw | info | Excluded: sectorKey
[2026-05-29 17:04:38] [DETAIL    ]     - yahoofin_raw | info | Excluded: executiveTeam
[2026-05-29 17:04:38] [DETAIL    ]     - yahoofin_raw | info | Excluded: maxAge
[2026-05-29 17:04:38] [TICKER    ] 
>>> Processing INDIANB
[2026-05-29 17:04:38] [SUCCESS   ] 
✓ INDIANB - Loaded 254 metrics across 13 sections
[2026-05-29 17:04:38] [SUMMARY   ]   Rejections: 6
[2026-05-29 17:04:38] [DETAIL    ]     - screener_raw | Insights | Empty metric
[2026-05-29 17:04:38] [DETAIL    ]     - screener_raw | Insights | Empty metric
[2026-05-29 17:04:38] [DETAIL    ]     - yahoofin_raw | info | Excluded: industryKey
[2026-05-29 17:04:38] [DETAIL    ]     - yahoofin_raw | info | Excluded: sectorKey
[2026-05-29 17:04:38] [DETAIL    ]     - yahoofin_raw | info | Excluded: executiveTeam
[2026-05-29 17:04:38] [DETAIL    ]     - yahoofin_raw | info | Excluded: maxAge
[2026-05-29 17:04:38] [TICKER    ] 
>>> Processing INDOTECH
[2026-05-29 17:04:38] [SUCCESS   ] 
✓ INDOTECH - Loaded 241 metrics across 13 sections
[2026-05-29 17:04:38] [SUMMARY   ]   Rejections: 11
[2026-05-29 17:04:38] [DETAIL    ]     - screener_raw | Insights | Empty metric
[2026-05-29 17:04:38] [DETAIL    ]     - screener_raw | Insights | Empty metric
[2026-05-29 17:04:38] [DETAIL    ]     - screener_raw | Insights | Empty metric
[2026-05-29 17:04:38] [DETAIL    ]     - screener_raw | Insights | Empty metric
[2026-05-29 17:04:38] [DETAIL    ]     - screener_raw | Insights | Empty metric
[2026-05-29 17:04:38] [DETAIL    ]     - screener_raw | Insights | Empty metric
[2026-05-29 17:04:38] [DETAIL    ]     - screener_raw | Insights | Empty metric
[2026-05-29 17:04:38] [DETAIL    ]     - yahoofin_raw | info | Excluded: industryKey
[2026-05-29 17:04:38] [DETAIL    ]     - yahoofin_raw | info | Excluded: sectorKey
[2026-05-29 17:04:38] [DETAIL    ]     - yahoofin_raw | info | Excluded: executiveTeam
[2026-05-29 17:04:38] [DETAIL    ]     ... and 1 more
[2026-05-29 17:04:38] [TICKER    ] 
>>> Processing INDUSTOWER
[2026-05-29 17:04:38] [SUCCESS   ] 
✓ INDUSTOWER - Loaded 267 metrics across 13 sections
[2026-05-29 17:04:38] [SUMMARY   ]   Rejections: 6
[2026-05-29 17:04:38] [DETAIL    ]     - screener_raw | Insights | Empty metric
[2026-05-29 17:04:38] [DETAIL    ]     - screener_raw | Insights | Empty metric
[2026-05-29 17:04:38] [DETAIL    ]     - yahoofin_raw | info | Excluded: industryKey
[2026-05-29 17:04:38] [DETAIL    ]     - yahoofin_raw | info | Excluded: sectorKey
[2026-05-29 17:04:38] [DETAIL    ]     - yahoofin_raw | info | Excluded: executiveTeam
[2026-05-29 17:04:38] [DETAIL    ]     - yahoofin_raw | info | Excluded: maxAge
[2026-05-29 17:04:38] [TICKER    ] 
>>> Processing INFY
[2026-05-29 17:04:38] [SUCCESS   ] 
✓ INFY - Loaded 280 metrics across 13 sections
[2026-05-29 17:04:38] [SUMMARY   ]   Rejections: 6
[2026-05-29 17:04:38] [DETAIL    ]     - screener_raw | Insights | Empty metric
[2026-05-29 17:04:38] [DETAIL    ]     - screener_raw | Insights | Empty metric
[2026-05-29 17:04:38] [DETAIL    ]     - yahoofin_raw | info | Excluded: industryKey
[2026-05-29 17:04:38] [DETAIL    ]     - yahoofin_raw | info | Excluded: sectorKey
[2026-05-29 17:04:38] [DETAIL    ]     - yahoofin_raw | info | Excluded: executiveTeam
[2026-05-29 17:04:38] [DETAIL    ]     - yahoofin_raw | info | Excluded: maxAge
[2026-05-29 17:04:38] [TICKER    ] 
>>> Processing INOXINDIA
[2026-05-29 17:04:38] [SUCCESS   ] 
✓ INOXINDIA - Loaded 257 metrics across 13 sections
[2026-05-29 17:04:38] [SUMMARY   ]   Rejections: 5
[2026-05-29 17:04:38] [DETAIL    ]     - screener_raw | Insights | Empty metric
[2026-05-29 17:04:38] [DETAIL    ]     - yahoofin_raw | info | Excluded: industryKey
[2026-05-29 17:04:38] [DETAIL    ]     - yahoofin_raw | info | Excluded: sectorKey
[2026-05-29 17:04:38] [DETAIL    ]     - yahoofin_raw | info | Excluded: executiveTeam
[2026-05-29 17:04:38] [DETAIL    ]     - yahoofin_raw | info | Excluded: maxAge
[2026-05-29 17:04:38] [TICKER    ] 
>>> Processing INTERARCH
[2026-05-29 17:04:38] [SUCCESS   ] 
✓ INTERARCH - Loaded 269 metrics across 15 sections
[2026-05-29 17:04:38] [SUMMARY   ]   Rejections: 10
[2026-05-29 17:04:38] [DETAIL    ]     - screener_raw | Insights | Empty metric
[2026-05-29 17:04:38] [DETAIL    ]     - screener_raw | Insights | Empty metric
[2026-05-29 17:04:38] [DETAIL    ]     - screener_raw | Insights | Empty metric
[2026-05-29 17:04:38] [DETAIL    ]     - screener_raw | Insights | Empty metric
[2026-05-29 17:04:38] [DETAIL    ]     - screener_raw | Insights | Empty metric
[2026-05-29 17:04:38] [DETAIL    ]     - screener_raw | Insights | Empty metric
[2026-05-29 17:04:38] [DETAIL    ]     - yahoofin_raw | info | Excluded: industryKey
[2026-05-29 17:04:38] [DETAIL    ]     - yahoofin_raw | info | Excluded: sectorKey
[2026-05-29 17:04:38] [DETAIL    ]     - yahoofin_raw | info | Excluded: executiveTeam
[2026-05-29 17:04:38] [DETAIL    ]     - yahoofin_raw | info | Excluded: maxAge
[2026-05-29 17:04:38] [TICKER    ] 
>>> Processing IOC
[2026-05-29 17:04:38] [SUCCESS   ] 
✓ IOC - Loaded 269 metrics across 13 sections
[2026-05-29 17:04:38] [SUMMARY   ]   Rejections: 6
[2026-05-29 17:04:38] [DETAIL    ]     - screener_raw | Insights | Empty metric
[2026-05-29 17:04:38] [DETAIL    ]     - screener_raw | Insights | Empty metric
[2026-05-29 17:04:38] [DETAIL    ]     - yahoofin_raw | info | Excluded: industryKey
[2026-05-29 17:04:38] [DETAIL    ]     - yahoofin_raw | info | Excluded: sectorKey
[2026-05-29 17:04:38] [DETAIL    ]     - yahoofin_raw | info | Excluded: executiveTeam
[2026-05-29 17:04:38] [DETAIL    ]     - yahoofin_raw | info | Excluded: maxAge
[2026-05-29 17:04:38] [TICKER    ] 
>>> Processing ITC
[2026-05-29 17:04:38] [SUCCESS   ] 
✓ ITC - Loaded 267 metrics across 13 sections
[2026-05-29 17:04:38] [SUMMARY   ]   Rejections: 6
[2026-05-29 17:04:38] [DETAIL    ]     - screener_raw | Insights | Empty metric
[2026-05-29 17:04:38] [DETAIL    ]     - screener_raw | Insights | Empty metric
[2026-05-29 17:04:38] [DETAIL    ]     - yahoofin_raw | info | Excluded: industryKey
[2026-05-29 17:04:38] [DETAIL    ]     - yahoofin_raw | info | Excluded: sectorKey
[2026-05-29 17:04:38] [DETAIL    ]     - yahoofin_raw | info | Excluded: executiveTeam
[2026-05-29 17:04:38] [DETAIL    ]     - yahoofin_raw | info | Excluded: maxAge
[2026-05-29 17:04:38] [TICKER    ] 
>>> Processing JYOTHYLAB
[2026-05-29 17:04:38] [SUCCESS   ] 
✓ JYOTHYLAB - Loaded 263 metrics across 13 sections
[2026-05-29 17:04:38] [SUMMARY   ]   Rejections: 6
[2026-05-29 17:04:38] [DETAIL    ]     - screener_raw | Insights | Empty metric
[2026-05-29 17:04:38] [DETAIL    ]     - screener_raw | Insights | Empty metric
[2026-05-29 17:04:38] [DETAIL    ]     - yahoofin_raw | info | Excluded: industryKey
[2026-05-29 17:04:38] [DETAIL    ]     - yahoofin_raw | info | Excluded: sectorKey
[2026-05-29 17:04:38] [DETAIL    ]     - yahoofin_raw | info | Excluded: executiveTeam
[2026-05-29 17:04:38] [DETAIL    ]     - yahoofin_raw | info | Excluded: maxAge
[2026-05-29 17:04:38] [TICKER    ] 
>>> Processing KAYNES
[2026-05-29 17:04:38] [SUCCESS   ] 
✓ KAYNES - Loaded 271 metrics across 15 sections
[2026-05-29 17:04:38] [SUMMARY   ]   Rejections: 8
[2026-05-29 17:04:38] [DETAIL    ]     - screener_raw | Insights | Empty metric
[2026-05-29 17:04:38] [DETAIL    ]     - screener_raw | Insights | Empty metric
[2026-05-29 17:04:38] [DETAIL    ]     - screener_raw | Insights | Empty metric
[2026-05-29 17:04:38] [DETAIL    ]     - screener_raw | Insights | Empty metric
[2026-05-29 17:04:38] [DETAIL    ]     - yahoofin_raw | info | Excluded: industryKey
[2026-05-29 17:04:38] [DETAIL    ]     - yahoofin_raw | info | Excluded: sectorKey
[2026-05-29 17:04:38] [DETAIL    ]     - yahoofin_raw | info | Excluded: executiveTeam
[2026-05-29 17:04:38] [DETAIL    ]     - yahoofin_raw | info | Excluded: maxAge
[2026-05-29 17:04:38] [TICKER    ] 
>>> Processing KEI
[2026-05-29 17:04:38] [SUCCESS   ] 
✓ KEI - Loaded 264 metrics across 13 sections
[2026-05-29 17:04:38] [SUMMARY   ]   Rejections: 7
[2026-05-29 17:04:38] [DETAIL    ]     - screener_raw | Insights | Empty metric
[2026-05-29 17:04:38] [DETAIL    ]     - screener_raw | Insights | Empty metric
[2026-05-29 17:04:38] [DETAIL    ]     - screener_raw | Insights | Empty metric
[2026-05-29 17:04:38] [DETAIL    ]     - yahoofin_raw | info | Excluded: industryKey
[2026-05-29 17:04:38] [DETAIL    ]     - yahoofin_raw | info | Excluded: sectorKey
[2026-05-29 17:04:38] [DETAIL    ]     - yahoofin_raw | info | Excluded: executiveTeam
[2026-05-29 17:04:38] [DETAIL    ]     - yahoofin_raw | info | Excluded: maxAge
[2026-05-29 17:04:38] [TICKER    ] 
>>> Processing KPENERGY
[2026-05-29 17:04:38] [SUCCESS   ] 
✓ KPENERGY - Loaded 245 metrics across 13 sections
[2026-05-29 17:04:38] [SUMMARY   ]   Rejections: 6
[2026-05-29 17:04:38] [DETAIL    ]     - screener_raw | Insights | Empty metric
[2026-05-29 17:04:38] [DETAIL    ]     - screener_raw | Insights | Empty metric
[2026-05-29 17:04:38] [DETAIL    ]     - yahoofin_raw | info | Excluded: industryKey
[2026-05-29 17:04:38] [DETAIL    ]     - yahoofin_raw | info | Excluded: sectorKey
[2026-05-29 17:04:38] [DETAIL    ]     - yahoofin_raw | info | Excluded: executiveTeam
[2026-05-29 17:04:38] [DETAIL    ]     - yahoofin_raw | info | Excluded: maxAge
[2026-05-29 17:04:38] [TICKER    ] 
>>> Processing KPPL
[2026-05-29 17:04:38] [SUCCESS   ] 
✓ KPPL - Loaded 232 metrics across 13 sections
[2026-05-29 17:04:38] [SUMMARY   ]   Rejections: 6
[2026-05-29 17:04:38] [DETAIL    ]     - screener_raw | Insights | Empty metric
[2026-05-29 17:04:38] [DETAIL    ]     - screener_raw | Insights | Empty metric
[2026-05-29 17:04:38] [DETAIL    ]     - yahoofin_raw | info | Excluded: industryKey
[2026-05-29 17:04:38] [DETAIL    ]     - yahoofin_raw | info | Excluded: sectorKey
[2026-05-29 17:04:38] [DETAIL    ]     - yahoofin_raw | info | Excluded: executiveTeam
[2026-05-29 17:04:38] [DETAIL    ]     - yahoofin_raw | info | Excluded: maxAge
[2026-05-29 17:04:38] [TICKER    ] 
>>> Processing MAHABANK
[2026-05-29 17:04:38] [SUCCESS   ] 
✓ MAHABANK - Loaded 242 metrics across 13 sections
[2026-05-29 17:04:38] [SUMMARY   ]   Rejections: 6
[2026-05-29 17:04:38] [DETAIL    ]     - screener_raw | Insights | Empty metric
[2026-05-29 17:04:38] [DETAIL    ]     - screener_raw | Insights | Empty metric
[2026-05-29 17:04:38] [DETAIL    ]     - yahoofin_raw | info | Excluded: industryKey
[2026-05-29 17:04:38] [DETAIL    ]     - yahoofin_raw | info | Excluded: sectorKey
[2026-05-29 17:04:38] [DETAIL    ]     - yahoofin_raw | info | Excluded: executiveTeam
[2026-05-29 17:04:38] [DETAIL    ]     - yahoofin_raw | info | Excluded: maxAge
[2026-05-29 17:04:38] [TICKER    ] 
>>> Processing MAITHANALL
[2026-05-29 17:04:38] [SUCCESS   ] 
✓ MAITHANALL - Loaded 243 metrics across 13 sections
[2026-05-29 17:04:38] [SUMMARY   ]   Rejections: 12
[2026-05-29 17:04:38] [DETAIL    ]     - screener_raw | Insights | Empty metric
[2026-05-29 17:04:38] [DETAIL    ]     - screener_raw | Insights | Empty metric
[2026-05-29 17:04:38] [DETAIL    ]     - screener_raw | Insights | Empty metric
[2026-05-29 17:04:38] [DETAIL    ]     - screener_raw | Insights | Empty metric
[2026-05-29 17:04:38] [DETAIL    ]     - screener_raw | Insights | Empty metric
[2026-05-29 17:04:38] [DETAIL    ]     - screener_raw | Insights | Empty metric
[2026-05-29 17:04:38] [DETAIL    ]     - screener_raw | Insights | Empty metric
[2026-05-29 17:04:38] [DETAIL    ]     - screener_raw | Insights | Empty metric
[2026-05-29 17:04:38] [DETAIL    ]     - yahoofin_raw | info | Excluded: industryKey
[2026-05-29 17:04:38] [DETAIL    ]     - yahoofin_raw | info | Excluded: sectorKey
[2026-05-29 17:04:38] [DETAIL    ]     ... and 2 more
[2026-05-29 17:04:38] [TICKER    ] 
>>> Processing MAPMYINDIA
[2026-05-29 17:04:38] [SUCCESS   ] 
✓ MAPMYINDIA - Loaded 279 metrics across 15 sections
[2026-05-29 17:04:38] [SUMMARY   ]   Rejections: 11
[2026-05-29 17:04:38] [DETAIL    ]     - screener_raw | Insights | Empty metric
[2026-05-29 17:04:38] [DETAIL    ]     - screener_raw | Insights | Empty metric
[2026-05-29 17:04:38] [DETAIL    ]     - screener_raw | Insights | Empty metric
[2026-05-29 17:04:38] [DETAIL    ]     - screener_raw | Insights | Empty metric
[2026-05-29 17:04:38] [DETAIL    ]     - screener_raw | Insights | Empty metric
[2026-05-29 17:04:38] [DETAIL    ]     - screener_raw | Insights | Empty metric
[2026-05-29 17:04:38] [DETAIL    ]     - screener_raw | Insights | Empty metric
[2026-05-29 17:04:38] [DETAIL    ]     - yahoofin_raw | info | Excluded: industryKey
[2026-05-29 17:04:38] [DETAIL    ]     - yahoofin_raw | info | Excluded: sectorKey
[2026-05-29 17:04:38] [DETAIL    ]     - yahoofin_raw | info | Excluded: executiveTeam
[2026-05-29 17:04:38] [DETAIL    ]     ... and 1 more
[2026-05-29 17:04:38] [TICKER    ] 
>>> Processing MARKSANS
[2026-05-29 17:04:38] [SUCCESS   ] 
✓ MARKSANS - Loaded 256 metrics across 13 sections
[2026-05-29 17:04:38] [SUMMARY   ]   Rejections: 8
[2026-05-29 17:04:38] [DETAIL    ]     - screener_raw | Insights | Empty metric
[2026-05-29 17:04:38] [DETAIL    ]     - screener_raw | Insights | Empty metric
[2026-05-29 17:04:38] [DETAIL    ]     - screener_raw | Insights | Empty metric
[2026-05-29 17:04:38] [DETAIL    ]     - screener_raw | Insights | Empty metric
[2026-05-29 17:04:38] [DETAIL    ]     - yahoofin_raw | info | Excluded: industryKey
[2026-05-29 17:04:38] [DETAIL    ]     - yahoofin_raw | info | Excluded: sectorKey
[2026-05-29 17:04:38] [DETAIL    ]     - yahoofin_raw | info | Excluded: executiveTeam
[2026-05-29 17:04:38] [DETAIL    ]     - yahoofin_raw | info | Excluded: maxAge
[2026-05-29 17:04:38] [TICKER    ] 
>>> Processing MBEL
[2026-05-29 17:04:38] [SUCCESS   ] 
✓ MBEL - Loaded 243 metrics across 13 sections
[2026-05-29 17:04:38] [SUMMARY   ]   Rejections: 4
[2026-05-29 17:04:38] [DETAIL    ]     - yahoofin_raw | info | Excluded: industryKey
[2026-05-29 17:04:38] [DETAIL    ]     - yahoofin_raw | info | Excluded: sectorKey
[2026-05-29 17:04:38] [DETAIL    ]     - yahoofin_raw | info | Excluded: executiveTeam
[2026-05-29 17:04:38] [DETAIL    ]     - yahoofin_raw | info | Excluded: maxAge
[2026-05-29 17:04:38] [TICKER    ] 
>>> Processing MCDOWELL-N
[2026-05-29 17:04:38] [SUCCESS   ] 
✓ MCDOWELL-N - Loaded 265 metrics across 13 sections
[2026-05-29 17:04:38] [SUMMARY   ]   Rejections: 5
[2026-05-29 17:04:38] [DETAIL    ]     - screener_raw | Insights | Empty metric
[2026-05-29 17:04:38] [DETAIL    ]     - yahoofin_raw | info | Excluded: industryKey
[2026-05-29 17:04:38] [DETAIL    ]     - yahoofin_raw | info | Excluded: sectorKey
[2026-05-29 17:04:38] [DETAIL    ]     - yahoofin_raw | info | Excluded: executiveTeam
[2026-05-29 17:04:38] [DETAIL    ]     - yahoofin_raw | info | Excluded: maxAge
[2026-05-29 17:04:38] [TICKER    ] 
>>> Processing NCC
[2026-05-29 17:04:38] [SUCCESS   ] 
✓ NCC - Loaded 260 metrics across 13 sections
[2026-05-29 17:04:38] [SUMMARY   ]   Rejections: 9
[2026-05-29 17:04:38] [DETAIL    ]     - screener_raw | Insights | Empty metric
[2026-05-29 17:04:38] [DETAIL    ]     - screener_raw | Insights | Empty metric
[2026-05-29 17:04:38] [DETAIL    ]     - screener_raw | Insights | Empty metric
[2026-05-29 17:04:38] [DETAIL    ]     - screener_raw | Insights | Empty metric
[2026-05-29 17:04:38] [DETAIL    ]     - screener_raw | Insights | Empty metric
[2026-05-29 17:04:38] [DETAIL    ]     - yahoofin_raw | info | Excluded: industryKey
[2026-05-29 17:04:38] [DETAIL    ]     - yahoofin_raw | info | Excluded: sectorKey
[2026-05-29 17:04:38] [DETAIL    ]     - yahoofin_raw | info | Excluded: executiveTeam
[2026-05-29 17:04:38] [DETAIL    ]     - yahoofin_raw | info | Excluded: maxAge
[2026-05-29 17:04:38] [TICKER    ] 
>>> Processing NETWEB
[2026-05-29 17:04:38] [SUCCESS   ] 
✓ NETWEB - Loaded 257 metrics across 13 sections
[2026-05-29 17:04:38] [SUMMARY   ]   Rejections: 12
[2026-05-29 17:04:38] [DETAIL    ]     - screener_raw | Insights | Empty metric
[2026-05-29 17:04:38] [DETAIL    ]     - screener_raw | Insights | Empty metric
[2026-05-29 17:04:38] [DETAIL    ]     - screener_raw | Insights | Empty metric
[2026-05-29 17:04:38] [DETAIL    ]     - screener_raw | Insights | Empty metric
[2026-05-29 17:04:38] [DETAIL    ]     - screener_raw | Insights | Empty metric
[2026-05-29 17:04:38] [DETAIL    ]     - screener_raw | Insights | Empty metric
[2026-05-29 17:04:38] [DETAIL    ]     - screener_raw | Insights | Empty metric
[2026-05-29 17:04:38] [DETAIL    ]     - screener_raw | Insights | Empty metric
[2026-05-29 17:04:38] [DETAIL    ]     - yahoofin_raw | info | Excluded: industryKey
[2026-05-29 17:04:38] [DETAIL    ]     - yahoofin_raw | info | Excluded: sectorKey
[2026-05-29 17:04:38] [DETAIL    ]     ... and 2 more
[2026-05-29 17:04:38] [TICKER    ] 
>>> Processing OIL
[2026-05-29 17:04:38] [SUCCESS   ] 
✓ OIL - Loaded 269 metrics across 13 sections
[2026-05-29 17:04:38] [SUMMARY   ]   Rejections: 5
[2026-05-29 17:04:38] [DETAIL    ]     - screener_raw | Insights | Empty metric
[2026-05-29 17:04:38] [DETAIL    ]     - yahoofin_raw | info | Excluded: industryKey
[2026-05-29 17:04:38] [DETAIL    ]     - yahoofin_raw | info | Excluded: sectorKey
[2026-05-29 17:04:38] [DETAIL    ]     - yahoofin_raw | info | Excluded: executiveTeam
[2026-05-29 17:04:38] [DETAIL    ]     - yahoofin_raw | info | Excluded: maxAge
[2026-05-29 17:04:38] [TICKER    ] 
>>> Processing PFC
[2026-05-29 17:04:38] [SUCCESS   ] 
✓ PFC - Loaded 263 metrics across 13 sections
[2026-05-29 17:04:38] [SUMMARY   ]   Rejections: 7
[2026-05-29 17:04:38] [DETAIL    ]     - screener_raw | Insights | Empty metric
[2026-05-29 17:04:38] [DETAIL    ]     - screener_raw | Insights | Empty metric
[2026-05-29 17:04:38] [DETAIL    ]     - screener_raw | Insights | Empty metric
[2026-05-29 17:04:38] [DETAIL    ]     - yahoofin_raw | info | Excluded: industryKey
[2026-05-29 17:04:38] [DETAIL    ]     - yahoofin_raw | info | Excluded: sectorKey
[2026-05-29 17:04:38] [DETAIL    ]     - yahoofin_raw | info | Excluded: executiveTeam
[2026-05-29 17:04:38] [DETAIL    ]     - yahoofin_raw | info | Excluded: maxAge
[2026-05-29 17:04:38] [TICKER    ] 
>>> Processing POWERGRID
[2026-05-29 17:04:38] [SUCCESS   ] 
✓ POWERGRID - Loaded 270 metrics across 13 sections
[2026-05-29 17:04:38] [SUMMARY   ]   Rejections: 5
[2026-05-29 17:04:38] [DETAIL    ]     - screener_raw | Insights | Empty metric
[2026-05-29 17:04:38] [DETAIL    ]     - yahoofin_raw | info | Excluded: industryKey
[2026-05-29 17:04:38] [DETAIL    ]     - yahoofin_raw | info | Excluded: sectorKey
[2026-05-29 17:04:38] [DETAIL    ]     - yahoofin_raw | info | Excluded: executiveTeam
[2026-05-29 17:04:38] [DETAIL    ]     - yahoofin_raw | info | Excluded: maxAge
[2026-05-29 17:04:38] [TICKER    ] 
>>> Processing PVRINOX
[2026-05-29 17:04:38] [SUCCESS   ] 
✓ PVRINOX - Loaded 256 metrics across 13 sections
[2026-05-29 17:04:38] [SUMMARY   ]   Rejections: 7
[2026-05-29 17:04:38] [DETAIL    ]     - screener_raw | Insights | Empty metric
[2026-05-29 17:04:38] [DETAIL    ]     - screener_raw | Insights | Empty metric
[2026-05-29 17:04:38] [DETAIL    ]     - screener_raw | Insights | Empty metric
[2026-05-29 17:04:38] [DETAIL    ]     - yahoofin_raw | info | Excluded: industryKey
[2026-05-29 17:04:38] [DETAIL    ]     - yahoofin_raw | info | Excluded: sectorKey
[2026-05-29 17:04:38] [DETAIL    ]     - yahoofin_raw | info | Excluded: executiveTeam
[2026-05-29 17:04:38] [DETAIL    ]     - yahoofin_raw | info | Excluded: maxAge
[2026-05-29 17:04:38] [TICKER    ] 
>>> Processing QUALITY
[2026-05-29 17:04:38] [SUCCESS   ] 
✓ QUALITY - Loaded 250 metrics across 13 sections
[2026-05-29 17:04:38] [SUMMARY   ]   Rejections: 9
[2026-05-29 17:04:38] [DETAIL    ]     - screener_raw | Insights | Empty metric
[2026-05-29 17:04:38] [DETAIL    ]     - screener_raw | Insights | Empty metric
[2026-05-29 17:04:38] [DETAIL    ]     - screener_raw | Insights | Empty metric
[2026-05-29 17:04:38] [DETAIL    ]     - screener_raw | Insights | Empty metric
[2026-05-29 17:04:38] [DETAIL    ]     - screener_raw | Insights | Empty metric
[2026-05-29 17:04:38] [DETAIL    ]     - yahoofin_raw | info | Excluded: industryKey
[2026-05-29 17:04:38] [DETAIL    ]     - yahoofin_raw | info | Excluded: sectorKey
[2026-05-29 17:04:38] [DETAIL    ]     - yahoofin_raw | info | Excluded: executiveTeam
[2026-05-29 17:04:38] [DETAIL    ]     - yahoofin_raw | info | Excluded: maxAge
[2026-05-29 17:04:38] [TICKER    ] 
>>> Processing RATEGAIN
[2026-05-29 17:04:38] [SUCCESS   ] 
✓ RATEGAIN - Loaded 243 metrics across 13 sections
[2026-05-29 17:04:38] [SUMMARY   ]   Rejections: 9
[2026-05-29 17:04:38] [DETAIL    ]     - screener_raw | Insights | Empty metric
[2026-05-29 17:04:38] [DETAIL    ]     - screener_raw | Insights | Empty metric
[2026-05-29 17:04:38] [DETAIL    ]     - screener_raw | Insights | Empty metric
[2026-05-29 17:04:38] [DETAIL    ]     - screener_raw | Insights | Empty metric
[2026-05-29 17:04:38] [DETAIL    ]     - screener_raw | Insights | Empty metric
[2026-05-29 17:04:38] [DETAIL    ]     - yahoofin_raw | info | Excluded: industryKey
[2026-05-29 17:04:38] [DETAIL    ]     - yahoofin_raw | info | Excluded: sectorKey
[2026-05-29 17:04:38] [DETAIL    ]     - yahoofin_raw | info | Excluded: executiveTeam
[2026-05-29 17:04:38] [DETAIL    ]     - yahoofin_raw | info | Excluded: maxAge
[2026-05-29 17:04:38] [TICKER    ] 
>>> Processing RECLTD
[2026-05-29 17:04:38] [SUCCESS   ] 
✓ RECLTD - Loaded 262 metrics across 13 sections
[2026-05-29 17:04:38] [SUMMARY   ]   Rejections: 4
[2026-05-29 17:04:38] [DETAIL    ]     - yahoofin_raw | info | Excluded: industryKey
[2026-05-29 17:04:38] [DETAIL    ]     - yahoofin_raw | info | Excluded: sectorKey
[2026-05-29 17:04:38] [DETAIL    ]     - yahoofin_raw | info | Excluded: executiveTeam
[2026-05-29 17:04:38] [DETAIL    ]     - yahoofin_raw | info | Excluded: maxAge
[2026-05-29 17:04:38] [TICKER    ] 
>>> Processing REDTAPE
[2026-05-29 17:04:38] [SUCCESS   ] 
✓ REDTAPE - Loaded 241 metrics across 13 sections
[2026-05-29 17:04:38] [SUMMARY   ]   Rejections: 9
[2026-05-29 17:04:38] [DETAIL    ]     - screener_raw | Insights | Empty metric
[2026-05-29 17:04:38] [DETAIL    ]     - screener_raw | Insights | Empty metric
[2026-05-29 17:04:38] [DETAIL    ]     - screener_raw | Insights | Empty metric
[2026-05-29 17:04:38] [DETAIL    ]     - screener_raw | Insights | Empty metric
[2026-05-29 17:04:38] [DETAIL    ]     - screener_raw | Insights | Empty metric
[2026-05-29 17:04:38] [DETAIL    ]     - yahoofin_raw | info | Excluded: industryKey
[2026-05-29 17:04:38] [DETAIL    ]     - yahoofin_raw | info | Excluded: sectorKey
[2026-05-29 17:04:38] [DETAIL    ]     - yahoofin_raw | info | Excluded: executiveTeam
[2026-05-29 17:04:38] [DETAIL    ]     - yahoofin_raw | info | Excluded: maxAge
[2026-05-29 17:04:38] [TICKER    ] 
>>> Processing REPCOHOME
[2026-05-29 17:04:38] [SUCCESS   ] 
✓ REPCOHOME - Loaded 246 metrics across 13 sections
[2026-05-29 17:04:38] [SUMMARY   ]   Rejections: 8
[2026-05-29 17:04:38] [DETAIL    ]     - screener_raw | Insights | Empty metric
[2026-05-29 17:04:38] [DETAIL    ]     - screener_raw | Insights | Empty metric
[2026-05-29 17:04:38] [DETAIL    ]     - screener_raw | Insights | Empty metric
[2026-05-29 17:04:38] [DETAIL    ]     - screener_raw | Insights | Empty metric
[2026-05-29 17:04:38] [DETAIL    ]     - yahoofin_raw | info | Excluded: industryKey
[2026-05-29 17:04:38] [DETAIL    ]     - yahoofin_raw | info | Excluded: sectorKey
[2026-05-29 17:04:38] [DETAIL    ]     - yahoofin_raw | info | Excluded: executiveTeam
[2026-05-29 17:04:38] [DETAIL    ]     - yahoofin_raw | info | Excluded: maxAge
[2026-05-29 17:04:38] [TICKER    ] 
>>> Processing REVATHI
[2026-05-29 17:04:38] [SUCCESS   ] 
✓ REVATHI - Loaded 225 metrics across 13 sections
[2026-05-29 17:04:38] [SUMMARY   ]   Rejections: 8
[2026-05-29 17:04:38] [DETAIL    ]     - screener_raw | Insights | Empty metric
[2026-05-29 17:04:38] [DETAIL    ]     - screener_raw | Insights | Empty metric
[2026-05-29 17:04:38] [DETAIL    ]     - screener_raw | Insights | Empty metric
[2026-05-29 17:04:38] [DETAIL    ]     - screener_raw | Insights | Empty metric
[2026-05-29 17:04:38] [DETAIL    ]     - yahoofin_raw | info | Excluded: industryKey
[2026-05-29 17:04:38] [DETAIL    ]     - yahoofin_raw | info | Excluded: sectorKey
[2026-05-29 17:04:38] [DETAIL    ]     - yahoofin_raw | info | Excluded: executiveTeam
[2026-05-29 17:04:38] [DETAIL    ]     - yahoofin_raw | info | Excluded: maxAge
[2026-05-29 17:04:38] [TICKER    ] 
>>> Processing ROSSTECH
[2026-05-29 17:04:38] [SUCCESS   ] 
✓ ROSSTECH - Loaded 260 metrics across 15 sections
[2026-05-29 17:04:38] [SUMMARY   ]   Rejections: 8
[2026-05-29 17:04:38] [DETAIL    ]     - screener_raw | Insights | Empty metric
[2026-05-29 17:04:38] [DETAIL    ]     - screener_raw | Insights | Empty metric
[2026-05-29 17:04:38] [DETAIL    ]     - screener_raw | Insights | Empty metric
[2026-05-29 17:04:38] [DETAIL    ]     - screener_raw | Insights | Empty metric
[2026-05-29 17:04:38] [DETAIL    ]     - yahoofin_raw | info | Excluded: industryKey
[2026-05-29 17:04:38] [DETAIL    ]     - yahoofin_raw | info | Excluded: sectorKey
[2026-05-29 17:04:38] [DETAIL    ]     - yahoofin_raw | info | Excluded: executiveTeam
[2026-05-29 17:04:38] [DETAIL    ]     - yahoofin_raw | info | Excluded: maxAge
[2026-05-29 17:04:38] [TICKER    ] 
>>> Processing S&SPOWER
[2026-05-29 17:04:38] [SUCCESS   ] 
✓ S&SPOWER - Loaded 226 metrics across 13 sections
[2026-05-29 17:04:38] [SUMMARY   ]   Rejections: 6
[2026-05-29 17:04:38] [DETAIL    ]     - screener_raw | Insights | Empty metric
[2026-05-29 17:04:38] [DETAIL    ]     - screener_raw | Insights | Empty metric
[2026-05-29 17:04:38] [DETAIL    ]     - yahoofin_raw | info | Excluded: industryKey
[2026-05-29 17:04:38] [DETAIL    ]     - yahoofin_raw | info | Excluded: sectorKey
[2026-05-29 17:04:38] [DETAIL    ]     - yahoofin_raw | info | Excluded: executiveTeam
[2026-05-29 17:04:38] [DETAIL    ]     - yahoofin_raw | info | Excluded: maxAge
[2026-05-29 17:04:38] [TICKER    ] 
>>> Processing SAGILITY
[2026-05-29 17:04:38] [SUCCESS   ] 
✓ SAGILITY - Loaded 273 metrics across 15 sections
[2026-05-29 17:04:38] [SUMMARY   ]   Rejections: 11
[2026-05-29 17:04:38] [DETAIL    ]     - screener_raw | Insights | Empty metric
[2026-05-29 17:04:38] [DETAIL    ]     - screener_raw | Insights | Empty metric
[2026-05-29 17:04:38] [DETAIL    ]     - screener_raw | Insights | Empty metric
[2026-05-29 17:04:38] [DETAIL    ]     - screener_raw | Insights | Empty metric
[2026-05-29 17:04:38] [DETAIL    ]     - screener_raw | Insights | Empty metric
[2026-05-29 17:04:38] [DETAIL    ]     - screener_raw | Insights | Empty metric
[2026-05-29 17:04:38] [DETAIL    ]     - screener_raw | Insights | Empty metric
[2026-05-29 17:04:38] [DETAIL    ]     - yahoofin_raw | info | Excluded: industryKey
[2026-05-29 17:04:38] [DETAIL    ]     - yahoofin_raw | info | Excluded: sectorKey
[2026-05-29 17:04:38] [DETAIL    ]     - yahoofin_raw | info | Excluded: executiveTeam
[2026-05-29 17:04:38] [DETAIL    ]     ... and 1 more
[2026-05-29 17:04:38] [TICKER    ] 
>>> Processing SANDUMA
[2026-05-29 17:04:38] [SUCCESS   ] 
✓ SANDUMA - Loaded 244 metrics across 13 sections
[2026-05-29 17:04:38] [SUMMARY   ]   Rejections: 8
[2026-05-29 17:04:38] [DETAIL    ]     - screener_raw | Insights | Empty metric
[2026-05-29 17:04:38] [DETAIL    ]     - screener_raw | Insights | Empty metric
[2026-05-29 17:04:38] [DETAIL    ]     - screener_raw | Insights | Empty metric
[2026-05-29 17:04:38] [DETAIL    ]     - screener_raw | Insights | Empty metric
[2026-05-29 17:04:38] [DETAIL    ]     - yahoofin_raw | info | Excluded: industryKey
[2026-05-29 17:04:38] [DETAIL    ]     - yahoofin_raw | info | Excluded: sectorKey
[2026-05-29 17:04:38] [DETAIL    ]     - yahoofin_raw | info | Excluded: executiveTeam
[2026-05-29 17:04:38] [DETAIL    ]     - yahoofin_raw | info | Excluded: maxAge
[2026-05-29 17:04:38] [TICKER    ] 
>>> Processing SBIN
[2026-05-29 17:04:38] [SUCCESS   ] 
✓ SBIN - Loaded 260 metrics across 13 sections
[2026-05-29 17:04:38] [SUMMARY   ]   Rejections: 10
[2026-05-29 17:04:38] [DETAIL    ]     - screener_raw | Insights | Empty metric
[2026-05-29 17:04:38] [DETAIL    ]     - screener_raw | Insights | Empty metric
[2026-05-29 17:04:38] [DETAIL    ]     - screener_raw | Insights | Empty metric
[2026-05-29 17:04:38] [DETAIL    ]     - screener_raw | Insights | Empty metric
[2026-05-29 17:04:38] [DETAIL    ]     - screener_raw | Insights | Empty metric
[2026-05-29 17:04:38] [DETAIL    ]     - screener_raw | Insights | Empty metric
[2026-05-29 17:04:38] [DETAIL    ]     - yahoofin_raw | info | Excluded: industryKey
[2026-05-29 17:04:38] [DETAIL    ]     - yahoofin_raw | info | Excluded: sectorKey
[2026-05-29 17:04:38] [DETAIL    ]     - yahoofin_raw | info | Excluded: executiveTeam
[2026-05-29 17:04:38] [DETAIL    ]     - yahoofin_raw | info | Excluded: maxAge
[2026-05-29 17:04:38] [TICKER    ] 
>>> Processing SHILCHAR
[2026-05-29 17:04:38] [SUCCESS   ] 
✓ SHILCHAR - Loaded 231 metrics across 13 sections
[2026-05-29 17:04:38] [SUMMARY   ]   Rejections: 7
[2026-05-29 17:04:38] [DETAIL    ]     - screener_raw | Insights | Empty metric
[2026-05-29 17:04:38] [DETAIL    ]     - screener_raw | Insights | Empty metric
[2026-05-29 17:04:38] [DETAIL    ]     - screener_raw | Insights | Empty metric
[2026-05-29 17:04:38] [DETAIL    ]     - yahoofin_raw | info | Excluded: industryKey
[2026-05-29 17:04:38] [DETAIL    ]     - yahoofin_raw | info | Excluded: sectorKey
[2026-05-29 17:04:38] [DETAIL    ]     - yahoofin_raw | info | Excluded: executiveTeam
[2026-05-29 17:04:38] [DETAIL    ]     - yahoofin_raw | info | Excluded: maxAge
[2026-05-29 17:04:38] [TICKER    ] 
>>> Processing SHREEREF
[2026-05-29 17:04:38] [SUCCESS   ] 
✓ SHREEREF - Loaded 228 metrics across 13 sections
[2026-05-29 17:04:38] [SUMMARY   ]   Rejections: 5
[2026-05-29 17:04:38] [DETAIL    ]     - screener_raw | Insights | Empty metric
[2026-05-29 17:04:38] [DETAIL    ]     - yahoofin_raw | info | Excluded: industryKey
[2026-05-29 17:04:38] [DETAIL    ]     - yahoofin_raw | info | Excluded: sectorKey
[2026-05-29 17:04:38] [DETAIL    ]     - yahoofin_raw | info | Excluded: executiveTeam
[2026-05-29 17:04:38] [DETAIL    ]     - yahoofin_raw | info | Excluded: maxAge
[2026-05-29 17:04:38] [TICKER    ] 
>>> Processing SIKA
[2026-05-29 17:04:38] [SUCCESS   ] 
✓ SIKA - Loaded 187 metrics across 12 sections
[2026-05-29 17:04:38] [SUMMARY   ]   Rejections: 8
[2026-05-29 17:04:38] [DETAIL    ]     - screener_raw | Insights | Empty metric
[2026-05-29 17:04:38] [DETAIL    ]     - screener_raw | Insights | Empty metric
[2026-05-29 17:04:38] [DETAIL    ]     - screener_raw | Insights | Empty metric
[2026-05-29 17:04:38] [DETAIL    ]     - screener_raw | Insights | Empty metric
[2026-05-29 17:04:38] [DETAIL    ]     - yahoofin_raw | info | Excluded: industryKey
[2026-05-29 17:04:38] [DETAIL    ]     - yahoofin_raw | info | Excluded: sectorKey
[2026-05-29 17:04:38] [DETAIL    ]     - yahoofin_raw | info | Excluded: executiveTeam
[2026-05-29 17:04:38] [DETAIL    ]     - yahoofin_raw | info | Excluded: maxAge
[2026-05-29 17:04:38] [TICKER    ] 
>>> Processing SKMEGGPROD
[2026-05-29 17:04:38] [SUCCESS   ] 
✓ SKMEGGPROD - Loaded 242 metrics across 13 sections
[2026-05-29 17:04:38] [SUMMARY   ]   Rejections: 7
[2026-05-29 17:04:38] [DETAIL    ]     - screener_raw | Insights | Empty metric
[2026-05-29 17:04:38] [DETAIL    ]     - screener_raw | Insights | Empty metric
[2026-05-29 17:04:38] [DETAIL    ]     - screener_raw | Insights | Empty metric
[2026-05-29 17:04:38] [DETAIL    ]     - yahoofin_raw | info | Excluded: industryKey
[2026-05-29 17:04:38] [DETAIL    ]     - yahoofin_raw | info | Excluded: sectorKey
[2026-05-29 17:04:38] [DETAIL    ]     - yahoofin_raw | info | Excluded: executiveTeam
[2026-05-29 17:04:38] [DETAIL    ]     - yahoofin_raw | info | Excluded: maxAge
[2026-05-29 17:04:38] [TICKER    ] 
>>> Processing SUNFLAG
[2026-05-29 17:04:38] [SUCCESS   ] 
✓ SUNFLAG - Loaded 237 metrics across 13 sections
[2026-05-29 17:04:38] [SUMMARY   ]   Rejections: 5
[2026-05-29 17:04:38] [DETAIL    ]     - screener_raw | Insights | Empty metric
[2026-05-29 17:04:38] [DETAIL    ]     - yahoofin_raw | info | Excluded: industryKey
[2026-05-29 17:04:38] [DETAIL    ]     - yahoofin_raw | info | Excluded: sectorKey
[2026-05-29 17:04:38] [DETAIL    ]     - yahoofin_raw | info | Excluded: executiveTeam
[2026-05-29 17:04:38] [DETAIL    ]     - yahoofin_raw | info | Excluded: maxAge
[2026-05-29 17:04:38] [TICKER    ] 
>>> Processing SUPRIYA
[2026-05-29 17:04:38] [SUCCESS   ] 
✓ SUPRIYA - Loaded 253 metrics across 13 sections
[2026-05-29 17:04:38] [SUMMARY   ]   Rejections: 14
[2026-05-29 17:04:38] [DETAIL    ]     - screener_raw | Insights | Empty metric
[2026-05-29 17:04:38] [DETAIL    ]     - screener_raw | Insights | Empty metric
[2026-05-29 17:04:38] [DETAIL    ]     - screener_raw | Insights | Empty metric
[2026-05-29 17:04:38] [DETAIL    ]     - screener_raw | Insights | Empty metric
[2026-05-29 17:04:38] [DETAIL    ]     - screener_raw | Insights | Empty metric
[2026-05-29 17:04:38] [DETAIL    ]     - screener_raw | Insights | Empty metric
[2026-05-29 17:04:38] [DETAIL    ]     - screener_raw | Insights | Empty metric
[2026-05-29 17:04:38] [DETAIL    ]     - screener_raw | Insights | Empty metric
[2026-05-29 17:04:38] [DETAIL    ]     - screener_raw | Insights | Empty metric
[2026-05-29 17:04:38] [DETAIL    ]     - screener_raw | Insights | Empty metric
[2026-05-29 17:04:38] [DETAIL    ]     ... and 4 more
[2026-05-29 17:04:38] [TICKER    ] 
>>> Processing SUYOG
[2026-05-29 17:04:38] [SUCCESS   ] 
✓ SUYOG - Loaded 238 metrics across 13 sections
[2026-05-29 17:04:38] [SUMMARY   ]   Rejections: 4
[2026-05-29 17:04:38] [DETAIL    ]     - yahoofin_raw | info | Excluded: industryKey
[2026-05-29 17:04:38] [DETAIL    ]     - yahoofin_raw | info | Excluded: sectorKey
[2026-05-29 17:04:38] [DETAIL    ]     - yahoofin_raw | info | Excluded: executiveTeam
[2026-05-29 17:04:38] [DETAIL    ]     - yahoofin_raw | info | Excluded: maxAge
[2026-05-29 17:04:38] [TICKER    ] 
>>> Processing SUZLON
[2026-05-29 17:04:38] [SUCCESS   ] 
✓ SUZLON - Loaded 265 metrics across 13 sections
[2026-05-29 17:04:38] [SUMMARY   ]   Rejections: 6
[2026-05-29 17:04:38] [DETAIL    ]     - screener_raw | Insights | Empty metric
[2026-05-29 17:04:38] [DETAIL    ]     - screener_raw | Insights | Empty metric
[2026-05-29 17:04:38] [DETAIL    ]     - yahoofin_raw | info | Excluded: industryKey
[2026-05-29 17:04:38] [DETAIL    ]     - yahoofin_raw | info | Excluded: sectorKey
[2026-05-29 17:04:38] [DETAIL    ]     - yahoofin_raw | info | Excluded: executiveTeam
[2026-05-29 17:04:38] [DETAIL    ]     - yahoofin_raw | info | Excluded: maxAge
[2026-05-29 17:04:38] [TICKER    ] 
>>> Processing TATAPOWER
[2026-05-29 17:04:38] [SUCCESS   ] 
✓ TATAPOWER - Loaded 269 metrics across 13 sections
[2026-05-29 17:04:38] [SUMMARY   ]   Rejections: 5
[2026-05-29 17:04:38] [DETAIL    ]     - screener_raw | Insights | Empty metric
[2026-05-29 17:04:38] [DETAIL    ]     - yahoofin_raw | info | Excluded: industryKey
[2026-05-29 17:04:38] [DETAIL    ]     - yahoofin_raw | info | Excluded: sectorKey
[2026-05-29 17:04:38] [DETAIL    ]     - yahoofin_raw | info | Excluded: executiveTeam
[2026-05-29 17:04:38] [DETAIL    ]     - yahoofin_raw | info | Excluded: maxAge
[2026-05-29 17:04:38] [TICKER    ] 
>>> Processing TDPOWERSYS
[2026-05-29 17:04:38] [SUCCESS   ] 
✓ TDPOWERSYS - Loaded 256 metrics across 13 sections
[2026-05-29 17:04:38] [SUMMARY   ]   Rejections: 6
[2026-05-29 17:04:38] [DETAIL    ]     - screener_raw | Insights | Empty metric
[2026-05-29 17:04:38] [DETAIL    ]     - screener_raw | Insights | Empty metric
[2026-05-29 17:04:38] [DETAIL    ]     - yahoofin_raw | info | Excluded: industryKey
[2026-05-29 17:04:38] [DETAIL    ]     - yahoofin_raw | info | Excluded: sectorKey
[2026-05-29 17:04:38] [DETAIL    ]     - yahoofin_raw | info | Excluded: executiveTeam
[2026-05-29 17:04:38] [DETAIL    ]     - yahoofin_raw | info | Excluded: maxAge
[2026-05-29 17:04:38] [TICKER    ] 
>>> Processing TITANBIO
[2026-05-29 17:04:38] [SUCCESS   ] 
✓ TITANBIO - Loaded 256 metrics across 15 sections
[2026-05-29 17:04:38] [SUMMARY   ]   Rejections: 6
[2026-05-29 17:04:38] [DETAIL    ]     - screener_raw | Insights | Empty metric
[2026-05-29 17:04:38] [DETAIL    ]     - screener_raw | Insights | Empty metric
[2026-05-29 17:04:38] [DETAIL    ]     - yahoofin_raw | info | Excluded: industryKey
[2026-05-29 17:04:38] [DETAIL    ]     - yahoofin_raw | info | Excluded: sectorKey
[2026-05-29 17:04:38] [DETAIL    ]     - yahoofin_raw | info | Excluded: executiveTeam
[2026-05-29 17:04:38] [DETAIL    ]     - yahoofin_raw | info | Excluded: maxAge
[2026-05-29 17:04:38] [TICKER    ] 
>>> Processing TRUALT
[2026-05-29 17:04:38] [SUCCESS   ] 
✓ TRUALT - Loaded 246 metrics across 15 sections
[2026-05-29 17:04:38] [SUMMARY   ]   Rejections: 9
[2026-05-29 17:04:38] [DETAIL    ]     - screener_raw | Insights | Empty metric
[2026-05-29 17:04:38] [DETAIL    ]     - screener_raw | Insights | Empty metric
[2026-05-29 17:04:38] [DETAIL    ]     - screener_raw | Insights | Empty metric
[2026-05-29 17:04:38] [DETAIL    ]     - screener_raw | Insights | Empty metric
[2026-05-29 17:04:38] [DETAIL    ]     - screener_raw | Insights | Empty metric
[2026-05-29 17:04:38] [DETAIL    ]     - yahoofin_raw | info | Excluded: industryKey
[2026-05-29 17:04:38] [DETAIL    ]     - yahoofin_raw | info | Excluded: sectorKey
[2026-05-29 17:04:38] [DETAIL    ]     - yahoofin_raw | info | Excluded: executiveTeam
[2026-05-29 17:04:38] [DETAIL    ]     - yahoofin_raw | info | Excluded: maxAge
[2026-05-29 17:04:38] [TICKER    ] 
>>> Processing VEDL
[2026-05-29 17:04:38] [SUCCESS   ] 
✓ VEDL - Loaded 272 metrics across 13 sections
[2026-05-29 17:04:38] [SUMMARY   ]   Rejections: 9
[2026-05-29 17:04:38] [DETAIL    ]     - screener_raw | Insights | Empty metric
[2026-05-29 17:04:38] [DETAIL    ]     - screener_raw | Insights | Empty metric
[2026-05-29 17:04:38] [DETAIL    ]     - screener_raw | Insights | Empty metric
[2026-05-29 17:04:38] [DETAIL    ]     - screener_raw | Insights | Empty metric
[2026-05-29 17:04:38] [DETAIL    ]     - screener_raw | Insights | Empty metric
[2026-05-29 17:04:38] [DETAIL    ]     - yahoofin_raw | info | Excluded: industryKey
[2026-05-29 17:04:38] [DETAIL    ]     - yahoofin_raw | info | Excluded: sectorKey
[2026-05-29 17:04:38] [DETAIL    ]     - yahoofin_raw | info | Excluded: executiveTeam
[2026-05-29 17:04:38] [DETAIL    ]     - yahoofin_raw | info | Excluded: maxAge
[2026-05-29 17:04:38] [TICKER    ] 
>>> Processing VENTIVE
[2026-05-29 17:04:38] [SUCCESS   ] 
✓ VENTIVE - Loaded 250 metrics across 13 sections
[2026-05-29 17:04:38] [SUMMARY   ]   Rejections: 11
[2026-05-29 17:04:38] [DETAIL    ]     - screener_raw | Insights | Empty metric
[2026-05-29 17:04:38] [DETAIL    ]     - screener_raw | Insights | Empty metric
[2026-05-29 17:04:38] [DETAIL    ]     - screener_raw | Insights | Empty metric
[2026-05-29 17:04:38] [DETAIL    ]     - screener_raw | Insights | Empty metric
[2026-05-29 17:04:38] [DETAIL    ]     - screener_raw | Insights | Empty metric
[2026-05-29 17:04:38] [DETAIL    ]     - screener_raw | Insights | Empty metric
[2026-05-29 17:04:38] [DETAIL    ]     - screener_raw | Insights | Empty metric
[2026-05-29 17:04:38] [DETAIL    ]     - yahoofin_raw | info | Excluded: industryKey
[2026-05-29 17:04:38] [DETAIL    ]     - yahoofin_raw | info | Excluded: sectorKey
[2026-05-29 17:04:38] [DETAIL    ]     - yahoofin_raw | info | Excluded: executiveTeam
[2026-05-29 17:04:38] [DETAIL    ]     ... and 1 more
[2026-05-29 17:04:38] [TICKER    ] 
>>> Processing VOLTAMP
[2026-05-29 17:04:38] [SUCCESS   ] 
✓ VOLTAMP - Loaded 258 metrics across 13 sections
[2026-05-29 17:04:38] [SUMMARY   ]   Rejections: 10
[2026-05-29 17:04:38] [DETAIL    ]     - screener_raw | Insights | Empty metric
[2026-05-29 17:04:38] [DETAIL    ]     - screener_raw | Insights | Empty metric
[2026-05-29 17:04:38] [DETAIL    ]     - screener_raw | Insights | Empty metric
[2026-05-29 17:04:38] [DETAIL    ]     - screener_raw | Insights | Empty metric
[2026-05-29 17:04:38] [DETAIL    ]     - screener_raw | Insights | Empty metric
[2026-05-29 17:04:38] [DETAIL    ]     - screener_raw | Insights | Empty metric
[2026-05-29 17:04:38] [DETAIL    ]     - yahoofin_raw | info | Excluded: industryKey
[2026-05-29 17:04:38] [DETAIL    ]     - yahoofin_raw | info | Excluded: sectorKey
[2026-05-29 17:04:38] [DETAIL    ]     - yahoofin_raw | info | Excluded: executiveTeam
[2026-05-29 17:04:38] [DETAIL    ]     - yahoofin_raw | info | Excluded: maxAge
[2026-05-29 17:04:38] [TICKER    ] 
>>> Processing WAAREEENER
[2026-05-29 17:04:39] [SUCCESS   ] 
✓ WAAREEENER - Loaded 255 metrics across 13 sections
[2026-05-29 17:04:39] [SUMMARY   ]   Rejections: 12
[2026-05-29 17:04:39] [DETAIL    ]     - screener_raw | Insights | Empty metric
[2026-05-29 17:04:39] [DETAIL    ]     - screener_raw | Insights | Empty metric
[2026-05-29 17:04:39] [DETAIL    ]     - screener_raw | Insights | Empty metric
[2026-05-29 17:04:39] [DETAIL    ]     - screener_raw | Insights | Empty metric
[2026-05-29 17:04:39] [DETAIL    ]     - screener_raw | Insights | Empty metric
[2026-05-29 17:04:39] [DETAIL    ]     - screener_raw | Insights | Empty metric
[2026-05-29 17:04:39] [DETAIL    ]     - screener_raw | Insights | Empty metric
[2026-05-29 17:04:39] [DETAIL    ]     - screener_raw | Insights | Empty metric
[2026-05-29 17:04:39] [DETAIL    ]     - yahoofin_raw | info | Excluded: industryKey
[2026-05-29 17:04:39] [DETAIL    ]     - yahoofin_raw | info | Excluded: sectorKey
[2026-05-29 17:04:39] [DETAIL    ]     ... and 2 more
[2026-05-29 17:04:39] [TICKER    ] 
>>> Processing ZENTEC
[2026-05-29 17:04:39] [SUCCESS   ] 
✓ ZENTEC - Loaded 255 metrics across 13 sections
[2026-05-29 17:04:39] [SUMMARY   ]   Rejections: 8
[2026-05-29 17:04:39] [DETAIL    ]     - screener_raw | Insights | Empty metric
[2026-05-29 17:04:39] [DETAIL    ]     - screener_raw | Insights | Empty metric
[2026-05-29 17:04:39] [DETAIL    ]     - screener_raw | Insights | Empty metric
[2026-05-29 17:04:39] [DETAIL    ]     - screener_raw | Insights | Empty metric
[2026-05-29 17:04:39] [DETAIL    ]     - yahoofin_raw | info | Excluded: industryKey
[2026-05-29 17:04:39] [DETAIL    ]     - yahoofin_raw | info | Excluded: sectorKey
[2026-05-29 17:04:39] [DETAIL    ]     - yahoofin_raw | info | Excluded: executiveTeam
[2026-05-29 17:04:39] [DETAIL    ]     - yahoofin_raw | info | Excluded: maxAge
[2026-05-29 17:04:39] [TICKER    ] 
>>> Processing ZINKA
[2026-05-29 17:04:39] [SUCCESS   ] 
✓ ZINKA - Loaded 247 metrics across 13 sections
[2026-05-29 17:04:39] [SUMMARY   ]   Rejections: 7
[2026-05-29 17:04:39] [DETAIL    ]     - screener_raw | Insights | Empty metric
[2026-05-29 17:04:39] [DETAIL    ]     - screener_raw | Insights | Empty metric
[2026-05-29 17:04:39] [DETAIL    ]     - screener_raw | Insights | Empty metric
[2026-05-29 17:04:39] [DETAIL    ]     - yahoofin_raw | info | Excluded: industryKey
[2026-05-29 17:04:39] [DETAIL    ]     - yahoofin_raw | info | Excluded: sectorKey
[2026-05-29 17:04:39] [DETAIL    ]     - yahoofin_raw | info | Excluded: executiveTeam
[2026-05-29 17:04:39] [DETAIL    ]     - yahoofin_raw | info | Excluded: maxAge
[2026-05-29 17:04:39] [TICKER    ] 
>>> Processing JUNIORBEES
[2026-05-29 17:04:39] [SUCCESS   ] 
✓ JUNIORBEES - Loaded 132 metrics across 10 sections
[2026-05-29 17:04:39] [SUMMARY   ]   Rejections: 1
[2026-05-29 17:04:39] [DETAIL    ]     - yahoofin_raw | info | Excluded: maxAge
[2026-05-29 17:04:39] [TICKER    ] 
>>> Processing NIFTYBEES
[2026-05-29 17:04:39] [SUCCESS   ] 
✓ NIFTYBEES - Loaded 132 metrics across 10 sections
[2026-05-29 17:04:39] [SUMMARY   ]   Rejections: 1
[2026-05-29 17:04:39] [DETAIL    ]     - yahoofin_raw | info | Excluded: maxAge
[2026-05-29 17:04:39] [TICKER    ] 
>>> Processing SGBFEB32IV
[2026-05-29 17:04:39] [SUCCESS   ] 
✓ SGBFEB32IV - Loaded 9 metrics across 1 sections

========================================================================================================================
SAVING OUTPUT
========================================================================================================================
[2026-05-29 17:04:39] [SAVE      ] Output saved: /home/runner/work/bharatmarkets/bharatmarkets/data/market_data_raw.json
[2026-05-29 17:04:39] [SAVE      ] File size: 16957875 bytes (16560.42 KB)

========================================================================================================================
FINAL SUMMARY
========================================================================================================================
[2026-05-29 17:04:39] [COMPLETE  ] Processed 98 tickers successfully
[2026-05-29 17:04:39] [COMPLETE  ] Output file size: 16957875 bytes
[2026-05-29 17:04:39] [COMPLETE  ] Completed: 2026-05-29 17:04:39
