2026-05-21 17:30:19 | INFO     | ==========================================================================================
2026-05-21 17:30:19 | INFO     | 4-DATASET MERGER - START
2026-05-21 17:30:19 | INFO     | ==========================================================================================
2026-05-21 17:30:19 | INFO     | Repository root: /home/runner/work/bharatmarkets/bharatmarkets
2026-05-21 17:30:19 | INFO     | Current working directory: /home/runner/work/bharatmarkets/bharatmarkets
2026-05-21 17:30:19 | INFO     | Output file: /home/runner/work/bharatmarkets/bharatmarkets/data/raw_market_data.json
2026-05-21 17:30:19 | INFO     | Log file: /home/runner/work/bharatmarkets/bharatmarkets/data/logs/raw_market_data.log
2026-05-21 17:30:19 | INFO     | Checking source files from root: /home/runner/work/bharatmarkets/bharatmarkets
2026-05-21 17:30:19 | INFO     | ✓ Yahoo Finance Raw: data/yahoofin_raw_data.json (12.9 MB)
2026-05-21 17:30:19 | INFO     | ✓ Screener Raw: data/screener_raw_data.json (2.3 MB)
2026-05-21 17:30:19 | INFO     | ✓ Screener Financials: data/screener_financials.json (1.3 MB)
2026-05-21 17:30:19 | INFO     | ✓ Yahoo Finance Financials: data/yahoofin_financials.json (0.5 MB)
2026-05-21 17:30:19 | INFO     | Loading datasets...
2026-05-21 17:30:19 | INFO     | All datasets loaded successfully
2026-05-21 17:30:19 | INFO     | ==========================================================================================
2026-05-21 17:30:19 | INFO     | 4-DATASET TICKER-LEVEL MERGE
2026-05-21 17:30:19 | INFO     | ==========================================================================================
2026-05-21 17:30:19 | INFO     | Total unique tickers found: 97
2026-05-21 17:30:19 | INFO     | Merging 97 tickers...
2026-05-21 17:30:19 | INFO     | Saving to /home/runner/work/bharatmarkets/bharatmarkets/data/raw_market_data.json...
2026-05-21 17:30:19 | INFO     | ==========================================================================================
2026-05-21 17:30:19 | INFO     | MERGE STATISTICS
2026-05-21 17:30:19 | INFO     | ==========================================================================================
2026-05-21 17:30:19 | INFO     | Total Tickers: 97
2026-05-21 17:30:19 | INFO     | With yahoofin_raw: 97 (100.0%)
2026-05-21 17:30:19 | INFO     | With screener_raw: 97 (100.0%)
2026-05-21 17:30:19 | INFO     | With screener_financials: 92 (94.8%)
2026-05-21 17:30:19 | INFO     | With yahoofin_financials: 97 (100.0%)
2026-05-21 17:30:19 | INFO     | With all 4 datasets: 92 (94.8%)
2026-05-21 17:30:19 | INFO     | With at least 1 dataset: 97 (100.0%)
2026-05-21 17:30:19 | INFO     | ==========================================================================================
2026-05-21 17:30:19 | INFO     | ✅ MERGE COMPLETE
2026-05-21 17:30:19 | INFO     | ==========================================================================================
2026-05-21 17:30:19 | INFO     | Output file: /home/runner/work/bharatmarkets/bharatmarkets/data/raw_market_data.json
2026-05-21 17:30:19 | INFO     | Total tickers merged: 97
2026-05-21 17:30:19 | INFO     | ==========================================================================================
2026-05-21 17:30:19 | INFO     | MERGE SUCCESSFUL
2026-05-21 17:30:19 | INFO     | ==========================================================================================
2026-05-21 17:30:19 | INFO     | Output: data/raw_market_data.json
2026-05-21 17:30:19 | INFO     | Total tickers: 97
2026-05-21 17:30:19 | INFO     | Coverage: 92 companies with all 4 datasets (94.8%)
