[2026-05-10T10:48:55.101112+00:00] [INFO] START ticker=ABCAPITAL
[2026-05-10T10:48:55.101375+00:00] [INFO] PAYLOAD_SAVED ticker=ABCAPITAL provider=yahoo_finance path=/home/runner/work/bharatmarkets/bharatmarkets/raw_payloads/ABCAPITAL_yahoo_finance.json
[2026-05-10T10:48:55.101515+00:00] [INFO] PAYLOAD_SAVED ticker=ABCAPITAL provider=screener path=/home/runner/work/bharatmarkets/bharatmarkets/raw_payloads/ABCAPITAL_screener.json
[2026-05-10T10:48:55.101630+00:00] [INFO] PAYLOAD_SAVED ticker=ABCAPITAL provider=nse path=/home/runner/work/bharatmarkets/bharatmarkets/raw_payloads/ABCAPITAL_nse.json
[2026-05-10T10:48:55.101675+00:00] [INFO] SUCCESS ticker=ABCAPITAL
[2026-05-10T10:48:55.101700+00:00] [INFO] START ticker=ABFRL
[2026-05-10T10:48:55.101810+00:00] [INFO] PAYLOAD_SAVED ticker=ABFRL provider=yahoo_finance path=/home/runner/work/bharatmarkets/bharatmarkets/raw_payloads/ABFRL_yahoo_finance.json
[2026-05-10T10:48:55.101922+00:00] [INFO] PAYLOAD_SAVED ticker=ABFRL provider=screener path=/home/runner/work/bharatmarkets/bharatmarkets/raw_payloads/ABFRL_screener.json
[2026-05-10T10:48:55.102031+00:00] [INFO] PAYLOAD_SAVED ticker=ABFRL provider=nse path=/home/runner/work/bharatmarkets/bharatmarkets/raw_payloads/ABFRL_nse.json
[2026-05-10T10:48:55.102082+00:00] [INFO] SUCCESS ticker=ABFRL
[2026-05-10T10:48:55.102111+00:00] [INFO] START ticker=ACMESOLAR
[2026-05-10T10:48:55.102254+00:00] [INFO] PAYLOAD_SAVED ticker=ACMESOLAR provider=yahoo_finance path=/home/runner/work/bharatmarkets/bharatmarkets/raw_payloads/ACMESOLAR_yahoo_finance.json
[2026-05-10T10:48:55.102433+00:00] [INFO] PAYLOAD_SAVED ticker=ACMESOLAR provider=screener path=/home/runner/work/bharatmarkets/bharatmarkets/raw_payloads/ACMESOLAR_screener.json
[2026-05-10T10:48:55.102632+00:00] [INFO] PAYLOAD_SAVED ticker=ACMESOLAR provider=nse path=/home/runner/work/bharatmarkets/bharatmarkets/raw_payloads/ACMESOLAR_nse.json
[2026-05-10T10:48:55.102687+00:00] [INFO] SUCCESS ticker=ACMESOLAR
[2026-05-10T10:48:55.102717+00:00] [INFO] START ticker=AFCONS
[2026-05-10T10:48:55.102832+00:00] [INFO] PAYLOAD_SAVED ticker=AFCONS provider=yahoo_finance path=/home/runner/work/bharatmarkets/bharatmarkets/raw_payloads/AFCONS_yahoo_finance.json
[2026-05-10T10:48:55.102952+00:00] [INFO] PAYLOAD_SAVED ticker=AFCONS provider=screener path=/home/runner/work/bharatmarkets/bharatmarkets/raw_payloads/AFCONS_screener.json
[2026-05-10T10:48:55.103076+00:00] [INFO] PAYLOAD_SAVED ticker=AFCONS provider=nse path=/home/runner/work/bharatmarkets/bharatmarkets/raw_payloads/AFCONS_nse.json
[2026-05-10T10:48:55.103127+00:00] [INFO] SUCCESS ticker=AFCONS
[2026-05-10T10:48:55.103156+00:00] [INFO] START ticker=APOLLOHOSP
[2026-05-10T10:48:55.103277+00:00] [INFO] PAYLOAD_SAVED ticker=APOLLOHOSP provider=yahoo_finance path=/home/runner/work/bharatmarkets/bharatmarkets/raw_payloads/APOLLOHOSP_yahoo_finance.json
[2026-05-10T10:48:55.103418+00:00] [INFO] PAYLOAD_SAVED ticker=APOLLOHOSP provider=screener path=/home/runner/work/bharatmarkets/bharatmarkets/raw_payloads/APOLLOHOSP_screener.json
[2026-05-10T10:48:55.103536+00:00] [INFO] PAYLOAD_SAVED ticker=APOLLOHOSP provider=nse path=/home/runner/work/bharatmarkets/bharatmarkets/raw_payloads/APOLLOHOSP_nse.json
[2026-05-10T10:48:55.103580+00:00] [INFO] SUCCESS ticker=APOLLOHOSP
[2026-05-10T10:48:55.103606+00:00] [INFO] START ticker=ARE&M
[2026-05-10T10:48:55.103733+00:00] [INFO] PAYLOAD_SAVED ticker=ARE&M provider=yahoo_finance path=/home/runner/work/bharatmarkets/bharatmarkets/raw_payloads/ARE&M_yahoo_finance.json
[2026-05-10T10:48:55.103849+00:00] [INFO] PAYLOAD_SAVED ticker=ARE&M provider=screener path=/home/runner/work/bharatmarkets/bharatmarkets/raw_payloads/ARE&M_screener.json
[2026-05-10T10:48:55.103968+00:00] [INFO] PAYLOAD_SAVED ticker=ARE&M provider=nse path=/home/runner/work/bharatmarkets/bharatmarkets/raw_payloads/ARE&M_nse.json
[2026-05-10T10:48:55.104017+00:00] [INFO] SUCCESS ticker=ARE&M
[2026-05-10T10:48:55.104045+00:00] [INFO] START ticker=ARROWGREEN
[2026-05-10T10:48:55.104163+00:00] [INFO] PAYLOAD_SAVED ticker=ARROWGREEN provider=yahoo_finance path=/home/runner/work/bharatmarkets/bharatmarkets/raw_payloads/ARROWGREEN_yahoo_finance.json
[2026-05-10T10:48:55.104315+00:00] [INFO] PAYLOAD_SAVED ticker=ARROWGREEN provider=screener path=/home/runner/work/bharatmarkets/bharatmarkets/raw_payloads/ARROWGREEN_screener.json
[2026-05-10T10:48:55.104442+00:00] [INFO] PAYLOAD_SAVED ticker=ARROWGREEN provider=nse path=/home/runner/work/bharatmarkets/bharatmarkets/raw_payloads/ARROWGREEN_nse.json
[2026-05-10T10:48:55.104496+00:00] [INFO] SUCCESS ticker=ARROWGREEN
[2026-05-10T10:48:55.104525+00:00] [INFO] START ticker=ASALCBR
[2026-05-10T10:48:55.104637+00:00] [INFO] PAYLOAD_SAVED ticker=ASALCBR provider=yahoo_finance path=/home/runner/work/bharatmarkets/bharatmarkets/raw_payloads/ASALCBR_yahoo_finance.json
[2026-05-10T10:48:55.104764+00:00] [INFO] PAYLOAD_SAVED ticker=ASALCBR provider=screener path=/home/runner/work/bharatmarkets/bharatmarkets/raw_payloads/ASALCBR_screener.json
[2026-05-10T10:48:55.104894+00:00] [INFO] PAYLOAD_SAVED ticker=ASALCBR provider=nse path=/home/runner/work/bharatmarkets/bharatmarkets/raw_payloads/ASALCBR_nse.json
[2026-05-10T10:48:55.104942+00:00] [INFO] SUCCESS ticker=ASALCBR
[2026-05-10T10:48:55.104968+00:00] [INFO] START ticker=ASHOKA
[2026-05-10T10:48:55.105103+00:00] [INFO] PAYLOAD_SAVED ticker=ASHOKA provider=yahoo_finance path=/home/runner/work/bharatmarkets/bharatmarkets/raw_payloads/ASHOKA_yahoo_finance.json
[2026-05-10T10:48:55.105219+00:00] [INFO] PAYLOAD_SAVED ticker=ASHOKA provider=screener path=/home/runner/work/bharatmarkets/bharatmarkets/raw_payloads/ASHOKA_screener.json
[2026-05-10T10:48:55.105366+00:00] [INFO] PAYLOAD_SAVED ticker=ASHOKA provider=nse path=/home/runner/work/bharatmarkets/bharatmarkets/raw_payloads/ASHOKA_nse.json
[2026-05-10T10:48:55.105413+00:00] [INFO] SUCCESS ticker=ASHOKA
[2026-05-10T10:48:55.105438+00:00] [INFO] START ticker=AVANTIFEED
[2026-05-10T10:48:55.105546+00:00] [INFO] PAYLOAD_SAVED ticker=AVANTIFEED provider=yahoo_finance path=/home/runner/work/bharatmarkets/bharatmarkets/raw_payloads/AVANTIFEED_yahoo_finance.json
[2026-05-10T10:48:55.105726+00:00] [INFO] PAYLOAD_SAVED ticker=AVANTIFEED provider=screener path=/home/runner/work/bharatmarkets/bharatmarkets/raw_payloads/AVANTIFEED_screener.json
[2026-05-10T10:48:55.105838+00:00] [INFO] PAYLOAD_SAVED ticker=AVANTIFEED provider=nse path=/home/runner/work/bharatmarkets/bharatmarkets/raw_payloads/AVANTIFEED_nse.json
[2026-05-10T10:48:55.105878+00:00] [INFO] SUCCESS ticker=AVANTIFEED
[2026-05-10T10:48:55.105901+00:00] [INFO] START ticker=AZAD
[2026-05-10T10:48:55.106004+00:00] [INFO] PAYLOAD_SAVED ticker=AZAD provider=yahoo_finance path=/home/runner/work/bharatmarkets/bharatmarkets/raw_payloads/AZAD_yahoo_finance.json
[2026-05-10T10:48:55.106109+00:00] [INFO] PAYLOAD_SAVED ticker=AZAD provider=screener path=/home/runner/work/bharatmarkets/bharatmarkets/raw_payloads/AZAD_screener.json
[2026-05-10T10:48:55.106204+00:00] [INFO] PAYLOAD_SAVED ticker=AZAD provider=nse path=/home/runner/work/bharatmarkets/bharatmarkets/raw_payloads/AZAD_nse.json
[2026-05-10T10:48:55.106244+00:00] [INFO] SUCCESS ticker=AZAD
[2026-05-10T10:48:55.106269+00:00] [INFO] START ticker=AZADIND
[2026-05-10T10:48:55.106396+00:00] [INFO] PAYLOAD_SAVED ticker=AZADIND provider=yahoo_finance path=/home/runner/work/bharatmarkets/bharatmarkets/raw_payloads/AZADIND_yahoo_finance.json
[2026-05-10T10:48:55.106506+00:00] [INFO] PAYLOAD_SAVED ticker=AZADIND provider=screener path=/home/runner/work/bharatmarkets/bharatmarkets/raw_payloads/AZADIND_screener.json
[2026-05-10T10:48:55.106608+00:00] [INFO] PAYLOAD_SAVED ticker=AZADIND provider=nse path=/home/runner/work/bharatmarkets/bharatmarkets/raw_payloads/AZADIND_nse.json
[2026-05-10T10:48:55.106654+00:00] [INFO] SUCCESS ticker=AZADIND
[2026-05-10T10:48:55.106686+00:00] [INFO] START ticker=BDL
[2026-05-10T10:48:55.106812+00:00] [INFO] PAYLOAD_SAVED ticker=BDL provider=yahoo_finance path=/home/runner/work/bharatmarkets/bharatmarkets/raw_payloads/BDL_yahoo_finance.json
[2026-05-10T10:48:55.106931+00:00] [INFO] PAYLOAD_SAVED ticker=BDL provider=screener path=/home/runner/work/bharatmarkets/bharatmarkets/raw_payloads/BDL_screener.json
[2026-05-10T10:48:55.107065+00:00] [INFO] PAYLOAD_SAVED ticker=BDL provider=nse path=/home/runner/work/bharatmarkets/bharatmarkets/raw_payloads/BDL_nse.json
[2026-05-10T10:48:55.107108+00:00] [INFO] SUCCESS ticker=BDL
[2026-05-10T10:48:55.107133+00:00] [INFO] START ticker=BIOCON
[2026-05-10T10:48:55.107250+00:00] [INFO] PAYLOAD_SAVED ticker=BIOCON provider=yahoo_finance path=/home/runner/work/bharatmarkets/bharatmarkets/raw_payloads/BIOCON_yahoo_finance.json
[2026-05-10T10:48:55.107399+00:00] [INFO] PAYLOAD_SAVED ticker=BIOCON provider=screener path=/home/runner/work/bharatmarkets/bharatmarkets/raw_payloads/BIOCON_screener.json
[2026-05-10T10:48:55.107510+00:00] [INFO] PAYLOAD_SAVED ticker=BIOCON provider=nse path=/home/runner/work/bharatmarkets/bharatmarkets/raw_payloads/BIOCON_nse.json
[2026-05-10T10:48:55.107551+00:00] [INFO] SUCCESS ticker=BIOCON
[2026-05-10T10:48:55.107574+00:00] [INFO] START ticker=BLACKBOX
[2026-05-10T10:48:55.107683+00:00] [INFO] PAYLOAD_SAVED ticker=BLACKBOX provider=yahoo_finance path=/home/runner/work/bharatmarkets/bharatmarkets/raw_payloads/BLACKBOX_yahoo_finance.json
[2026-05-10T10:48:55.107785+00:00] [INFO] PAYLOAD_SAVED ticker=BLACKBOX provider=screener path=/home/runner/work/bharatmarkets/bharatmarkets/raw_payloads/BLACKBOX_screener.json
[2026-05-10T10:48:55.107891+00:00] [INFO] PAYLOAD_SAVED ticker=BLACKBOX provider=nse path=/home/runner/work/bharatmarkets/bharatmarkets/raw_payloads/BLACKBOX_nse.json
[2026-05-10T10:48:55.107939+00:00] [INFO] SUCCESS ticker=BLACKBOX
[2026-05-10T10:48:55.107963+00:00] [INFO] START ticker=CAPITALNUM
[2026-05-10T10:48:55.108071+00:00] [INFO] PAYLOAD_SAVED ticker=CAPITALNUM provider=yahoo_finance path=/home/runner/work/bharatmarkets/bharatmarkets/raw_payloads/CAPITALNUM_yahoo_finance.json
[2026-05-10T10:48:55.108194+00:00] [INFO] PAYLOAD_SAVED ticker=CAPITALNUM provider=screener path=/home/runner/work/bharatmarkets/bharatmarkets/raw_payloads/CAPITALNUM_screener.json
[2026-05-10T10:48:55.108344+00:00] [INFO] PAYLOAD_SAVED ticker=CAPITALNUM provider=nse path=/home/runner/work/bharatmarkets/bharatmarkets/raw_payloads/CAPITALNUM_nse.json
[2026-05-10T10:48:55.108393+00:00] [INFO] SUCCESS ticker=CAPITALNUM
[2026-05-10T10:48:55.108419+00:00] [INFO] START ticker=CDSL
[2026-05-10T10:48:55.108544+00:00] [INFO] PAYLOAD_SAVED ticker=CDSL provider=yahoo_finance path=/home/runner/work/bharatmarkets/bharatmarkets/raw_payloads/CDSL_yahoo_finance.json
[2026-05-10T10:48:55.108758+00:00] [INFO] PAYLOAD_SAVED ticker=CDSL provider=screener path=/home/runner/work/bharatmarkets/bharatmarkets/raw_payloads/CDSL_screener.json
[2026-05-10T10:48:55.108900+00:00] [INFO] PAYLOAD_SAVED ticker=CDSL provider=nse path=/home/runner/work/bharatmarkets/bharatmarkets/raw_payloads/CDSL_nse.json
[2026-05-10T10:48:55.108949+00:00] [INFO] SUCCESS ticker=CDSL
[2026-05-10T10:48:55.108977+00:00] [INFO] START ticker=CELLO
[2026-05-10T10:48:55.109097+00:00] [INFO] PAYLOAD_SAVED ticker=CELLO provider=yahoo_finance path=/home/runner/work/bharatmarkets/bharatmarkets/raw_payloads/CELLO_yahoo_finance.json
[2026-05-10T10:48:55.109206+00:00] [INFO] PAYLOAD_SAVED ticker=CELLO provider=screener path=/home/runner/work/bharatmarkets/bharatmarkets/raw_payloads/CELLO_screener.json
[2026-05-10T10:48:55.109336+00:00] [INFO] PAYLOAD_SAVED ticker=CELLO provider=nse path=/home/runner/work/bharatmarkets/bharatmarkets/raw_payloads/CELLO_nse.json
[2026-05-10T10:48:55.109381+00:00] [INFO] SUCCESS ticker=CELLO
[2026-05-10T10:48:55.109405+00:00] [INFO] START ticker=CIGNITITEC
[2026-05-10T10:48:55.109529+00:00] [INFO] PAYLOAD_SAVED ticker=CIGNITITEC provider=yahoo_finance path=/home/runner/work/bharatmarkets/bharatmarkets/raw_payloads/CIGNITITEC_yahoo_finance.json
[2026-05-10T10:48:55.109674+00:00] [INFO] PAYLOAD_SAVED ticker=CIGNITITEC provider=screener path=/home/runner/work/bharatmarkets/bharatmarkets/raw_payloads/CIGNITITEC_screener.json
[2026-05-10T10:48:55.109798+00:00] [INFO] PAYLOAD_SAVED ticker=CIGNITITEC provider=nse path=/home/runner/work/bharatmarkets/bharatmarkets/raw_payloads/CIGNITITEC_nse.json
[2026-05-10T10:48:55.109847+00:00] [INFO] SUCCESS ticker=CIGNITITEC
[2026-05-10T10:48:55.109873+00:00] [INFO] START ticker=COCHINSHIP
[2026-05-10T10:48:55.109990+00:00] [INFO] PAYLOAD_SAVED ticker=COCHINSHIP provider=yahoo_finance path=/home/runner/work/bharatmarkets/bharatmarkets/raw_payloads/COCHINSHIP_yahoo_finance.json
[2026-05-10T10:48:55.110104+00:00] [INFO] PAYLOAD_SAVED ticker=COCHINSHIP provider=screener path=/home/runner/work/bharatmarkets/bharatmarkets/raw_payloads/COCHINSHIP_screener.json
[2026-05-10T10:48:55.110214+00:00] [INFO] PAYLOAD_SAVED ticker=COCHINSHIP provider=nse path=/home/runner/work/bharatmarkets/bharatmarkets/raw_payloads/COCHINSHIP_nse.json
[2026-05-10T10:48:55.110259+00:00] [INFO] SUCCESS ticker=COCHINSHIP
[2026-05-10T10:48:55.110285+00:00] [INFO] START ticker=COFORGE
[2026-05-10T10:48:55.110428+00:00] [INFO] PAYLOAD_SAVED ticker=COFORGE provider=yahoo_finance path=/home/runner/work/bharatmarkets/bharatmarkets/raw_payloads/COFORGE_yahoo_finance.json
[2026-05-10T10:48:55.110531+00:00] [INFO] PAYLOAD_SAVED ticker=COFORGE provider=screener path=/home/runner/work/bharatmarkets/bharatmarkets/raw_payloads/COFORGE_screener.json
[2026-05-10T10:48:55.110650+00:00] [INFO] PAYLOAD_SAVED ticker=COFORGE provider=nse path=/home/runner/work/bharatmarkets/bharatmarkets/raw_payloads/COFORGE_nse.json
[2026-05-10T10:48:55.110698+00:00] [INFO] SUCCESS ticker=COFORGE
[2026-05-10T10:48:55.110725+00:00] [INFO] START ticker=DATAMATICS
[2026-05-10T10:48:55.110844+00:00] [INFO] PAYLOAD_SAVED ticker=DATAMATICS provider=yahoo_finance path=/home/runner/work/bharatmarkets/bharatmarkets/raw_payloads/DATAMATICS_yahoo_finance.json
[2026-05-10T10:48:55.110959+00:00] [INFO] PAYLOAD_SAVED ticker=DATAMATICS provider=screener path=/home/runner/work/bharatmarkets/bharatmarkets/raw_payloads/DATAMATICS_screener.json
[2026-05-10T10:48:55.111079+00:00] [INFO] PAYLOAD_SAVED ticker=DATAMATICS provider=nse path=/home/runner/work/bharatmarkets/bharatmarkets/raw_payloads/DATAMATICS_nse.json
[2026-05-10T10:48:55.111127+00:00] [INFO] SUCCESS ticker=DATAMATICS
[2026-05-10T10:48:55.111155+00:00] [INFO] START ticker=DATAPATTNS
[2026-05-10T10:48:55.111313+00:00] [INFO] PAYLOAD_SAVED ticker=DATAPATTNS provider=yahoo_finance path=/home/runner/work/bharatmarkets/bharatmarkets/raw_payloads/DATAPATTNS_yahoo_finance.json
[2026-05-10T10:48:55.111439+00:00] [INFO] PAYLOAD_SAVED ticker=DATAPATTNS provider=screener path=/home/runner/work/bharatmarkets/bharatmarkets/raw_payloads/DATAPATTNS_screener.json
[2026-05-10T10:48:55.111545+00:00] [INFO] PAYLOAD_SAVED ticker=DATAPATTNS provider=nse path=/home/runner/work/bharatmarkets/bharatmarkets/raw_payloads/DATAPATTNS_nse.json
[2026-05-10T10:48:55.111585+00:00] [INFO] SUCCESS ticker=DATAPATTNS
[2026-05-10T10:48:55.111609+00:00] [INFO] START ticker=DRREDDY
[2026-05-10T10:48:55.111718+00:00] [INFO] PAYLOAD_SAVED ticker=DRREDDY provider=yahoo_finance path=/home/runner/work/bharatmarkets/bharatmarkets/raw_payloads/DRREDDY_yahoo_finance.json
[2026-05-10T10:48:55.111898+00:00] [INFO] PAYLOAD_SAVED ticker=DRREDDY provider=screener path=/home/runner/work/bharatmarkets/bharatmarkets/raw_payloads/DRREDDY_screener.json
[2026-05-10T10:48:55.112002+00:00] [INFO] PAYLOAD_SAVED ticker=DRREDDY provider=nse path=/home/runner/work/bharatmarkets/bharatmarkets/raw_payloads/DRREDDY_nse.json
[2026-05-10T10:48:55.112040+00:00] [INFO] SUCCESS ticker=DRREDDY
[2026-05-10T10:48:55.112063+00:00] [INFO] START ticker=ENGINERSIN
[2026-05-10T10:48:55.112165+00:00] [INFO] PAYLOAD_SAVED ticker=ENGINERSIN provider=yahoo_finance path=/home/runner/work/bharatmarkets/bharatmarkets/raw_payloads/ENGINERSIN_yahoo_finance.json
[2026-05-10T10:48:55.112264+00:00] [INFO] PAYLOAD_SAVED ticker=ENGINERSIN provider=screener path=/home/runner/work/bharatmarkets/bharatmarkets/raw_payloads/ENGINERSIN_screener.json
[2026-05-10T10:48:55.112382+00:00] [INFO] PAYLOAD_SAVED ticker=ENGINERSIN provider=nse path=/home/runner/work/bharatmarkets/bharatmarkets/raw_payloads/ENGINERSIN_nse.json
[2026-05-10T10:48:55.112413+00:00] [INFO] SUCCESS ticker=ENGINERSIN
[2026-05-10T10:48:55.112434+00:00] [INFO] START ticker=FINCABLES
[2026-05-10T10:48:55.112547+00:00] [INFO] PAYLOAD_SAVED ticker=FINCABLES provider=yahoo_finance path=/home/runner/work/bharatmarkets/bharatmarkets/raw_payloads/FINCABLES_yahoo_finance.json
[2026-05-10T10:48:55.112648+00:00] [INFO] PAYLOAD_SAVED ticker=FINCABLES provider=screener path=/home/runner/work/bharatmarkets/bharatmarkets/raw_payloads/FINCABLES_screener.json
[2026-05-10T10:48:55.112737+00:00] [INFO] PAYLOAD_SAVED ticker=FINCABLES provider=nse path=/home/runner/work/bharatmarkets/bharatmarkets/raw_payloads/FINCABLES_nse.json
[2026-05-10T10:48:55.112771+00:00] [INFO] SUCCESS ticker=FINCABLES
[2026-05-10T10:48:55.112794+00:00] [INFO] START ticker=GESHIP
[2026-05-10T10:48:55.112893+00:00] [INFO] PAYLOAD_SAVED ticker=GESHIP provider=yahoo_finance path=/home/runner/work/bharatmarkets/bharatmarkets/raw_payloads/GESHIP_yahoo_finance.json
[2026-05-10T10:48:55.112985+00:00] [INFO] PAYLOAD_SAVED ticker=GESHIP provider=screener path=/home/runner/work/bharatmarkets/bharatmarkets/raw_payloads/GESHIP_screener.json
[2026-05-10T10:48:55.113086+00:00] [INFO] PAYLOAD_SAVED ticker=GESHIP provider=nse path=/home/runner/work/bharatmarkets/bharatmarkets/raw_payloads/GESHIP_nse.json
[2026-05-10T10:48:55.113124+00:00] [INFO] SUCCESS ticker=GESHIP
[2026-05-10T10:48:55.113145+00:00] [INFO] START ticker=GRSE
[2026-05-10T10:48:55.113242+00:00] [INFO] PAYLOAD_SAVED ticker=GRSE provider=yahoo_finance path=/home/runner/work/bharatmarkets/bharatmarkets/raw_payloads/GRSE_yahoo_finance.json
[2026-05-10T10:48:55.113355+00:00] [INFO] PAYLOAD_SAVED ticker=GRSE provider=screener path=/home/runner/work/bharatmarkets/bharatmarkets/raw_payloads/GRSE_screener.json
[2026-05-10T10:48:55.113450+00:00] [INFO] PAYLOAD_SAVED ticker=GRSE provider=nse path=/home/runner/work/bharatmarkets/bharatmarkets/raw_payloads/GRSE_nse.json
[2026-05-10T10:48:55.113485+00:00] [INFO] SUCCESS ticker=GRSE
[2026-05-10T10:48:55.113508+00:00] [INFO] START ticker=HAL
[2026-05-10T10:48:55.113604+00:00] [INFO] PAYLOAD_SAVED ticker=HAL provider=yahoo_finance path=/home/runner/work/bharatmarkets/bharatmarkets/raw_payloads/HAL_yahoo_finance.json
[2026-05-10T10:48:55.113693+00:00] [INFO] PAYLOAD_SAVED ticker=HAL provider=screener path=/home/runner/work/bharatmarkets/bharatmarkets/raw_payloads/HAL_screener.json
[2026-05-10T10:48:55.113779+00:00] [INFO] PAYLOAD_SAVED ticker=HAL provider=nse path=/home/runner/work/bharatmarkets/bharatmarkets/raw_payloads/HAL_nse.json
[2026-05-10T10:48:55.113812+00:00] [INFO] SUCCESS ticker=HAL
[2026-05-10T10:48:55.113833+00:00] [INFO] START ticker=HBLENGINE
[2026-05-10T10:48:55.113930+00:00] [INFO] PAYLOAD_SAVED ticker=HBLENGINE provider=yahoo_finance path=/home/runner/work/bharatmarkets/bharatmarkets/raw_payloads/HBLENGINE_yahoo_finance.json
[2026-05-10T10:48:55.114021+00:00] [INFO] PAYLOAD_SAVED ticker=HBLENGINE provider=screener path=/home/runner/work/bharatmarkets/bharatmarkets/raw_payloads/HBLENGINE_screener.json
[2026-05-10T10:48:55.114112+00:00] [INFO] PAYLOAD_SAVED ticker=HBLENGINE provider=nse path=/home/runner/work/bharatmarkets/bharatmarkets/raw_payloads/HBLENGINE_nse.json
[2026-05-10T10:48:55.114146+00:00] [INFO] SUCCESS ticker=HBLENGINE
[2026-05-10T10:48:55.114167+00:00] [INFO] START ticker=HCLTECH
[2026-05-10T10:48:55.114261+00:00] [INFO] PAYLOAD_SAVED ticker=HCLTECH provider=yahoo_finance path=/home/runner/work/bharatmarkets/bharatmarkets/raw_payloads/HCLTECH_yahoo_finance.json
[2026-05-10T10:48:55.114459+00:00] [INFO] PAYLOAD_SAVED ticker=HCLTECH provider=screener path=/home/runner/work/bharatmarkets/bharatmarkets/raw_payloads/HCLTECH_screener.json
[2026-05-10T10:48:55.114566+00:00] [INFO] PAYLOAD_SAVED ticker=HCLTECH provider=nse path=/home/runner/work/bharatmarkets/bharatmarkets/raw_payloads/HCLTECH_nse.json
[2026-05-10T10:48:55.114601+00:00] [INFO] SUCCESS ticker=HCLTECH
[2026-05-10T10:48:55.114622+00:00] [INFO] START ticker=HDFCBANK
[2026-05-10T10:48:55.114717+00:00] [INFO] PAYLOAD_SAVED ticker=HDFCBANK provider=yahoo_finance path=/home/runner/work/bharatmarkets/bharatmarkets/raw_payloads/HDFCBANK_yahoo_finance.json
[2026-05-10T10:48:55.114811+00:00] [INFO] PAYLOAD_SAVED ticker=HDFCBANK provider=screener path=/home/runner/work/bharatmarkets/bharatmarkets/raw_payloads/HDFCBANK_screener.json
[2026-05-10T10:48:55.114900+00:00] [INFO] PAYLOAD_SAVED ticker=HDFCBANK provider=nse path=/home/runner/work/bharatmarkets/bharatmarkets/raw_payloads/HDFCBANK_nse.json
[2026-05-10T10:48:55.114935+00:00] [INFO] SUCCESS ticker=HDFCBANK
[2026-05-10T10:48:55.114958+00:00] [INFO] START ticker=HDFCLIFE
[2026-05-10T10:48:55.115053+00:00] [INFO] PAYLOAD_SAVED ticker=HDFCLIFE provider=yahoo_finance path=/home/runner/work/bharatmarkets/bharatmarkets/raw_payloads/HDFCLIFE_yahoo_finance.json
[2026-05-10T10:48:55.115144+00:00] [INFO] PAYLOAD_SAVED ticker=HDFCLIFE provider=screener path=/home/runner/work/bharatmarkets/bharatmarkets/raw_payloads/HDFCLIFE_screener.json
[2026-05-10T10:48:55.115231+00:00] [INFO] PAYLOAD_SAVED ticker=HDFCLIFE provider=nse path=/home/runner/work/bharatmarkets/bharatmarkets/raw_payloads/HDFCLIFE_nse.json
[2026-05-10T10:48:55.115265+00:00] [INFO] SUCCESS ticker=HDFCLIFE
[2026-05-10T10:48:55.115286+00:00] [INFO] START ticker=HEBL
[2026-05-10T10:48:55.115400+00:00] [INFO] PAYLOAD_SAVED ticker=HEBL provider=yahoo_finance path=/home/runner/work/bharatmarkets/bharatmarkets/raw_payloads/HEBL_yahoo_finance.json
[2026-05-10T10:48:55.115494+00:00] [INFO] PAYLOAD_SAVED ticker=HEBL provider=screener path=/home/runner/work/bharatmarkets/bharatmarkets/raw_payloads/HEBL_screener.json
[2026-05-10T10:48:55.115583+00:00] [INFO] PAYLOAD_SAVED ticker=HEBL provider=nse path=/home/runner/work/bharatmarkets/bharatmarkets/raw_payloads/HEBL_nse.json
[2026-05-10T10:48:55.115617+00:00] [INFO] SUCCESS ticker=HEBL
[2026-05-10T10:48:55.115638+00:00] [INFO] START ticker=HINDCOPPER
[2026-05-10T10:48:55.115735+00:00] [INFO] PAYLOAD_SAVED ticker=HINDCOPPER provider=yahoo_finance path=/home/runner/work/bharatmarkets/bharatmarkets/raw_payloads/HINDCOPPER_yahoo_finance.json
[2026-05-10T10:48:55.115829+00:00] [INFO] PAYLOAD_SAVED ticker=HINDCOPPER provider=screener path=/home/runner/work/bharatmarkets/bharatmarkets/raw_payloads/HINDCOPPER_screener.json
[2026-05-10T10:48:55.115922+00:00] [INFO] PAYLOAD_SAVED ticker=HINDCOPPER provider=nse path=/home/runner/work/bharatmarkets/bharatmarkets/raw_payloads/HINDCOPPER_nse.json
[2026-05-10T10:48:55.115957+00:00] [INFO] SUCCESS ticker=HINDCOPPER
[2026-05-10T10:48:55.115979+00:00] [INFO] START ticker=HINDZINC
[2026-05-10T10:48:55.116073+00:00] [INFO] PAYLOAD_SAVED ticker=HINDZINC provider=yahoo_finance path=/home/runner/work/bharatmarkets/bharatmarkets/raw_payloads/HINDZINC_yahoo_finance.json
[2026-05-10T10:48:55.116164+00:00] [INFO] PAYLOAD_SAVED ticker=HINDZINC provider=screener path=/home/runner/work/bharatmarkets/bharatmarkets/raw_payloads/HINDZINC_screener.json
[2026-05-10T10:48:55.116251+00:00] [INFO] PAYLOAD_SAVED ticker=HINDZINC provider=nse path=/home/runner/work/bharatmarkets/bharatmarkets/raw_payloads/HINDZINC_nse.json
[2026-05-10T10:48:55.116285+00:00] [INFO] SUCCESS ticker=HINDZINC
[2026-05-10T10:48:55.116325+00:00] [INFO] START ticker=HIRECT
[2026-05-10T10:48:55.116427+00:00] [INFO] PAYLOAD_SAVED ticker=HIRECT provider=yahoo_finance path=/home/runner/work/bharatmarkets/bharatmarkets/raw_payloads/HIRECT_yahoo_finance.json
[2026-05-10T10:48:55.116526+00:00] [INFO] PAYLOAD_SAVED ticker=HIRECT provider=screener path=/home/runner/work/bharatmarkets/bharatmarkets/raw_payloads/HIRECT_screener.json
[2026-05-10T10:48:55.116618+00:00] [INFO] PAYLOAD_SAVED ticker=HIRECT provider=nse path=/home/runner/work/bharatmarkets/bharatmarkets/raw_payloads/HIRECT_nse.json
[2026-05-10T10:48:55.116659+00:00] [INFO] SUCCESS ticker=HIRECT
[2026-05-10T10:48:55.116679+00:00] [INFO] START ticker=ICICIBANK
[2026-05-10T10:48:55.116782+00:00] [INFO] PAYLOAD_SAVED ticker=ICICIBANK provider=yahoo_finance path=/home/runner/work/bharatmarkets/bharatmarkets/raw_payloads/ICICIBANK_yahoo_finance.json
[2026-05-10T10:48:55.116951+00:00] [INFO] PAYLOAD_SAVED ticker=ICICIBANK provider=screener path=/home/runner/work/bharatmarkets/bharatmarkets/raw_payloads/ICICIBANK_screener.json
[2026-05-10T10:48:55.117053+00:00] [INFO] PAYLOAD_SAVED ticker=ICICIBANK provider=nse path=/home/runner/work/bharatmarkets/bharatmarkets/raw_payloads/ICICIBANK_nse.json
[2026-05-10T10:48:55.117102+00:00] [INFO] SUCCESS ticker=ICICIBANK
[2026-05-10T10:48:55.117124+00:00] [INFO] START ticker=IDEAFORGE
[2026-05-10T10:48:55.117218+00:00] [INFO] PAYLOAD_SAVED ticker=IDEAFORGE provider=yahoo_finance path=/home/runner/work/bharatmarkets/bharatmarkets/raw_payloads/IDEAFORGE_yahoo_finance.json
[2026-05-10T10:48:55.117327+00:00] [INFO] PAYLOAD_SAVED ticker=IDEAFORGE provider=screener path=/home/runner/work/bharatmarkets/bharatmarkets/raw_payloads/IDEAFORGE_screener.json
[2026-05-10T10:48:55.117422+00:00] [INFO] PAYLOAD_SAVED ticker=IDEAFORGE provider=nse path=/home/runner/work/bharatmarkets/bharatmarkets/raw_payloads/IDEAFORGE_nse.json
[2026-05-10T10:48:55.117456+00:00] [INFO] SUCCESS ticker=IDEAFORGE
[2026-05-10T10:48:55.117477+00:00] [INFO] START ticker=IDFCFIRSTB
[2026-05-10T10:48:55.117575+00:00] [INFO] PAYLOAD_SAVED ticker=IDFCFIRSTB provider=yahoo_finance path=/home/runner/work/bharatmarkets/bharatmarkets/raw_payloads/IDFCFIRSTB_yahoo_finance.json
[2026-05-10T10:48:55.117668+00:00] [INFO] PAYLOAD_SAVED ticker=IDFCFIRSTB provider=screener path=/home/runner/work/bharatmarkets/bharatmarkets/raw_payloads/IDFCFIRSTB_screener.json
[2026-05-10T10:48:55.117762+00:00] [INFO] PAYLOAD_SAVED ticker=IDFCFIRSTB provider=nse path=/home/runner/work/bharatmarkets/bharatmarkets/raw_payloads/IDFCFIRSTB_nse.json
[2026-05-10T10:48:55.117800+00:00] [INFO] SUCCESS ticker=IDFCFIRSTB
[2026-05-10T10:48:55.117821+00:00] [INFO] START ticker=IGIL
[2026-05-10T10:48:55.117918+00:00] [INFO] PAYLOAD_SAVED ticker=IGIL provider=yahoo_finance path=/home/runner/work/bharatmarkets/bharatmarkets/raw_payloads/IGIL_yahoo_finance.json
[2026-05-10T10:48:55.118010+00:00] [INFO] PAYLOAD_SAVED ticker=IGIL provider=screener path=/home/runner/work/bharatmarkets/bharatmarkets/raw_payloads/IGIL_screener.json
[2026-05-10T10:48:55.118100+00:00] [INFO] PAYLOAD_SAVED ticker=IGIL provider=nse path=/home/runner/work/bharatmarkets/bharatmarkets/raw_payloads/IGIL_nse.json
[2026-05-10T10:48:55.118134+00:00] [INFO] SUCCESS ticker=IGIL
[2026-05-10T10:48:55.118155+00:00] [INFO] START ticker=INDIANB
[2026-05-10T10:48:55.118252+00:00] [INFO] PAYLOAD_SAVED ticker=INDIANB provider=yahoo_finance path=/home/runner/work/bharatmarkets/bharatmarkets/raw_payloads/INDIANB_yahoo_finance.json
[2026-05-10T10:48:55.118365+00:00] [INFO] PAYLOAD_SAVED ticker=INDIANB provider=screener path=/home/runner/work/bharatmarkets/bharatmarkets/raw_payloads/INDIANB_screener.json
[2026-05-10T10:48:55.118463+00:00] [INFO] PAYLOAD_SAVED ticker=INDIANB provider=nse path=/home/runner/work/bharatmarkets/bharatmarkets/raw_payloads/INDIANB_nse.json
[2026-05-10T10:48:55.118500+00:00] [INFO] SUCCESS ticker=INDIANB
[2026-05-10T10:48:55.118521+00:00] [INFO] START ticker=INDOTECH
[2026-05-10T10:48:55.118616+00:00] [INFO] PAYLOAD_SAVED ticker=INDOTECH provider=yahoo_finance path=/home/runner/work/bharatmarkets/bharatmarkets/raw_payloads/INDOTECH_yahoo_finance.json
[2026-05-10T10:48:55.118704+00:00] [INFO] PAYLOAD_SAVED ticker=INDOTECH provider=screener path=/home/runner/work/bharatmarkets/bharatmarkets/raw_payloads/INDOTECH_screener.json
[2026-05-10T10:48:55.118789+00:00] [INFO] PAYLOAD_SAVED ticker=INDOTECH provider=nse path=/home/runner/work/bharatmarkets/bharatmarkets/raw_payloads/INDOTECH_nse.json
[2026-05-10T10:48:55.118822+00:00] [INFO] SUCCESS ticker=INDOTECH
[2026-05-10T10:48:55.118843+00:00] [INFO] START ticker=INDUSTOWER
[2026-05-10T10:48:55.118948+00:00] [INFO] PAYLOAD_SAVED ticker=INDUSTOWER provider=yahoo_finance path=/home/runner/work/bharatmarkets/bharatmarkets/raw_payloads/INDUSTOWER_yahoo_finance.json
[2026-05-10T10:48:55.119053+00:00] [INFO] PAYLOAD_SAVED ticker=INDUSTOWER provider=screener path=/home/runner/work/bharatmarkets/bharatmarkets/raw_payloads/INDUSTOWER_screener.json
[2026-05-10T10:48:55.119208+00:00] [INFO] PAYLOAD_SAVED ticker=INDUSTOWER provider=nse path=/home/runner/work/bharatmarkets/bharatmarkets/raw_payloads/INDUSTOWER_nse.json
[2026-05-10T10:48:55.119246+00:00] [INFO] SUCCESS ticker=INDUSTOWER
[2026-05-10T10:48:55.119270+00:00] [INFO] START ticker=INFY
[2026-05-10T10:48:55.119390+00:00] [INFO] PAYLOAD_SAVED ticker=INFY provider=yahoo_finance path=/home/runner/work/bharatmarkets/bharatmarkets/raw_payloads/INFY_yahoo_finance.json
[2026-05-10T10:48:55.119567+00:00] [INFO] PAYLOAD_SAVED ticker=INFY provider=screener path=/home/runner/work/bharatmarkets/bharatmarkets/raw_payloads/INFY_screener.json
[2026-05-10T10:48:55.119658+00:00] [INFO] PAYLOAD_SAVED ticker=INFY provider=nse path=/home/runner/work/bharatmarkets/bharatmarkets/raw_payloads/INFY_nse.json
[2026-05-10T10:48:55.119691+00:00] [INFO] SUCCESS ticker=INFY
[2026-05-10T10:48:55.119712+00:00] [INFO] START ticker=INOXINDIA
[2026-05-10T10:48:55.119806+00:00] [INFO] PAYLOAD_SAVED ticker=INOXINDIA provider=yahoo_finance path=/home/runner/work/bharatmarkets/bharatmarkets/raw_payloads/INOXINDIA_yahoo_finance.json
[2026-05-10T10:48:55.119891+00:00] [INFO] PAYLOAD_SAVED ticker=INOXINDIA provider=screener path=/home/runner/work/bharatmarkets/bharatmarkets/raw_payloads/INOXINDIA_screener.json
[2026-05-10T10:48:55.119971+00:00] [INFO] PAYLOAD_SAVED ticker=INOXINDIA provider=nse path=/home/runner/work/bharatmarkets/bharatmarkets/raw_payloads/INOXINDIA_nse.json
[2026-05-10T10:48:55.120003+00:00] [INFO] SUCCESS ticker=INOXINDIA
[2026-05-10T10:48:55.120023+00:00] [INFO] START ticker=INTERARCH
[2026-05-10T10:48:55.120116+00:00] [INFO] PAYLOAD_SAVED ticker=INTERARCH provider=yahoo_finance path=/home/runner/work/bharatmarkets/bharatmarkets/raw_payloads/INTERARCH_yahoo_finance.json
[2026-05-10T10:48:55.120205+00:00] [INFO] PAYLOAD_SAVED ticker=INTERARCH provider=screener path=/home/runner/work/bharatmarkets/bharatmarkets/raw_payloads/INTERARCH_screener.json
[2026-05-10T10:48:55.120289+00:00] [INFO] PAYLOAD_SAVED ticker=INTERARCH provider=nse path=/home/runner/work/bharatmarkets/bharatmarkets/raw_payloads/INTERARCH_nse.json
[2026-05-10T10:48:55.120344+00:00] [INFO] SUCCESS ticker=INTERARCH
[2026-05-10T10:48:55.120367+00:00] [INFO] START ticker=IOC
[2026-05-10T10:48:55.120455+00:00] [INFO] PAYLOAD_SAVED ticker=IOC provider=yahoo_finance path=/home/runner/work/bharatmarkets/bharatmarkets/raw_payloads/IOC_yahoo_finance.json
[2026-05-10T10:48:55.120543+00:00] [INFO] PAYLOAD_SAVED ticker=IOC provider=screener path=/home/runner/work/bharatmarkets/bharatmarkets/raw_payloads/IOC_screener.json
[2026-05-10T10:48:55.120635+00:00] [INFO] PAYLOAD_SAVED ticker=IOC provider=nse path=/home/runner/work/bharatmarkets/bharatmarkets/raw_payloads/IOC_nse.json
[2026-05-10T10:48:55.120667+00:00] [INFO] SUCCESS ticker=IOC
[2026-05-10T10:48:55.120688+00:00] [INFO] START ticker=ITC
[2026-05-10T10:48:55.120778+00:00] [INFO] PAYLOAD_SAVED ticker=ITC provider=yahoo_finance path=/home/runner/work/bharatmarkets/bharatmarkets/raw_payloads/ITC_yahoo_finance.json
[2026-05-10T10:48:55.120862+00:00] [INFO] PAYLOAD_SAVED ticker=ITC provider=screener path=/home/runner/work/bharatmarkets/bharatmarkets/raw_payloads/ITC_screener.json
[2026-05-10T10:48:55.120944+00:00] [INFO] PAYLOAD_SAVED ticker=ITC provider=nse path=/home/runner/work/bharatmarkets/bharatmarkets/raw_payloads/ITC_nse.json
[2026-05-10T10:48:55.120976+00:00] [INFO] SUCCESS ticker=ITC
[2026-05-10T10:48:55.120996+00:00] [INFO] START ticker=JUNIORBEES
[2026-05-10T10:48:55.121084+00:00] [INFO] PAYLOAD_SAVED ticker=JUNIORBEES provider=yahoo_finance path=/home/runner/work/bharatmarkets/bharatmarkets/raw_payloads/JUNIORBEES_yahoo_finance.json
[2026-05-10T10:48:55.121168+00:00] [INFO] PAYLOAD_SAVED ticker=JUNIORBEES provider=screener path=/home/runner/work/bharatmarkets/bharatmarkets/raw_payloads/JUNIORBEES_screener.json
[2026-05-10T10:48:55.121247+00:00] [INFO] PAYLOAD_SAVED ticker=JUNIORBEES provider=nse path=/home/runner/work/bharatmarkets/bharatmarkets/raw_payloads/JUNIORBEES_nse.json
[2026-05-10T10:48:55.121279+00:00] [INFO] SUCCESS ticker=JUNIORBEES
[2026-05-10T10:48:55.121319+00:00] [INFO] START ticker=JYOTHYLAB
[2026-05-10T10:48:55.121414+00:00] [INFO] PAYLOAD_SAVED ticker=JYOTHYLAB provider=yahoo_finance path=/home/runner/work/bharatmarkets/bharatmarkets/raw_payloads/JYOTHYLAB_yahoo_finance.json
[2026-05-10T10:48:55.121500+00:00] [INFO] PAYLOAD_SAVED ticker=JYOTHYLAB provider=screener path=/home/runner/work/bharatmarkets/bharatmarkets/raw_payloads/JYOTHYLAB_screener.json
[2026-05-10T10:48:55.121597+00:00] [INFO] PAYLOAD_SAVED ticker=JYOTHYLAB provider=nse path=/home/runner/work/bharatmarkets/bharatmarkets/raw_payloads/JYOTHYLAB_nse.json
[2026-05-10T10:48:55.121629+00:00] [INFO] SUCCESS ticker=JYOTHYLAB
[2026-05-10T10:48:55.121649+00:00] [INFO] START ticker=KAYNES
[2026-05-10T10:48:55.121731+00:00] [INFO] PAYLOAD_SAVED ticker=KAYNES provider=yahoo_finance path=/home/runner/work/bharatmarkets/bharatmarkets/raw_payloads/KAYNES_yahoo_finance.json
[2026-05-10T10:48:55.121893+00:00] [INFO] PAYLOAD_SAVED ticker=KAYNES provider=screener path=/home/runner/work/bharatmarkets/bharatmarkets/raw_payloads/KAYNES_screener.json
[2026-05-10T10:48:55.121982+00:00] [INFO] PAYLOAD_SAVED ticker=KAYNES provider=nse path=/home/runner/work/bharatmarkets/bharatmarkets/raw_payloads/KAYNES_nse.json
[2026-05-10T10:48:55.122018+00:00] [INFO] SUCCESS ticker=KAYNES
[2026-05-10T10:48:55.122040+00:00] [INFO] START ticker=KEI
[2026-05-10T10:48:55.122141+00:00] [INFO] PAYLOAD_SAVED ticker=KEI provider=yahoo_finance path=/home/runner/work/bharatmarkets/bharatmarkets/raw_payloads/KEI_yahoo_finance.json
[2026-05-10T10:48:55.122237+00:00] [INFO] PAYLOAD_SAVED ticker=KEI provider=screener path=/home/runner/work/bharatmarkets/bharatmarkets/raw_payloads/KEI_screener.json
[2026-05-10T10:48:55.122351+00:00] [INFO] PAYLOAD_SAVED ticker=KEI provider=nse path=/home/runner/work/bharatmarkets/bharatmarkets/raw_payloads/KEI_nse.json
[2026-05-10T10:48:55.122390+00:00] [INFO] SUCCESS ticker=KEI
[2026-05-10T10:48:55.122420+00:00] [INFO] START ticker=KPENERGY
[2026-05-10T10:48:55.122519+00:00] [INFO] PAYLOAD_SAVED ticker=KPENERGY provider=yahoo_finance path=/home/runner/work/bharatmarkets/bharatmarkets/raw_payloads/KPENERGY_yahoo_finance.json
[2026-05-10T10:48:55.122620+00:00] [INFO] PAYLOAD_SAVED ticker=KPENERGY provider=screener path=/home/runner/work/bharatmarkets/bharatmarkets/raw_payloads/KPENERGY_screener.json
[2026-05-10T10:48:55.122709+00:00] [INFO] PAYLOAD_SAVED ticker=KPENERGY provider=nse path=/home/runner/work/bharatmarkets/bharatmarkets/raw_payloads/KPENERGY_nse.json
[2026-05-10T10:48:55.122743+00:00] [INFO] SUCCESS ticker=KPENERGY
[2026-05-10T10:48:55.122765+00:00] [INFO] START ticker=KPPL
[2026-05-10T10:48:55.122865+00:00] [INFO] PAYLOAD_SAVED ticker=KPPL provider=yahoo_finance path=/home/runner/work/bharatmarkets/bharatmarkets/raw_payloads/KPPL_yahoo_finance.json
[2026-05-10T10:48:55.122954+00:00] [INFO] PAYLOAD_SAVED ticker=KPPL provider=screener path=/home/runner/work/bharatmarkets/bharatmarkets/raw_payloads/KPPL_screener.json
[2026-05-10T10:48:55.123042+00:00] [INFO] PAYLOAD_SAVED ticker=KPPL provider=nse path=/home/runner/work/bharatmarkets/bharatmarkets/raw_payloads/KPPL_nse.json
[2026-05-10T10:48:55.123075+00:00] [INFO] SUCCESS ticker=KPPL
[2026-05-10T10:48:55.123096+00:00] [INFO] START ticker=MAHABANK
[2026-05-10T10:48:55.123184+00:00] [INFO] PAYLOAD_SAVED ticker=MAHABANK provider=yahoo_finance path=/home/runner/work/bharatmarkets/bharatmarkets/raw_payloads/MAHABANK_yahoo_finance.json
[2026-05-10T10:48:55.123269+00:00] [INFO] PAYLOAD_SAVED ticker=MAHABANK provider=screener path=/home/runner/work/bharatmarkets/bharatmarkets/raw_payloads/MAHABANK_screener.json
[2026-05-10T10:48:55.123387+00:00] [INFO] PAYLOAD_SAVED ticker=MAHABANK provider=nse path=/home/runner/work/bharatmarkets/bharatmarkets/raw_payloads/MAHABANK_nse.json
[2026-05-10T10:48:55.123422+00:00] [INFO] SUCCESS ticker=MAHABANK
[2026-05-10T10:48:55.123443+00:00] [INFO] START ticker=MAITHANALL
[2026-05-10T10:48:55.123534+00:00] [INFO] PAYLOAD_SAVED ticker=MAITHANALL provider=yahoo_finance path=/home/runner/work/bharatmarkets/bharatmarkets/raw_payloads/MAITHANALL_yahoo_finance.json
[2026-05-10T10:48:55.123628+00:00] [INFO] PAYLOAD_SAVED ticker=MAITHANALL provider=screener path=/home/runner/work/bharatmarkets/bharatmarkets/raw_payloads/MAITHANALL_screener.json
[2026-05-10T10:48:55.123717+00:00] [INFO] PAYLOAD_SAVED ticker=MAITHANALL provider=nse path=/home/runner/work/bharatmarkets/bharatmarkets/raw_payloads/MAITHANALL_nse.json
[2026-05-10T10:48:55.123749+00:00] [INFO] SUCCESS ticker=MAITHANALL
[2026-05-10T10:48:55.123770+00:00] [INFO] START ticker=MAPMYINDIA
[2026-05-10T10:48:55.123862+00:00] [INFO] PAYLOAD_SAVED ticker=MAPMYINDIA provider=yahoo_finance path=/home/runner/work/bharatmarkets/bharatmarkets/raw_payloads/MAPMYINDIA_yahoo_finance.json
[2026-05-10T10:48:55.123948+00:00] [INFO] PAYLOAD_SAVED ticker=MAPMYINDIA provider=screener path=/home/runner/work/bharatmarkets/bharatmarkets/raw_payloads/MAPMYINDIA_screener.json
[2026-05-10T10:48:55.124037+00:00] [INFO] PAYLOAD_SAVED ticker=MAPMYINDIA provider=nse path=/home/runner/work/bharatmarkets/bharatmarkets/raw_payloads/MAPMYINDIA_nse.json
[2026-05-10T10:48:55.124070+00:00] [INFO] SUCCESS ticker=MAPMYINDIA
[2026-05-10T10:48:55.124090+00:00] [INFO] START ticker=MARKSANS
[2026-05-10T10:48:55.124179+00:00] [INFO] PAYLOAD_SAVED ticker=MARKSANS provider=yahoo_finance path=/home/runner/work/bharatmarkets/bharatmarkets/raw_payloads/MARKSANS_yahoo_finance.json
[2026-05-10T10:48:55.124372+00:00] [INFO] PAYLOAD_SAVED ticker=MARKSANS provider=screener path=/home/runner/work/bharatmarkets/bharatmarkets/raw_payloads/MARKSANS_screener.json
[2026-05-10T10:48:55.124472+00:00] [INFO] PAYLOAD_SAVED ticker=MARKSANS provider=nse path=/home/runner/work/bharatmarkets/bharatmarkets/raw_payloads/MARKSANS_nse.json
[2026-05-10T10:48:55.124506+00:00] [INFO] SUCCESS ticker=MARKSANS
[2026-05-10T10:48:55.124526+00:00] [INFO] START ticker=MBEL
[2026-05-10T10:48:55.124616+00:00] [INFO] PAYLOAD_SAVED ticker=MBEL provider=yahoo_finance path=/home/runner/work/bharatmarkets/bharatmarkets/raw_payloads/MBEL_yahoo_finance.json
[2026-05-10T10:48:55.124712+00:00] [INFO] PAYLOAD_SAVED ticker=MBEL provider=screener path=/home/runner/work/bharatmarkets/bharatmarkets/raw_payloads/MBEL_screener.json
[2026-05-10T10:48:55.124840+00:00] [INFO] PAYLOAD_SAVED ticker=MBEL provider=nse path=/home/runner/work/bharatmarkets/bharatmarkets/raw_payloads/MBEL_nse.json
[2026-05-10T10:48:55.124881+00:00] [INFO] SUCCESS ticker=MBEL
[2026-05-10T10:48:55.124908+00:00] [INFO] START ticker=MCDOWELL-N
[2026-05-10T10:48:55.125012+00:00] [INFO] PAYLOAD_SAVED ticker=MCDOWELL-N provider=yahoo_finance path=/home/runner/work/bharatmarkets/bharatmarkets/raw_payloads/MCDOWELL-N_yahoo_finance.json
[2026-05-10T10:48:55.125107+00:00] [INFO] PAYLOAD_SAVED ticker=MCDOWELL-N provider=screener path=/home/runner/work/bharatmarkets/bharatmarkets/raw_payloads/MCDOWELL-N_screener.json
[2026-05-10T10:48:55.125196+00:00] [INFO] PAYLOAD_SAVED ticker=MCDOWELL-N provider=nse path=/home/runner/work/bharatmarkets/bharatmarkets/raw_payloads/MCDOWELL-N_nse.json
[2026-05-10T10:48:55.125231+00:00] [INFO] SUCCESS ticker=MCDOWELL-N
[2026-05-10T10:48:55.125254+00:00] [INFO] START ticker=MIRAEAMC - SMALLCAP
[2026-05-10T10:48:55.125376+00:00] [INFO] PAYLOAD_SAVED ticker=MIRAEAMC - SMALLCAP provider=yahoo_finance path=/home/runner/work/bharatmarkets/bharatmarkets/raw_payloads/MIRAEAMC - SMALLCAP_yahoo_finance.json
[2026-05-10T10:48:55.125474+00:00] [INFO] PAYLOAD_SAVED ticker=MIRAEAMC - SMALLCAP provider=screener path=/home/runner/work/bharatmarkets/bharatmarkets/raw_payloads/MIRAEAMC - SMALLCAP_screener.json
[2026-05-10T10:48:55.125569+00:00] [INFO] PAYLOAD_SAVED ticker=MIRAEAMC - SMALLCAP provider=nse path=/home/runner/work/bharatmarkets/bharatmarkets/raw_payloads/MIRAEAMC - SMALLCAP_nse.json
[2026-05-10T10:48:55.125603+00:00] [INFO] SUCCESS ticker=MIRAEAMC - SMALLCAP
[2026-05-10T10:48:55.125626+00:00] [INFO] START ticker=NCC
[2026-05-10T10:48:55.125737+00:00] [INFO] PAYLOAD_SAVED ticker=NCC provider=yahoo_finance path=/home/runner/work/bharatmarkets/bharatmarkets/raw_payloads/NCC_yahoo_finance.json
[2026-05-10T10:48:55.125816+00:00] [INFO] PAYLOAD_SAVED ticker=NCC provider=screener path=/home/runner/work/bharatmarkets/bharatmarkets/raw_payloads/NCC_screener.json
[2026-05-10T10:48:55.125886+00:00] [INFO] PAYLOAD_SAVED ticker=NCC provider=nse path=/home/runner/work/bharatmarkets/bharatmarkets/raw_payloads/NCC_nse.json
[2026-05-10T10:48:55.125912+00:00] [INFO] SUCCESS ticker=NCC
[2026-05-10T10:48:55.125929+00:00] [INFO] START ticker=NETWEB
[2026-05-10T10:48:55.126003+00:00] [INFO] PAYLOAD_SAVED ticker=NETWEB provider=yahoo_finance path=/home/runner/work/bharatmarkets/bharatmarkets/raw_payloads/NETWEB_yahoo_finance.json
[2026-05-10T10:48:55.126069+00:00] [INFO] PAYLOAD_SAVED ticker=NETWEB provider=screener path=/home/runner/work/bharatmarkets/bharatmarkets/raw_payloads/NETWEB_screener.json
[2026-05-10T10:48:55.126133+00:00] [INFO] PAYLOAD_SAVED ticker=NETWEB provider=nse path=/home/runner/work/bharatmarkets/bharatmarkets/raw_payloads/NETWEB_nse.json
[2026-05-10T10:48:55.126157+00:00] [INFO] SUCCESS ticker=NETWEB
[2026-05-10T10:48:55.126173+00:00] [INFO] START ticker=NIFTYBEES
[2026-05-10T10:48:55.126239+00:00] [INFO] PAYLOAD_SAVED ticker=NIFTYBEES provider=yahoo_finance path=/home/runner/work/bharatmarkets/bharatmarkets/raw_payloads/NIFTYBEES_yahoo_finance.json
[2026-05-10T10:48:55.126329+00:00] [INFO] PAYLOAD_SAVED ticker=NIFTYBEES provider=screener path=/home/runner/work/bharatmarkets/bharatmarkets/raw_payloads/NIFTYBEES_screener.json
[2026-05-10T10:48:55.126444+00:00] [INFO] PAYLOAD_SAVED ticker=NIFTYBEES provider=nse path=/home/runner/work/bharatmarkets/bharatmarkets/raw_payloads/NIFTYBEES_nse.json
[2026-05-10T10:48:55.126496+00:00] [INFO] SUCCESS ticker=NIFTYBEES
[2026-05-10T10:48:55.126524+00:00] [INFO] START ticker=OIL
[2026-05-10T10:48:55.126647+00:00] [INFO] PAYLOAD_SAVED ticker=OIL provider=yahoo_finance path=/home/runner/work/bharatmarkets/bharatmarkets/raw_payloads/OIL_yahoo_finance.json
[2026-05-10T10:48:55.127164+00:00] [INFO] PAYLOAD_SAVED ticker=OIL provider=screener path=/home/runner/work/bharatmarkets/bharatmarkets/raw_payloads/OIL_screener.json
[2026-05-10T10:48:55.127317+00:00] [INFO] PAYLOAD_SAVED ticker=OIL provider=nse path=/home/runner/work/bharatmarkets/bharatmarkets/raw_payloads/OIL_nse.json
[2026-05-10T10:48:55.127361+00:00] [INFO] SUCCESS ticker=OIL
[2026-05-10T10:48:55.127386+00:00] [INFO] START ticker=PFC
[2026-05-10T10:48:55.127504+00:00] [INFO] PAYLOAD_SAVED ticker=PFC provider=yahoo_finance path=/home/runner/work/bharatmarkets/bharatmarkets/raw_payloads/PFC_yahoo_finance.json
[2026-05-10T10:48:55.127631+00:00] [INFO] PAYLOAD_SAVED ticker=PFC provider=screener path=/home/runner/work/bharatmarkets/bharatmarkets/raw_payloads/PFC_screener.json
[2026-05-10T10:48:55.127754+00:00] [INFO] PAYLOAD_SAVED ticker=PFC provider=nse path=/home/runner/work/bharatmarkets/bharatmarkets/raw_payloads/PFC_nse.json
[2026-05-10T10:48:55.127794+00:00] [INFO] SUCCESS ticker=PFC
[2026-05-10T10:48:55.127811+00:00] [INFO] START ticker=POWERGRID
[2026-05-10T10:48:55.127892+00:00] [INFO] PAYLOAD_SAVED ticker=POWERGRID provider=yahoo_finance path=/home/runner/work/bharatmarkets/bharatmarkets/raw_payloads/POWERGRID_yahoo_finance.json
[2026-05-10T10:48:55.127968+00:00] [INFO] PAYLOAD_SAVED ticker=POWERGRID provider=screener path=/home/runner/work/bharatmarkets/bharatmarkets/raw_payloads/POWERGRID_screener.json
[2026-05-10T10:48:55.128035+00:00] [INFO] PAYLOAD_SAVED ticker=POWERGRID provider=nse path=/home/runner/work/bharatmarkets/bharatmarkets/raw_payloads/POWERGRID_nse.json
[2026-05-10T10:48:55.128060+00:00] [INFO] SUCCESS ticker=POWERGRID
[2026-05-10T10:48:55.128076+00:00] [INFO] START ticker=PVRINOX
[2026-05-10T10:48:55.128144+00:00] [INFO] PAYLOAD_SAVED ticker=PVRINOX provider=yahoo_finance path=/home/runner/work/bharatmarkets/bharatmarkets/raw_payloads/PVRINOX_yahoo_finance.json
[2026-05-10T10:48:55.128211+00:00] [INFO] PAYLOAD_SAVED ticker=PVRINOX provider=screener path=/home/runner/work/bharatmarkets/bharatmarkets/raw_payloads/PVRINOX_screener.json
[2026-05-10T10:48:55.128278+00:00] [INFO] PAYLOAD_SAVED ticker=PVRINOX provider=nse path=/home/runner/work/bharatmarkets/bharatmarkets/raw_payloads/PVRINOX_nse.json
[2026-05-10T10:48:55.128326+00:00] [INFO] SUCCESS ticker=PVRINOX
[2026-05-10T10:48:55.128345+00:00] [INFO] START ticker=QUALITY
[2026-05-10T10:48:55.128427+00:00] [INFO] PAYLOAD_SAVED ticker=QUALITY provider=yahoo_finance path=/home/runner/work/bharatmarkets/bharatmarkets/raw_payloads/QUALITY_yahoo_finance.json
[2026-05-10T10:48:55.128497+00:00] [INFO] PAYLOAD_SAVED ticker=QUALITY provider=screener path=/home/runner/work/bharatmarkets/bharatmarkets/raw_payloads/QUALITY_screener.json
[2026-05-10T10:48:55.128563+00:00] [INFO] PAYLOAD_SAVED ticker=QUALITY provider=nse path=/home/runner/work/bharatmarkets/bharatmarkets/raw_payloads/QUALITY_nse.json
[2026-05-10T10:48:55.128587+00:00] [INFO] SUCCESS ticker=QUALITY
[2026-05-10T10:48:55.128603+00:00] [INFO] START ticker=RATEGAIN
[2026-05-10T10:48:55.128672+00:00] [INFO] PAYLOAD_SAVED ticker=RATEGAIN provider=yahoo_finance path=/home/runner/work/bharatmarkets/bharatmarkets/raw_payloads/RATEGAIN_yahoo_finance.json
[2026-05-10T10:48:55.128741+00:00] [INFO] PAYLOAD_SAVED ticker=RATEGAIN provider=screener path=/home/runner/work/bharatmarkets/bharatmarkets/raw_payloads/RATEGAIN_screener.json
[2026-05-10T10:48:55.128811+00:00] [INFO] PAYLOAD_SAVED ticker=RATEGAIN provider=nse path=/home/runner/work/bharatmarkets/bharatmarkets/raw_payloads/RATEGAIN_nse.json
[2026-05-10T10:48:55.128838+00:00] [INFO] SUCCESS ticker=RATEGAIN
[2026-05-10T10:48:55.128854+00:00] [INFO] START ticker=RECLTD
[2026-05-10T10:48:55.128931+00:00] [INFO] PAYLOAD_SAVED ticker=RECLTD provider=yahoo_finance path=/home/runner/work/bharatmarkets/bharatmarkets/raw_payloads/RECLTD_yahoo_finance.json
[2026-05-10T10:48:55.129000+00:00] [INFO] PAYLOAD_SAVED ticker=RECLTD provider=screener path=/home/runner/work/bharatmarkets/bharatmarkets/raw_payloads/RECLTD_screener.json
[2026-05-10T10:48:55.129075+00:00] [INFO] PAYLOAD_SAVED ticker=RECLTD provider=nse path=/home/runner/work/bharatmarkets/bharatmarkets/raw_payloads/RECLTD_nse.json
[2026-05-10T10:48:55.129106+00:00] [INFO] SUCCESS ticker=RECLTD
[2026-05-10T10:48:55.129122+00:00] [INFO] START ticker=REDTAPE
[2026-05-10T10:48:55.129190+00:00] [INFO] PAYLOAD_SAVED ticker=REDTAPE provider=yahoo_finance path=/home/runner/work/bharatmarkets/bharatmarkets/raw_payloads/REDTAPE_yahoo_finance.json
[2026-05-10T10:48:55.129261+00:00] [INFO] PAYLOAD_SAVED ticker=REDTAPE provider=screener path=/home/runner/work/bharatmarkets/bharatmarkets/raw_payloads/REDTAPE_screener.json
[2026-05-10T10:48:55.129417+00:00] [INFO] PAYLOAD_SAVED ticker=REDTAPE provider=nse path=/home/runner/work/bharatmarkets/bharatmarkets/raw_payloads/REDTAPE_nse.json
[2026-05-10T10:48:55.129447+00:00] [INFO] SUCCESS ticker=REDTAPE
[2026-05-10T10:48:55.129464+00:00] [INFO] START ticker=REPCOHOME
[2026-05-10T10:48:55.129538+00:00] [INFO] PAYLOAD_SAVED ticker=REPCOHOME provider=yahoo_finance path=/home/runner/work/bharatmarkets/bharatmarkets/raw_payloads/REPCOHOME_yahoo_finance.json
[2026-05-10T10:48:55.129607+00:00] [INFO] PAYLOAD_SAVED ticker=REPCOHOME provider=screener path=/home/runner/work/bharatmarkets/bharatmarkets/raw_payloads/REPCOHOME_screener.json
[2026-05-10T10:48:55.129674+00:00] [INFO] PAYLOAD_SAVED ticker=REPCOHOME provider=nse path=/home/runner/work/bharatmarkets/bharatmarkets/raw_payloads/REPCOHOME_nse.json
[2026-05-10T10:48:55.129698+00:00] [INFO] SUCCESS ticker=REPCOHOME
[2026-05-10T10:48:55.129714+00:00] [INFO] START ticker=REVATHI
[2026-05-10T10:48:55.129783+00:00] [INFO] PAYLOAD_SAVED ticker=REVATHI provider=yahoo_finance path=/home/runner/work/bharatmarkets/bharatmarkets/raw_payloads/REVATHI_yahoo_finance.json
[2026-05-10T10:48:55.129854+00:00] [INFO] PAYLOAD_SAVED ticker=REVATHI provider=screener path=/home/runner/work/bharatmarkets/bharatmarkets/raw_payloads/REVATHI_screener.json
[2026-05-10T10:48:55.129926+00:00] [INFO] PAYLOAD_SAVED ticker=REVATHI provider=nse path=/home/runner/work/bharatmarkets/bharatmarkets/raw_payloads/REVATHI_nse.json
[2026-05-10T10:48:55.129951+00:00] [INFO] SUCCESS ticker=REVATHI
[2026-05-10T10:48:55.129969+00:00] [INFO] START ticker=ROSSTECH
[2026-05-10T10:48:55.130047+00:00] [INFO] PAYLOAD_SAVED ticker=ROSSTECH provider=yahoo_finance path=/home/runner/work/bharatmarkets/bharatmarkets/raw_payloads/ROSSTECH_yahoo_finance.json
[2026-05-10T10:48:55.130116+00:00] [INFO] PAYLOAD_SAVED ticker=ROSSTECH provider=screener path=/home/runner/work/bharatmarkets/bharatmarkets/raw_payloads/ROSSTECH_screener.json
[2026-05-10T10:48:55.130185+00:00] [INFO] PAYLOAD_SAVED ticker=ROSSTECH provider=nse path=/home/runner/work/bharatmarkets/bharatmarkets/raw_payloads/ROSSTECH_nse.json
[2026-05-10T10:48:55.130228+00:00] [INFO] SUCCESS ticker=ROSSTECH
[2026-05-10T10:48:55.130253+00:00] [INFO] START ticker=S&SPOWER
[2026-05-10T10:48:55.130384+00:00] [INFO] PAYLOAD_SAVED ticker=S&SPOWER provider=yahoo_finance path=/home/runner/work/bharatmarkets/bharatmarkets/raw_payloads/S&SPOWER_yahoo_finance.json
[2026-05-10T10:48:55.130476+00:00] [INFO] PAYLOAD_SAVED ticker=S&SPOWER provider=screener path=/home/runner/work/bharatmarkets/bharatmarkets/raw_payloads/S&SPOWER_screener.json
[2026-05-10T10:48:55.130546+00:00] [INFO] PAYLOAD_SAVED ticker=S&SPOWER provider=nse path=/home/runner/work/bharatmarkets/bharatmarkets/raw_payloads/S&SPOWER_nse.json
[2026-05-10T10:48:55.130571+00:00] [INFO] SUCCESS ticker=S&SPOWER
[2026-05-10T10:48:55.130586+00:00] [INFO] START ticker=SAGILITY
[2026-05-10T10:48:55.130658+00:00] [INFO] PAYLOAD_SAVED ticker=SAGILITY provider=yahoo_finance path=/home/runner/work/bharatmarkets/bharatmarkets/raw_payloads/SAGILITY_yahoo_finance.json
[2026-05-10T10:48:55.130726+00:00] [INFO] PAYLOAD_SAVED ticker=SAGILITY provider=screener path=/home/runner/work/bharatmarkets/bharatmarkets/raw_payloads/SAGILITY_screener.json
[2026-05-10T10:48:55.130791+00:00] [INFO] PAYLOAD_SAVED ticker=SAGILITY provider=nse path=/home/runner/work/bharatmarkets/bharatmarkets/raw_payloads/SAGILITY_nse.json
[2026-05-10T10:48:55.130815+00:00] [INFO] SUCCESS ticker=SAGILITY
[2026-05-10T10:48:55.130831+00:00] [INFO] START ticker=SANDUMA
[2026-05-10T10:48:55.130899+00:00] [INFO] PAYLOAD_SAVED ticker=SANDUMA provider=yahoo_finance path=/home/runner/work/bharatmarkets/bharatmarkets/raw_payloads/SANDUMA_yahoo_finance.json
[2026-05-10T10:48:55.130965+00:00] [INFO] PAYLOAD_SAVED ticker=SANDUMA provider=screener path=/home/runner/work/bharatmarkets/bharatmarkets/raw_payloads/SANDUMA_screener.json
[2026-05-10T10:48:55.131036+00:00] [INFO] PAYLOAD_SAVED ticker=SANDUMA provider=nse path=/home/runner/work/bharatmarkets/bharatmarkets/raw_payloads/SANDUMA_nse.json
[2026-05-10T10:48:55.131060+00:00] [INFO] SUCCESS ticker=SANDUMA
[2026-05-10T10:48:55.131075+00:00] [INFO] START ticker=SBIN
[2026-05-10T10:48:55.131143+00:00] [INFO] PAYLOAD_SAVED ticker=SBIN provider=yahoo_finance path=/home/runner/work/bharatmarkets/bharatmarkets/raw_payloads/SBIN_yahoo_finance.json
[2026-05-10T10:48:55.131209+00:00] [INFO] PAYLOAD_SAVED ticker=SBIN provider=screener path=/home/runner/work/bharatmarkets/bharatmarkets/raw_payloads/SBIN_screener.json
[2026-05-10T10:48:55.131376+00:00] [INFO] PAYLOAD_SAVED ticker=SBIN provider=nse path=/home/runner/work/bharatmarkets/bharatmarkets/raw_payloads/SBIN_nse.json
[2026-05-10T10:48:55.131418+00:00] [INFO] SUCCESS ticker=SBIN
[2026-05-10T10:48:55.131441+00:00] [INFO] START ticker=SGBFEB32IV
[2026-05-10T10:48:55.131543+00:00] [INFO] PAYLOAD_SAVED ticker=SGBFEB32IV provider=yahoo_finance path=/home/runner/work/bharatmarkets/bharatmarkets/raw_payloads/SGBFEB32IV_yahoo_finance.json
[2026-05-10T10:48:55.131623+00:00] [INFO] PAYLOAD_SAVED ticker=SGBFEB32IV provider=screener path=/home/runner/work/bharatmarkets/bharatmarkets/raw_payloads/SGBFEB32IV_screener.json
[2026-05-10T10:48:55.131691+00:00] [INFO] PAYLOAD_SAVED ticker=SGBFEB32IV provider=nse path=/home/runner/work/bharatmarkets/bharatmarkets/raw_payloads/SGBFEB32IV_nse.json
[2026-05-10T10:48:55.131715+00:00] [INFO] SUCCESS ticker=SGBFEB32IV
[2026-05-10T10:48:55.131734+00:00] [INFO] START ticker=SHILCHAR
[2026-05-10T10:48:55.131803+00:00] [INFO] PAYLOAD_SAVED ticker=SHILCHAR provider=yahoo_finance path=/home/runner/work/bharatmarkets/bharatmarkets/raw_payloads/SHILCHAR_yahoo_finance.json
[2026-05-10T10:48:55.131872+00:00] [INFO] PAYLOAD_SAVED ticker=SHILCHAR provider=screener path=/home/runner/work/bharatmarkets/bharatmarkets/raw_payloads/SHILCHAR_screener.json
[2026-05-10T10:48:55.131937+00:00] [INFO] PAYLOAD_SAVED ticker=SHILCHAR provider=nse path=/home/runner/work/bharatmarkets/bharatmarkets/raw_payloads/SHILCHAR_nse.json
[2026-05-10T10:48:55.131960+00:00] [INFO] SUCCESS ticker=SHILCHAR
[2026-05-10T10:48:55.131979+00:00] [INFO] START ticker=SHREEREF
[2026-05-10T10:48:55.132048+00:00] [INFO] PAYLOAD_SAVED ticker=SHREEREF provider=yahoo_finance path=/home/runner/work/bharatmarkets/bharatmarkets/raw_payloads/SHREEREF_yahoo_finance.json
[2026-05-10T10:48:55.132123+00:00] [INFO] PAYLOAD_SAVED ticker=SHREEREF provider=screener path=/home/runner/work/bharatmarkets/bharatmarkets/raw_payloads/SHREEREF_screener.json
[2026-05-10T10:48:55.132189+00:00] [INFO] PAYLOAD_SAVED ticker=SHREEREF provider=nse path=/home/runner/work/bharatmarkets/bharatmarkets/raw_payloads/SHREEREF_nse.json
[2026-05-10T10:48:55.132213+00:00] [INFO] SUCCESS ticker=SHREEREF
[2026-05-10T10:48:55.132229+00:00] [INFO] START ticker=SIKA
[2026-05-10T10:48:55.132314+00:00] [INFO] PAYLOAD_SAVED ticker=SIKA provider=yahoo_finance path=/home/runner/work/bharatmarkets/bharatmarkets/raw_payloads/SIKA_yahoo_finance.json
[2026-05-10T10:48:55.132393+00:00] [INFO] PAYLOAD_SAVED ticker=SIKA provider=screener path=/home/runner/work/bharatmarkets/bharatmarkets/raw_payloads/SIKA_screener.json
[2026-05-10T10:48:55.132458+00:00] [INFO] PAYLOAD_SAVED ticker=SIKA provider=nse path=/home/runner/work/bharatmarkets/bharatmarkets/raw_payloads/SIKA_nse.json
[2026-05-10T10:48:55.132482+00:00] [INFO] SUCCESS ticker=SIKA
[2026-05-10T10:48:55.132498+00:00] [INFO] START ticker=SKMEGGPROD
[2026-05-10T10:48:55.132567+00:00] [INFO] PAYLOAD_SAVED ticker=SKMEGGPROD provider=yahoo_finance path=/home/runner/work/bharatmarkets/bharatmarkets/raw_payloads/SKMEGGPROD_yahoo_finance.json
[2026-05-10T10:48:55.132635+00:00] [INFO] PAYLOAD_SAVED ticker=SKMEGGPROD provider=screener path=/home/runner/work/bharatmarkets/bharatmarkets/raw_payloads/SKMEGGPROD_screener.json
[2026-05-10T10:48:55.132706+00:00] [INFO] PAYLOAD_SAVED ticker=SKMEGGPROD provider=nse path=/home/runner/work/bharatmarkets/bharatmarkets/raw_payloads/SKMEGGPROD_nse.json
[2026-05-10T10:48:55.132730+00:00] [INFO] SUCCESS ticker=SKMEGGPROD
[2026-05-10T10:48:55.132746+00:00] [INFO] START ticker=SUNFLAG
[2026-05-10T10:48:55.132853+00:00] [INFO] PAYLOAD_SAVED ticker=SUNFLAG provider=yahoo_finance path=/home/runner/work/bharatmarkets/bharatmarkets/raw_payloads/SUNFLAG_yahoo_finance.json
[2026-05-10T10:48:55.132922+00:00] [INFO] PAYLOAD_SAVED ticker=SUNFLAG provider=screener path=/home/runner/work/bharatmarkets/bharatmarkets/raw_payloads/SUNFLAG_screener.json
[2026-05-10T10:48:55.132985+00:00] [INFO] PAYLOAD_SAVED ticker=SUNFLAG provider=nse path=/home/runner/work/bharatmarkets/bharatmarkets/raw_payloads/SUNFLAG_nse.json
[2026-05-10T10:48:55.133009+00:00] [INFO] SUCCESS ticker=SUNFLAG
[2026-05-10T10:48:55.133025+00:00] [INFO] START ticker=SUPRIYA
[2026-05-10T10:48:55.133088+00:00] [INFO] PAYLOAD_SAVED ticker=SUPRIYA provider=yahoo_finance path=/home/runner/work/bharatmarkets/bharatmarkets/raw_payloads/SUPRIYA_yahoo_finance.json
[2026-05-10T10:48:55.133153+00:00] [INFO] PAYLOAD_SAVED ticker=SUPRIYA provider=screener path=/home/runner/work/bharatmarkets/bharatmarkets/raw_payloads/SUPRIYA_screener.json
[2026-05-10T10:48:55.133281+00:00] [INFO] PAYLOAD_SAVED ticker=SUPRIYA provider=nse path=/home/runner/work/bharatmarkets/bharatmarkets/raw_payloads/SUPRIYA_nse.json
[2026-05-10T10:48:55.133327+00:00] [INFO] SUCCESS ticker=SUPRIYA
[2026-05-10T10:48:55.133344+00:00] [INFO] START ticker=SUYOG
[2026-05-10T10:48:55.133420+00:00] [INFO] PAYLOAD_SAVED ticker=SUYOG provider=yahoo_finance path=/home/runner/work/bharatmarkets/bharatmarkets/raw_payloads/SUYOG_yahoo_finance.json
[2026-05-10T10:48:55.133487+00:00] [INFO] PAYLOAD_SAVED ticker=SUYOG provider=screener path=/home/runner/work/bharatmarkets/bharatmarkets/raw_payloads/SUYOG_screener.json
[2026-05-10T10:48:55.133558+00:00] [INFO] PAYLOAD_SAVED ticker=SUYOG provider=nse path=/home/runner/work/bharatmarkets/bharatmarkets/raw_payloads/SUYOG_nse.json
[2026-05-10T10:48:55.133582+00:00] [INFO] SUCCESS ticker=SUYOG
[2026-05-10T10:48:55.133597+00:00] [INFO] START ticker=SUZLON
[2026-05-10T10:48:55.133670+00:00] [INFO] PAYLOAD_SAVED ticker=SUZLON provider=yahoo_finance path=/home/runner/work/bharatmarkets/bharatmarkets/raw_payloads/SUZLON_yahoo_finance.json
[2026-05-10T10:48:55.133735+00:00] [INFO] PAYLOAD_SAVED ticker=SUZLON provider=screener path=/home/runner/work/bharatmarkets/bharatmarkets/raw_payloads/SUZLON_screener.json
[2026-05-10T10:48:55.133837+00:00] [INFO] PAYLOAD_SAVED ticker=SUZLON provider=nse path=/home/runner/work/bharatmarkets/bharatmarkets/raw_payloads/SUZLON_nse.json
[2026-05-10T10:48:55.133874+00:00] [INFO] SUCCESS ticker=SUZLON
[2026-05-10T10:48:55.133895+00:00] [INFO] START ticker=TATAPOWER
[2026-05-10T10:48:55.133988+00:00] [INFO] PAYLOAD_SAVED ticker=TATAPOWER provider=yahoo_finance path=/home/runner/work/bharatmarkets/bharatmarkets/raw_payloads/TATAPOWER_yahoo_finance.json
[2026-05-10T10:48:55.134074+00:00] [INFO] PAYLOAD_SAVED ticker=TATAPOWER provider=screener path=/home/runner/work/bharatmarkets/bharatmarkets/raw_payloads/TATAPOWER_screener.json
[2026-05-10T10:48:55.134159+00:00] [INFO] PAYLOAD_SAVED ticker=TATAPOWER provider=nse path=/home/runner/work/bharatmarkets/bharatmarkets/raw_payloads/TATAPOWER_nse.json
[2026-05-10T10:48:55.134186+00:00] [INFO] SUCCESS ticker=TATAPOWER
[2026-05-10T10:48:55.134201+00:00] [INFO] START ticker=TDPOWERSYS
[2026-05-10T10:48:55.134268+00:00] [INFO] PAYLOAD_SAVED ticker=TDPOWERSYS provider=yahoo_finance path=/home/runner/work/bharatmarkets/bharatmarkets/raw_payloads/TDPOWERSYS_yahoo_finance.json
[2026-05-10T10:48:55.134364+00:00] [INFO] PAYLOAD_SAVED ticker=TDPOWERSYS provider=screener path=/home/runner/work/bharatmarkets/bharatmarkets/raw_payloads/TDPOWERSYS_screener.json
[2026-05-10T10:48:55.134438+00:00] [INFO] PAYLOAD_SAVED ticker=TDPOWERSYS provider=nse path=/home/runner/work/bharatmarkets/bharatmarkets/raw_payloads/TDPOWERSYS_nse.json
[2026-05-10T10:48:55.134462+00:00] [INFO] SUCCESS ticker=TDPOWERSYS
[2026-05-10T10:48:55.134478+00:00] [INFO] START ticker=TITANBIO
[2026-05-10T10:48:55.134544+00:00] [INFO] PAYLOAD_SAVED ticker=TITANBIO provider=yahoo_finance path=/home/runner/work/bharatmarkets/bharatmarkets/raw_payloads/TITANBIO_yahoo_finance.json
[2026-05-10T10:48:55.134608+00:00] [INFO] PAYLOAD_SAVED ticker=TITANBIO provider=screener path=/home/runner/work/bharatmarkets/bharatmarkets/raw_payloads/TITANBIO_screener.json
[2026-05-10T10:48:55.134672+00:00] [INFO] PAYLOAD_SAVED ticker=TITANBIO provider=nse path=/home/runner/work/bharatmarkets/bharatmarkets/raw_payloads/TITANBIO_nse.json
[2026-05-10T10:48:55.134696+00:00] [INFO] SUCCESS ticker=TITANBIO
[2026-05-10T10:48:55.134711+00:00] [INFO] START ticker=TRUALT
[2026-05-10T10:48:55.134780+00:00] [INFO] PAYLOAD_SAVED ticker=TRUALT provider=yahoo_finance path=/home/runner/work/bharatmarkets/bharatmarkets/raw_payloads/TRUALT_yahoo_finance.json
[2026-05-10T10:48:55.134843+00:00] [INFO] PAYLOAD_SAVED ticker=TRUALT provider=screener path=/home/runner/work/bharatmarkets/bharatmarkets/raw_payloads/TRUALT_screener.json
[2026-05-10T10:48:55.134909+00:00] [INFO] PAYLOAD_SAVED ticker=TRUALT provider=nse path=/home/runner/work/bharatmarkets/bharatmarkets/raw_payloads/TRUALT_nse.json
[2026-05-10T10:48:55.134932+00:00] [INFO] SUCCESS ticker=TRUALT
[2026-05-10T10:48:55.134948+00:00] [INFO] START ticker=VEDL
[2026-05-10T10:48:55.135018+00:00] [INFO] PAYLOAD_SAVED ticker=VEDL provider=yahoo_finance path=/home/runner/work/bharatmarkets/bharatmarkets/raw_payloads/VEDL_yahoo_finance.json
[2026-05-10T10:48:55.135100+00:00] [INFO] PAYLOAD_SAVED ticker=VEDL provider=screener path=/home/runner/work/bharatmarkets/bharatmarkets/raw_payloads/VEDL_screener.json
[2026-05-10T10:48:55.135224+00:00] [INFO] PAYLOAD_SAVED ticker=VEDL provider=nse path=/home/runner/work/bharatmarkets/bharatmarkets/raw_payloads/VEDL_nse.json
[2026-05-10T10:48:55.135251+00:00] [INFO] SUCCESS ticker=VEDL
[2026-05-10T10:48:55.135267+00:00] [INFO] START ticker=VENTIVE
[2026-05-10T10:48:55.135367+00:00] [INFO] PAYLOAD_SAVED ticker=VENTIVE provider=yahoo_finance path=/home/runner/work/bharatmarkets/bharatmarkets/raw_payloads/VENTIVE_yahoo_finance.json
[2026-05-10T10:48:55.135444+00:00] [INFO] PAYLOAD_SAVED ticker=VENTIVE provider=screener path=/home/runner/work/bharatmarkets/bharatmarkets/raw_payloads/VENTIVE_screener.json
[2026-05-10T10:48:55.135546+00:00] [INFO] PAYLOAD_SAVED ticker=VENTIVE provider=nse path=/home/runner/work/bharatmarkets/bharatmarkets/raw_payloads/VENTIVE_nse.json
[2026-05-10T10:48:55.135572+00:00] [INFO] SUCCESS ticker=VENTIVE
[2026-05-10T10:48:55.135588+00:00] [INFO] START ticker=VOLTAMP
[2026-05-10T10:48:55.135654+00:00] [INFO] PAYLOAD_SAVED ticker=VOLTAMP provider=yahoo_finance path=/home/runner/work/bharatmarkets/bharatmarkets/raw_payloads/VOLTAMP_yahoo_finance.json
[2026-05-10T10:48:55.135718+00:00] [INFO] PAYLOAD_SAVED ticker=VOLTAMP provider=screener path=/home/runner/work/bharatmarkets/bharatmarkets/raw_payloads/VOLTAMP_screener.json
[2026-05-10T10:48:55.135781+00:00] [INFO] PAYLOAD_SAVED ticker=VOLTAMP provider=nse path=/home/runner/work/bharatmarkets/bharatmarkets/raw_payloads/VOLTAMP_nse.json
[2026-05-10T10:48:55.135805+00:00] [INFO] SUCCESS ticker=VOLTAMP
[2026-05-10T10:48:55.135820+00:00] [INFO] START ticker=WAAREEENER
[2026-05-10T10:48:55.135885+00:00] [INFO] PAYLOAD_SAVED ticker=WAAREEENER provider=yahoo_finance path=/home/runner/work/bharatmarkets/bharatmarkets/raw_payloads/WAAREEENER_yahoo_finance.json
[2026-05-10T10:48:55.135949+00:00] [INFO] PAYLOAD_SAVED ticker=WAAREEENER provider=screener path=/home/runner/work/bharatmarkets/bharatmarkets/raw_payloads/WAAREEENER_screener.json
[2026-05-10T10:48:55.136010+00:00] [INFO] PAYLOAD_SAVED ticker=WAAREEENER provider=nse path=/home/runner/work/bharatmarkets/bharatmarkets/raw_payloads/WAAREEENER_nse.json
[2026-05-10T10:48:55.136033+00:00] [INFO] SUCCESS ticker=WAAREEENER
[2026-05-10T10:48:55.136048+00:00] [INFO] START ticker=ZENTEC
[2026-05-10T10:48:55.136112+00:00] [INFO] PAYLOAD_SAVED ticker=ZENTEC provider=yahoo_finance path=/home/runner/work/bharatmarkets/bharatmarkets/raw_payloads/ZENTEC_yahoo_finance.json
[2026-05-10T10:48:55.136175+00:00] [INFO] PAYLOAD_SAVED ticker=ZENTEC provider=screener path=/home/runner/work/bharatmarkets/bharatmarkets/raw_payloads/ZENTEC_screener.json
[2026-05-10T10:48:55.136237+00:00] [INFO] PAYLOAD_SAVED ticker=ZENTEC provider=nse path=/home/runner/work/bharatmarkets/bharatmarkets/raw_payloads/ZENTEC_nse.json
[2026-05-10T10:48:55.136261+00:00] [INFO] SUCCESS ticker=ZENTEC
[2026-05-10T10:48:55.136277+00:00] [INFO] START ticker=ZINKA
[2026-05-10T10:48:55.136369+00:00] [INFO] PAYLOAD_SAVED ticker=ZINKA provider=yahoo_finance path=/home/runner/work/bharatmarkets/bharatmarkets/raw_payloads/ZINKA_yahoo_finance.json
[2026-05-10T10:48:55.136442+00:00] [INFO] PAYLOAD_SAVED ticker=ZINKA provider=screener path=/home/runner/work/bharatmarkets/bharatmarkets/raw_payloads/ZINKA_screener.json
[2026-05-10T10:48:55.136512+00:00] [INFO] PAYLOAD_SAVED ticker=ZINKA provider=nse path=/home/runner/work/bharatmarkets/bharatmarkets/raw_payloads/ZINKA_nse.json
[2026-05-10T10:48:55.136536+00:00] [INFO] SUCCESS ticker=ZINKA
[2026-05-10T10:48:55.139443+00:00] [INFO] SUMMARY total=99 success=99 failed=0
[2026-05-10T11:38:44.433535+00:00] [INFO] START ticker=ABCAPITAL
[2026-05-10T11:38:46.639176+00:00] [INFO] SUCCESS ticker=ABCAPITAL
[2026-05-10T11:38:46.639255+00:00] [INFO] START ticker=ABFRL
[2026-05-10T11:38:47.940388+00:00] [INFO] SUCCESS ticker=ABFRL
[2026-05-10T11:38:47.940622+00:00] [INFO] START ticker=ACMESOLAR
[2026-05-10T11:38:49.424467+00:00] [INFO] SUCCESS ticker=ACMESOLAR
[2026-05-10T11:38:49.424717+00:00] [INFO] START ticker=AFCONS
[2026-05-10T11:38:51.010425+00:00] [INFO] SUCCESS ticker=AFCONS
[2026-05-10T11:38:51.010673+00:00] [INFO] START ticker=APOLLOHOSP
[2026-05-10T11:38:52.558455+00:00] [INFO] SUCCESS ticker=APOLLOHOSP
[2026-05-10T11:38:52.558721+00:00] [INFO] START ticker=ARE&M
[2026-05-10T11:38:58.149223+00:00] [INFO] SUCCESS ticker=ARE&M
[2026-05-10T11:38:58.149362+00:00] [INFO] START ticker=ARROWGREEN
[2026-05-10T11:38:59.732205+00:00] [INFO] SUCCESS ticker=ARROWGREEN
[2026-05-10T11:38:59.732490+00:00] [INFO] START ticker=ASALCBR
[2026-05-10T11:39:01.376130+00:00] [INFO] SUCCESS ticker=ASALCBR
[2026-05-10T11:39:01.376309+00:00] [INFO] START ticker=ASHOKA
[2026-05-10T11:39:03.012841+00:00] [INFO] SUCCESS ticker=ASHOKA
[2026-05-10T11:39:03.012936+00:00] [INFO] START ticker=AVANTIFEED
[2026-05-10T11:39:04.630097+00:00] [INFO] SUCCESS ticker=AVANTIFEED
[2026-05-10T11:39:04.630172+00:00] [INFO] START ticker=AZAD
[2026-05-10T11:39:06.165324+00:00] [INFO] SUCCESS ticker=AZAD
[2026-05-10T11:39:06.165428+00:00] [INFO] START ticker=AZADIND
[2026-05-10T11:39:12.438148+00:00] [INFO] SUCCESS ticker=AZADIND
[2026-05-10T11:39:12.438438+00:00] [INFO] START ticker=BDL
[2026-05-10T11:39:13.944074+00:00] [INFO] SUCCESS ticker=BDL
[2026-05-10T11:39:13.944183+00:00] [INFO] START ticker=BIOCON
[2026-05-10T11:39:15.855151+00:00] [INFO] SUCCESS ticker=BIOCON
[2026-05-10T11:39:15.855542+00:00] [INFO] START ticker=BLACKBOX
[2026-05-10T11:39:21.618259+00:00] [INFO] SUCCESS ticker=BLACKBOX
[2026-05-10T11:39:21.618554+00:00] [INFO] START ticker=CAPITALNUM
[2026-05-10T11:39:26.854690+00:00] [INFO] SUCCESS ticker=CAPITALNUM
[2026-05-10T11:39:26.854950+00:00] [INFO] START ticker=CDSL
[2026-05-10T11:39:28.817578+00:00] [INFO] SUCCESS ticker=CDSL
[2026-05-10T11:39:28.817801+00:00] [INFO] START ticker=CELLO
[2026-05-10T11:39:30.387405+00:00] [INFO] SUCCESS ticker=CELLO
[2026-05-10T11:39:30.387669+00:00] [INFO] START ticker=CIGNITITEC
[2026-05-10T11:39:31.903178+00:00] [INFO] SUCCESS ticker=CIGNITITEC
[2026-05-10T11:39:31.903446+00:00] [INFO] START ticker=COCHINSHIP
[2026-05-10T11:39:33.443677+00:00] [INFO] SUCCESS ticker=COCHINSHIP
[2026-05-10T11:39:33.443905+00:00] [INFO] START ticker=COFORGE
[2026-05-10T11:39:34.998211+00:00] [INFO] SUCCESS ticker=COFORGE
[2026-05-10T11:39:34.998469+00:00] [INFO] START ticker=DATAMATICS
[2026-05-10T11:39:36.521822+00:00] [INFO] SUCCESS ticker=DATAMATICS
[2026-05-10T11:39:36.522064+00:00] [INFO] START ticker=DATAPATTNS
[2026-05-10T11:39:38.112135+00:00] [INFO] SUCCESS ticker=DATAPATTNS
[2026-05-10T11:39:38.112312+00:00] [INFO] START ticker=DRREDDY
[2026-05-10T11:39:39.675050+00:00] [INFO] SUCCESS ticker=DRREDDY
[2026-05-10T11:39:39.675311+00:00] [INFO] START ticker=ENGINERSIN
[2026-05-10T11:39:41.252595+00:00] [INFO] SUCCESS ticker=ENGINERSIN
[2026-05-10T11:39:41.252835+00:00] [INFO] START ticker=FINCABLES
[2026-05-10T11:39:42.789653+00:00] [INFO] SUCCESS ticker=FINCABLES
[2026-05-10T11:39:42.789813+00:00] [INFO] START ticker=GESHIP
[2026-05-10T11:39:44.324745+00:00] [INFO] SUCCESS ticker=GESHIP
[2026-05-10T11:39:44.324996+00:00] [INFO] START ticker=GRSE
[2026-05-10T11:39:45.937673+00:00] [INFO] SUCCESS ticker=GRSE
[2026-05-10T11:39:45.937757+00:00] [INFO] START ticker=HAL
[2026-05-10T11:39:47.446591+00:00] [INFO] SUCCESS ticker=HAL
[2026-05-10T11:39:47.446733+00:00] [INFO] START ticker=HBLENGINE
[2026-05-10T11:39:48.966259+00:00] [INFO] SUCCESS ticker=HBLENGINE
[2026-05-10T11:39:48.966418+00:00] [INFO] START ticker=HCLTECH
[2026-05-10T11:39:50.365543+00:00] [INFO] SUCCESS ticker=HCLTECH
[2026-05-10T11:39:50.365788+00:00] [INFO] START ticker=HDFCBANK
[2026-05-10T11:39:51.781059+00:00] [INFO] SUCCESS ticker=HDFCBANK
[2026-05-10T11:39:51.781328+00:00] [INFO] START ticker=HDFCLIFE
[2026-05-10T11:39:53.245464+00:00] [INFO] SUCCESS ticker=HDFCLIFE
[2026-05-10T11:39:53.245703+00:00] [INFO] START ticker=HEBL
[2026-05-10T11:39:58.694858+00:00] [INFO] SUCCESS ticker=HEBL
[2026-05-10T11:39:58.694998+00:00] [INFO] START ticker=HINDCOPPER
[2026-05-10T11:40:00.127956+00:00] [INFO] SUCCESS ticker=HINDCOPPER
[2026-05-10T11:40:00.128200+00:00] [INFO] START ticker=HINDZINC
[2026-05-10T11:40:01.531056+00:00] [INFO] SUCCESS ticker=HINDZINC
[2026-05-10T11:40:01.531340+00:00] [INFO] START ticker=HIRECT
[2026-05-10T11:40:03.090807+00:00] [INFO] SUCCESS ticker=HIRECT
[2026-05-10T11:40:03.091058+00:00] [INFO] START ticker=ICICIBANK
[2026-05-10T11:40:04.618786+00:00] [INFO] SUCCESS ticker=ICICIBANK
[2026-05-10T11:40:04.619018+00:00] [INFO] START ticker=IDEAFORGE
[2026-05-10T11:40:06.147532+00:00] [INFO] SUCCESS ticker=IDEAFORGE
[2026-05-10T11:40:06.147636+00:00] [INFO] START ticker=IDFCFIRSTB
[2026-05-10T11:40:07.693869+00:00] [INFO] SUCCESS ticker=IDFCFIRSTB
[2026-05-10T11:40:07.694098+00:00] [INFO] START ticker=IGIL
[2026-05-10T11:40:09.413447+00:00] [INFO] SUCCESS ticker=IGIL
[2026-05-10T11:40:09.413695+00:00] [INFO] START ticker=INDIANB
[2026-05-10T11:40:11.076704+00:00] [INFO] SUCCESS ticker=INDIANB
[2026-05-10T11:40:11.076953+00:00] [INFO] START ticker=INDOTECH
[2026-05-10T11:40:12.616314+00:00] [INFO] SUCCESS ticker=INDOTECH
[2026-05-10T11:40:12.616557+00:00] [INFO] START ticker=INDUSTOWER
[2026-05-10T11:40:14.193833+00:00] [INFO] SUCCESS ticker=INDUSTOWER
[2026-05-10T11:40:14.194074+00:00] [INFO] START ticker=INFY
[2026-05-10T11:40:15.634316+00:00] [INFO] SUCCESS ticker=INFY
[2026-05-10T11:40:15.634540+00:00] [INFO] START ticker=INOXINDIA
[2026-05-10T11:40:17.123912+00:00] [INFO] SUCCESS ticker=INOXINDIA
[2026-05-10T11:40:17.124009+00:00] [INFO] START ticker=INTERARCH
[2026-05-10T11:40:18.775514+00:00] [INFO] SUCCESS ticker=INTERARCH
[2026-05-10T11:40:18.775646+00:00] [INFO] START ticker=IOC
[2026-05-10T11:40:20.298264+00:00] [INFO] SUCCESS ticker=IOC
[2026-05-10T11:40:20.298520+00:00] [INFO] START ticker=ITC
[2026-05-10T11:40:21.801360+00:00] [INFO] SUCCESS ticker=ITC
[2026-05-10T11:40:21.801590+00:00] [INFO] START ticker=JUNIORBEES
[2026-05-10T11:40:23.039431+00:00] [INFO] SUCCESS ticker=JUNIORBEES
[2026-05-10T11:40:23.039671+00:00] [INFO] START ticker=JYOTHYLAB
[2026-05-10T11:40:24.484529+00:00] [INFO] SUCCESS ticker=JYOTHYLAB
[2026-05-10T11:40:24.484758+00:00] [INFO] START ticker=KAYNES
[2026-05-10T11:40:25.980271+00:00] [INFO] SUCCESS ticker=KAYNES
[2026-05-10T11:40:25.980546+00:00] [INFO] START ticker=KEI
[2026-05-10T11:40:27.424253+00:00] [INFO] SUCCESS ticker=KEI
[2026-05-10T11:40:27.424518+00:00] [INFO] START ticker=KPENERGY
[2026-05-10T11:40:32.658190+00:00] [INFO] SUCCESS ticker=KPENERGY
[2026-05-10T11:40:32.658480+00:00] [INFO] START ticker=KPPL
[2026-05-10T11:40:37.823664+00:00] [INFO] SUCCESS ticker=KPPL
[2026-05-10T11:40:37.823917+00:00] [INFO] START ticker=MAHABANK
[2026-05-10T11:40:39.342345+00:00] [INFO] SUCCESS ticker=MAHABANK
[2026-05-10T11:40:39.342596+00:00] [INFO] START ticker=MAITHANALL
[2026-05-10T11:40:40.813345+00:00] [INFO] SUCCESS ticker=MAITHANALL
[2026-05-10T11:40:40.813630+00:00] [INFO] START ticker=MAPMYINDIA
[2026-05-10T11:40:42.307863+00:00] [INFO] SUCCESS ticker=MAPMYINDIA
[2026-05-10T11:40:42.308098+00:00] [INFO] START ticker=MARKSANS
[2026-05-10T11:40:43.838310+00:00] [INFO] SUCCESS ticker=MARKSANS
[2026-05-10T11:40:43.838611+00:00] [INFO] START ticker=MBEL
[2026-05-10T11:40:45.488714+00:00] [INFO] SUCCESS ticker=MBEL
[2026-05-10T11:40:45.489012+00:00] [INFO] START ticker=MCDOWELL-N
[2026-05-10T11:40:50.697710+00:00] [INFO] SUCCESS ticker=MCDOWELL-N
[2026-05-10T11:40:50.698040+00:00] [INFO] START ticker=MIRAEAMC - SMALLCAP
[2026-05-10T11:40:55.946658+00:00] [INFO] SUCCESS ticker=MIRAEAMC - SMALLCAP
[2026-05-10T11:40:55.946973+00:00] [INFO] START ticker=NCC
[2026-05-10T11:40:57.534595+00:00] [INFO] SUCCESS ticker=NCC
[2026-05-10T11:40:57.534865+00:00] [INFO] START ticker=NETWEB
[2026-05-10T11:40:59.213525+00:00] [INFO] SUCCESS ticker=NETWEB
[2026-05-10T11:40:59.213866+00:00] [INFO] START ticker=NIFTYBEES
[2026-05-10T11:41:00.363545+00:00] [INFO] SUCCESS ticker=NIFTYBEES
[2026-05-10T11:41:00.363833+00:00] [INFO] START ticker=OIL
[2026-05-10T11:41:01.816668+00:00] [INFO] SUCCESS ticker=OIL
[2026-05-10T11:41:01.816991+00:00] [INFO] START ticker=PFC
[2026-05-10T11:41:03.309926+00:00] [INFO] SUCCESS ticker=PFC
[2026-05-10T11:41:03.310241+00:00] [INFO] START ticker=POWERGRID
[2026-05-10T11:41:04.841728+00:00] [INFO] SUCCESS ticker=POWERGRID
[2026-05-10T11:41:04.842007+00:00] [INFO] START ticker=PVRINOX
[2026-05-10T11:41:06.226169+00:00] [INFO] SUCCESS ticker=PVRINOX
[2026-05-10T11:41:06.226495+00:00] [INFO] START ticker=QUALITY
[2026-05-10T11:41:11.554643+00:00] [INFO] SUCCESS ticker=QUALITY
[2026-05-10T11:41:11.554974+00:00] [INFO] START ticker=RATEGAIN
[2026-05-10T11:41:13.074495+00:00] [INFO] SUCCESS ticker=RATEGAIN
[2026-05-10T11:41:13.074822+00:00] [INFO] START ticker=RECLTD
[2026-05-10T11:41:14.605458+00:00] [INFO] SUCCESS ticker=RECLTD
[2026-05-10T11:41:14.605766+00:00] [INFO] START ticker=REDTAPE
[2026-05-10T11:41:16.095993+00:00] [INFO] SUCCESS ticker=REDTAPE
[2026-05-10T11:41:16.096319+00:00] [INFO] START ticker=REPCOHOME
[2026-05-10T11:41:17.853198+00:00] [INFO] SUCCESS ticker=REPCOHOME
[2026-05-10T11:41:17.853521+00:00] [INFO] START ticker=REVATHI
[2026-05-10T11:41:23.080567+00:00] [INFO] SUCCESS ticker=REVATHI
[2026-05-10T11:41:23.080896+00:00] [INFO] START ticker=ROSSTECH
[2026-05-10T11:41:24.832679+00:00] [INFO] SUCCESS ticker=ROSSTECH
[2026-05-10T11:41:24.833004+00:00] [INFO] START ticker=S&SPOWER
[2026-05-10T11:41:30.190163+00:00] [INFO] SUCCESS ticker=S&SPOWER
[2026-05-10T11:41:30.190544+00:00] [INFO] START ticker=SAGILITY
[2026-05-10T11:41:31.669394+00:00] [INFO] SUCCESS ticker=SAGILITY
[2026-05-10T11:41:31.669752+00:00] [INFO] START ticker=SANDUMA
[2026-05-10T11:41:33.071378+00:00] [INFO] SUCCESS ticker=SANDUMA
[2026-05-10T11:41:33.071720+00:00] [INFO] START ticker=SBIN
[2026-05-10T11:41:34.471570+00:00] [INFO] SUCCESS ticker=SBIN
[2026-05-10T11:41:34.471922+00:00] [INFO] START ticker=SGBFEB32IV
[2026-05-10T11:41:35.760770+00:00] [INFO] SUCCESS ticker=SGBFEB32IV
[2026-05-10T11:41:35.761087+00:00] [INFO] START ticker=SHILCHAR
[2026-05-10T11:41:41.027082+00:00] [INFO] SUCCESS ticker=SHILCHAR
[2026-05-10T11:41:41.027453+00:00] [INFO] START ticker=SHREEREF
[2026-05-10T11:41:46.661434+00:00] [INFO] SUCCESS ticker=SHREEREF
[2026-05-10T11:41:46.661796+00:00] [INFO] START ticker=SIKA
[2026-05-10T11:41:48.175602+00:00] [INFO] SUCCESS ticker=SIKA
[2026-05-10T11:41:48.175931+00:00] [INFO] START ticker=SKMEGGPROD
[2026-05-10T11:41:49.725522+00:00] [INFO] SUCCESS ticker=SKMEGGPROD
[2026-05-10T11:41:49.725855+00:00] [INFO] START ticker=SUNFLAG
[2026-05-10T11:41:51.213984+00:00] [INFO] SUCCESS ticker=SUNFLAG
[2026-05-10T11:41:51.214260+00:00] [INFO] START ticker=SUPRIYA
[2026-05-10T11:41:52.727527+00:00] [INFO] SUCCESS ticker=SUPRIYA
[2026-05-10T11:41:52.727800+00:00] [INFO] START ticker=SUYOG
[2026-05-10T11:41:54.166308+00:00] [INFO] SUCCESS ticker=SUYOG
[2026-05-10T11:41:54.166626+00:00] [INFO] START ticker=SUZLON
[2026-05-10T11:41:55.691041+00:00] [INFO] SUCCESS ticker=SUZLON
[2026-05-10T11:41:55.691396+00:00] [INFO] START ticker=TATAPOWER
[2026-05-10T11:41:57.085632+00:00] [INFO] SUCCESS ticker=TATAPOWER
[2026-05-10T11:41:57.085914+00:00] [INFO] START ticker=TDPOWERSYS
[2026-05-10T11:41:58.663938+00:00] [INFO] SUCCESS ticker=TDPOWERSYS
[2026-05-10T11:41:58.664261+00:00] [INFO] START ticker=TITANBIO
[2026-05-10T11:42:03.894062+00:00] [INFO] SUCCESS ticker=TITANBIO
[2026-05-10T11:42:03.894416+00:00] [INFO] START ticker=TRUALT
[2026-05-10T11:42:05.360811+00:00] [INFO] SUCCESS ticker=TRUALT
[2026-05-10T11:42:05.361120+00:00] [INFO] START ticker=VEDL
[2026-05-10T11:42:06.881392+00:00] [INFO] SUCCESS ticker=VEDL
[2026-05-10T11:42:06.881762+00:00] [INFO] START ticker=VENTIVE
[2026-05-10T11:42:08.378573+00:00] [INFO] SUCCESS ticker=VENTIVE
[2026-05-10T11:42:08.378917+00:00] [INFO] START ticker=VOLTAMP
[2026-05-10T11:42:10.000698+00:00] [INFO] SUCCESS ticker=VOLTAMP
[2026-05-10T11:42:10.001042+00:00] [INFO] START ticker=WAAREEENER
[2026-05-10T11:42:11.510721+00:00] [INFO] SUCCESS ticker=WAAREEENER
[2026-05-10T11:42:11.511036+00:00] [INFO] START ticker=ZENTEC
[2026-05-10T11:42:13.087835+00:00] [INFO] SUCCESS ticker=ZENTEC
[2026-05-10T11:42:13.088136+00:00] [INFO] START ticker=ZINKA
[2026-05-10T11:42:18.240003+00:00] [INFO] SUCCESS ticker=ZINKA
[2026-05-10T11:42:18.250182+00:00] [INFO] SUMMARY success=99 failed=0
