2026-05-17 07:34:36 | INFO     | ✓ Loaded 99 symbols
2026-05-17 07:34:36 | INFO     | Total symbols available: 99
2026-05-17 07:34:36 | INFO     | ================================================================================
2026-05-17 07:34:36 | INFO     | SCRAPING START | Total: 10 | Resume: False | Skip: 0
2026-05-17 07:34:36 | INFO     | ================================================================================
2026-05-17 07:34:36 | INFO     | [1/10] ABCAPITAL
2026-05-17 07:34:47 | INFO     | ✓ ABCAPITAL    | SUCCESS
2026-05-17 07:34:47 | INFO     | [2/10] ABFRL
2026-05-17 07:34:51 | INFO     | ✓ ABFRL        | SUCCESS
2026-05-17 07:34:51 | INFO     | [3/10] ACMESOLAR
2026-05-17 07:34:56 | INFO     | ✓ ACMESOLAR    | SUCCESS
2026-05-17 07:34:56 | INFO     | [4/10] AFCONS
2026-05-17 07:35:00 | INFO     | ✓ AFCONS       | SUCCESS
2026-05-17 07:35:00 | INFO     | [5/10] APOLLOHOSP
2026-05-17 07:35:04 | INFO     | ✓ APOLLOHOSP   | SUCCESS
2026-05-17 07:35:04 | INFO     | [6/10] ARE&M
2026-05-17 07:35:09 | INFO     | ✓ ARE&M        | SUCCESS
2026-05-17 07:35:09 | INFO     | [7/10] ARROWGREEN
2026-05-17 07:35:13 | INFO     | ✓ ARROWGREEN   | SUCCESS
2026-05-17 07:35:13 | INFO     | [8/10] ASALCBR
2026-05-17 07:35:17 | INFO     | ✓ ASALCBR      | SUCCESS
2026-05-17 07:35:17 | INFO     | [9/10] ASHOKA
2026-05-17 07:35:22 | INFO     | ✓ ASHOKA       | SUCCESS
2026-05-17 07:35:22 | INFO     | [10/10] AVANTIFEED
2026-05-17 07:35:26 | INFO     | ✓ AVANTIFEED   | SUCCESS
2026-05-17 07:35:26 | INFO     | ✓ Saved JSON: data/screener-history.json
2026-05-17 07:35:26 | INFO     | ✓ Saved CSV: data/screener-raw.csv
2026-05-17 07:35:26 | INFO     | ================================================================================
2026-05-17 07:35:26 | INFO     | EXECUTION SUMMARY
2026-05-17 07:35:26 | INFO     | ================================================================================
2026-05-17 07:35:26 | INFO     | Total Requested:      10
2026-05-17 07:35:26 | INFO     | Successfully Scraped: 10 ✓
2026-05-17 07:35:26 | INFO     | Failed:               0 ✗
2026-05-17 07:35:26 | INFO     | Skipped:              0
2026-05-17 07:35:26 | INFO     | Duration:             49.7 seconds
2026-05-17 07:35:26 | INFO     | Avg per stock:        5.0 seconds
2026-05-17 07:35:26 | INFO     | 
Output Files:
2026-05-17 07:35:26 | INFO     |   JSON: data/screener-history.json
2026-05-17 07:35:26 | INFO     |   CSV:  data/screener-raw.csv
2026-05-17 07:35:26 | INFO     |   Log:  logs/fetch_financials_screener.log
2026-05-17 07:35:26 | INFO     | ================================================================================
