2026-05-17 01:59:25 | STEP1-FETCH | INFO     | 
================================================================================
2026-05-17 01:59:25 | STEP1-FETCH | INFO     | STEP 1: FETCH DATA MODULE
2026-05-17 01:59:25 | STEP1-FETCH | INFO     | ================================================================================
2026-05-17 01:59:25 | STEP1-FETCH | INFO     | 
Provider Configuration:
2026-05-17 01:59:25 | STEP1-FETCH | INFO     |   ✗ Yahoo Finance
2026-05-17 01:59:25 | STEP1-FETCH | INFO     |   ✗ Screener.in
2026-05-17 01:59:25 | STEP1-FETCH | INFO     |   ✗ Finnhub API
2026-05-17 01:59:25 | STEP1-FETCH | INFO     |   ✓ Financial Metrics
2026-05-17 01:59:25 | STEP1-FETCH | INFO     | 
Verifying paths...
2026-05-17 01:59:25 | STEP1-FETCH | INFO     |   ✓ Working dir:   /home/runner/work/bharatmarkets/bharatmarkets
2026-05-17 01:59:25 | STEP1-FETCH | INFO     |   ✓ DATA_DIR:      /home/runner/work/bharatmarkets/bharatmarkets/data
2026-05-17 01:59:25 | STEP1-FETCH | INFO     |   ✓ SYMBOLS_FILE:  /home/runner/work/bharatmarkets/bharatmarkets/unified-symbols.json
2026-05-17 01:59:25 | STEP1-FETCH | INFO     |   ✓ SYMBOL_MAP:    /home/runner/work/bharatmarkets/bharatmarkets/symbol_map.json
2026-05-17 01:59:25 | STEP1-FETCH | INFO     | 
Loading configuration...
2026-05-17 01:59:25 | STEP1-FETCH | INFO     |   ✓ 99 companies to fetch
2026-05-17 01:59:25 | STEP1-FETCH | INFO     |   ✓ 6 delisted excluded
2026-05-17 01:59:25 | STEP1-FETCH | INFO     | 
Building sector mapping...
2026-05-17 01:59:25 | STEP1-FETCH | INFO     |   ✓ Sector mapping built: 99 stocks
2026-05-17 01:59:25 | STEP1-FETCH | INFO     |   ✓ Unique sectors: Consumer Discretionary, Consumer Staples, Defence, ETF, Energy, Financials, Government Securities, Healthcare, Industrials, Information Technology, Materials, Mutual Fund, Telecom, Utilities
2026-05-17 01:59:25 | STEP1-FETCH | INFO     | 
Fetching from 1 provider(s)...
2026-05-17 01:59:25 | STEP1-FETCH | INFO     |   [CapEx Screener] ABCAPITAL: trying https://www.screener.in/api/v2/companies/abcapital/financials/cash-flow/
2026-05-17 01:59:26 | STEP1-FETCH | INFO     |   [CapEx Screener] ABCAPITAL: request failed - 404 Client Error: Not Found for url: https://www.screener.in
2026-05-17 01:59:27 | STEP1-FETCH | INFO     |   [CapEx Screener] ABFRL: trying https://www.screener.in/api/v2/companies/abfrl/financials/cash-flow/
2026-05-17 01:59:27 | STEP1-FETCH | INFO     |   [CapEx Screener] ABFRL: request failed - 404 Client Error: Not Found for url: https://www.screener.in
2026-05-17 01:59:28 | STEP1-FETCH | INFO     |   [CapEx Screener] ACMESOLAR: trying https://www.screener.in/api/v2/companies/acmesolar/financials/cash-flow/
2026-05-17 01:59:28 | STEP1-FETCH | INFO     |   [CapEx Screener] ACMESOLAR: request failed - 404 Client Error: Not Found for url: https://www.screener.in
2026-05-17 01:59:30 | STEP1-FETCH | INFO     |   [CapEx Screener] APOLLOHOSP: trying https://www.screener.in/api/v2/companies/apollohosp/financials/cash-flow/
2026-05-17 01:59:30 | STEP1-FETCH | INFO     |   [CapEx Screener] APOLLOHOSP: request failed - 404 Client Error: Not Found for url: https://www.screener.in
2026-05-17 01:59:31 | STEP1-FETCH | INFO     |   [CapEx Screener] ARE&M: trying https://www.screener.in/api/v2/companies/are&m/financials/cash-flow/
2026-05-17 01:59:32 | STEP1-FETCH | INFO     |   [CapEx Screener] ARE&M: request failed - 404 Client Error: Not Found for url: https://www.screener.in
2026-05-17 01:59:32 | STEP1-FETCH | INFO     |   [CapEx Screener] ARROWGREEN: trying https://www.screener.in/api/v2/companies/arrowgreen/financials/cash-flow/
2026-05-17 01:59:33 | STEP1-FETCH | INFO     |   [CapEx Screener] ARROWGREEN: request failed - 404 Client Error: Not Found for url: https://www.screener.in
2026-05-17 01:59:33 | STEP1-FETCH | INFO     |   [CapEx Screener] ASALCBR: trying https://www.screener.in/api/v2/companies/asalcbr/financials/cash-flow/
2026-05-17 01:59:34 | STEP1-FETCH | INFO     |   [CapEx Screener] ASALCBR: request failed - 404 Client Error: Not Found for url: https://www.screener.in
2026-05-17 01:59:35 | STEP1-FETCH | INFO     |   [CapEx Screener] ASHOKA: trying https://www.screener.in/api/v2/companies/ashoka/financials/cash-flow/
2026-05-17 01:59:35 | STEP1-FETCH | INFO     |   [CapEx Screener] ASHOKA: request failed - 404 Client Error: Not Found for url: https://www.screener.in
2026-05-17 01:59:36 | STEP1-FETCH | INFO     |   [CapEx Screener] AVANTIFEED: trying https://www.screener.in/api/v2/companies/avantifeed/financials/cash-flow/
2026-05-17 01:59:36 | STEP1-FETCH | INFO     |   [CapEx Screener] AVANTIFEED: request failed - 404 Client Error: Not Found for url: https://www.screener.in
2026-05-17 01:59:37 | STEP1-FETCH | INFO     |   [CapEx Screener] AZAD: trying https://www.screener.in/api/v2/companies/azad/financials/cash-flow/
2026-05-17 01:59:38 | STEP1-FETCH | INFO     |   [CapEx Screener] AZAD: request failed - 404 Client Error: Not Found for url: https://www.screener.in
2026-05-17 01:59:38 | STEP1-FETCH | INFO     |   [CapEx Screener] AZADIND: trying https://www.screener.in/api/v2/companies/azadind/financials/cash-flow/
2026-05-17 01:59:39 | STEP1-FETCH | INFO     |   [CapEx Screener] AZADIND: request failed - 404 Client Error: Not Found for url: https://www.screener.in
2026-05-17 01:59:40 | STEP1-FETCH | INFO     |   [CapEx Screener] BDL: trying https://www.screener.in/api/v2/companies/bdl/financials/cash-flow/
2026-05-17 01:59:40 | STEP1-FETCH | INFO     |   [CapEx Screener] BDL: request failed - 404 Client Error: Not Found for url: https://www.screener.in
2026-05-17 01:59:41 | STEP1-FETCH | INFO     |   [CapEx Screener] BIOCON: trying https://www.screener.in/api/v2/companies/biocon/financials/cash-flow/
2026-05-17 01:59:41 | STEP1-FETCH | INFO     |   [CapEx Screener] BIOCON: request failed - 404 Client Error: Not Found for url: https://www.screener.in
2026-05-17 01:59:42 | STEP1-FETCH | INFO     |   [CapEx Screener] BLACKBOX: trying https://www.screener.in/api/v2/companies/bbox/financials/cash-flow/
2026-05-17 01:59:43 | STEP1-FETCH | INFO     |   [CapEx Screener] BLACKBOX: request failed - 404 Client Error: Not Found for url: https://www.screener.in
2026-05-17 01:59:43 | STEP1-FETCH | INFO     |   [CapEx Screener] CAPITALNUM: trying https://www.screener.in/api/v2/companies/cninfotech/financials/cash-flow/
2026-05-17 01:59:44 | STEP1-FETCH | INFO     |   [CapEx Screener] CAPITALNUM: request failed - 404 Client Error: Not Found for url: https://www.screener.in
2026-05-17 01:59:45 | STEP1-FETCH | INFO     |   [CapEx Screener] CDSL: trying https://www.screener.in/api/v2/companies/cdsl/financials/cash-flow/
2026-05-17 01:59:45 | STEP1-FETCH | INFO     |   [CapEx Screener] CDSL: request failed - 404 Client Error: Not Found for url: https://www.screener.in
2026-05-17 01:59:46 | STEP1-FETCH | INFO     |   [CapEx Screener] CELLO: trying https://www.screener.in/api/v2/companies/cello/financials/cash-flow/
2026-05-17 01:59:46 | STEP1-FETCH | INFO     |   [CapEx Screener] CELLO: request failed - 404 Client Error: Not Found for url: https://www.screener.in
2026-05-17 01:59:47 | STEP1-FETCH | INFO     |   [CapEx Screener] CIGNITITEC: trying https://www.screener.in/api/v2/companies/cignititec/financials/cash-flow/
2026-05-17 01:59:48 | STEP1-FETCH | INFO     |   [CapEx Screener] CIGNITITEC: request failed - 404 Client Error: Not Found for url: https://www.screener.in
2026-05-17 01:59:48 | STEP1-FETCH | INFO     |   [CapEx Screener] COCHINSHIP: trying https://www.screener.in/api/v2/companies/cochinship/financials/cash-flow/
2026-05-17 01:59:49 | STEP1-FETCH | INFO     |   [CapEx Screener] COCHINSHIP: request failed - 404 Client Error: Not Found for url: https://www.screener.in
2026-05-17 01:59:49 | STEP1-FETCH | INFO     |   Progress: 20/99...
2026-05-17 01:59:49 | STEP1-FETCH | INFO     |   [CapEx Screener] COFORGE: trying https://www.screener.in/api/v2/companies/coforge/financials/cash-flow/
2026-05-17 01:59:50 | STEP1-FETCH | INFO     |   [CapEx Screener] COFORGE: request failed - 404 Client Error: Not Found for url: https://www.screener.in
2026-05-17 01:59:51 | STEP1-FETCH | INFO     |   [CapEx Screener] DATAMATICS: trying https://www.screener.in/api/v2/companies/datamatics/financials/cash-flow/
2026-05-17 01:59:51 | STEP1-FETCH | INFO     |   [CapEx Screener] DATAMATICS: request failed - 404 Client Error: Not Found for url: https://www.screener.in
2026-05-17 01:59:52 | STEP1-FETCH | INFO     |   [CapEx Screener] DATAPATTNS: trying https://www.screener.in/api/v2/companies/datapattns/financials/cash-flow/
2026-05-17 01:59:52 | STEP1-FETCH | INFO     |   [CapEx Screener] DATAPATTNS: request failed - 404 Client Error: Not Found for url: https://www.screener.in
2026-05-17 01:59:54 | STEP1-FETCH | INFO     |   [CapEx Screener] ENGINERSIN: trying https://www.screener.in/api/v2/companies/enginersin/financials/cash-flow/
2026-05-17 01:59:54 | STEP1-FETCH | INFO     |   [CapEx Screener] ENGINERSIN: request failed - 404 Client Error: Not Found for url: https://www.screener.in
2026-05-17 01:59:55 | STEP1-FETCH | INFO     |   [CapEx Screener] FINCABLES: trying https://www.screener.in/api/v2/companies/fincables/financials/cash-flow/
2026-05-17 01:59:55 | STEP1-FETCH | INFO     |   [CapEx Screener] FINCABLES: request failed - 404 Client Error: Not Found for url: https://www.screener.in
2026-05-17 01:59:56 | STEP1-FETCH | INFO     |   [CapEx Screener] GESHIP: trying https://www.screener.in/api/v2/companies/geship/financials/cash-flow/
2026-05-17 01:59:57 | STEP1-FETCH | INFO     |   [CapEx Screener] GESHIP: request failed - 404 Client Error: Not Found for url: https://www.screener.in
2026-05-17 01:59:57 | STEP1-FETCH | INFO     |   [CapEx Screener] GRSE: trying https://www.screener.in/api/v2/companies/grse/financials/cash-flow/
2026-05-17 01:59:58 | STEP1-FETCH | INFO     |   [CapEx Screener] GRSE: request failed - 404 Client Error: Not Found for url: https://www.screener.in
2026-05-17 01:59:58 | STEP1-FETCH | INFO     |   [CapEx Screener] HAL: trying https://www.screener.in/api/v2/companies/hal/financials/cash-flow/
2026-05-17 01:59:59 | STEP1-FETCH | INFO     |   [CapEx Screener] HAL: request failed - 404 Client Error: Not Found for url: https://www.screener.in
2026-05-17 02:00:00 | STEP1-FETCH | INFO     |   [CapEx Screener] HBLENGINE: trying https://www.screener.in/api/v2/companies/hblengine/financials/cash-flow/
2026-05-17 02:00:00 | STEP1-FETCH | INFO     |   [CapEx Screener] HBLENGINE: request failed - 404 Client Error: Not Found for url: https://www.screener.in
2026-05-17 02:00:01 | STEP1-FETCH | INFO     |   [CapEx Screener] HCLTECH: trying https://www.screener.in/api/v2/companies/hcltech/financials/cash-flow/
2026-05-17 02:00:02 | STEP1-FETCH | INFO     |   [CapEx Screener] HCLTECH: request failed - 404 Client Error: Not Found for url: https://www.screener.in
2026-05-17 02:00:02 | STEP1-FETCH | INFO     |   [CapEx Screener] HDFCBANK: trying https://www.screener.in/api/v2/companies/hdfcbank/financials/cash-flow/
2026-05-17 02:00:03 | STEP1-FETCH | INFO     |   [CapEx Screener] HDFCBANK: request failed - 404 Client Error: Not Found for url: https://www.screener.in
2026-05-17 02:00:04 | STEP1-FETCH | INFO     |   [CapEx Screener] HDFCLIFE: trying https://www.screener.in/api/v2/companies/hdfclife/financials/cash-flow/
2026-05-17 02:00:04 | STEP1-FETCH | INFO     |   [CapEx Screener] HDFCLIFE: request failed - 404 Client Error: Not Found for url: https://www.screener.in
2026-05-17 02:00:05 | STEP1-FETCH | INFO     |   [CapEx Screener] HEBL: trying https://www.screener.in/api/v2/companies/highene/financials/cash-flow/
2026-05-17 02:00:05 | STEP1-FETCH | INFO     |   [CapEx Screener] HEBL: request failed - 404 Client Error: Not Found for url: https://www.screener.in
2026-05-17 02:00:06 | STEP1-FETCH | INFO     |   [CapEx Screener] HINDCOPPER: trying https://www.screener.in/api/v2/companies/hindcopper/financials/cash-flow/
2026-05-17 02:00:07 | STEP1-FETCH | INFO     |   [CapEx Screener] HINDCOPPER: request failed - 404 Client Error: Not Found for url: https://www.screener.in
2026-05-17 02:00:07 | STEP1-FETCH | INFO     |   [CapEx Screener] HINDZINC: trying https://www.screener.in/api/v2/companies/hindzinc/financials/cash-flow/
2026-05-17 02:00:08 | STEP1-FETCH | INFO     |   [CapEx Screener] HINDZINC: request failed - 404 Client Error: Not Found for url: https://www.screener.in
2026-05-17 02:00:08 | STEP1-FETCH | INFO     |   [CapEx Screener] HIRECT: trying https://www.screener.in/api/v2/companies/hirect/financials/cash-flow/
2026-05-17 02:00:09 | STEP1-FETCH | INFO     |   [CapEx Screener] HIRECT: request failed - 404 Client Error: Not Found for url: https://www.screener.in
2026-05-17 02:00:09 | STEP1-FETCH | INFO     |   [CapEx Screener] ICICIBANK: trying https://www.screener.in/api/v2/companies/icicibank/financials/cash-flow/
2026-05-17 02:00:10 | STEP1-FETCH | INFO     |   [CapEx Screener] ICICIBANK: request failed - 404 Client Error: Not Found for url: https://www.screener.in
2026-05-17 02:00:11 | STEP1-FETCH | INFO     |   [CapEx Screener] IDEAFORGE: trying https://www.screener.in/api/v2/companies/ideaforge/financials/cash-flow/
2026-05-17 02:00:11 | STEP1-FETCH | INFO     |   [CapEx Screener] IDEAFORGE: request failed - 404 Client Error: Not Found for url: https://www.screener.in
2026-05-17 02:00:12 | STEP1-FETCH | INFO     |   [CapEx Screener] IDFCFIRSTB: trying https://www.screener.in/api/v2/companies/idfcfirstb/financials/cash-flow/
2026-05-17 02:00:12 | STEP1-FETCH | INFO     |   [CapEx Screener] IDFCFIRSTB: request failed - 404 Client Error: Not Found for url: https://www.screener.in
2026-05-17 02:00:13 | STEP1-FETCH | INFO     |   Progress: 40/99...
2026-05-17 02:00:14 | STEP1-FETCH | INFO     |   [CapEx Screener] INDIANB: trying https://www.screener.in/api/v2/companies/indianb/financials/cash-flow/
2026-05-17 02:00:14 | STEP1-FETCH | INFO     |   [CapEx Screener] INDIANB: request failed - 404 Client Error: Not Found for url: https://www.screener.in
2026-05-17 02:00:15 | STEP1-FETCH | INFO     |   [CapEx Screener] INDOTECH: trying https://www.screener.in/api/v2/companies/indotech/financials/cash-flow/
2026-05-17 02:00:16 | STEP1-FETCH | INFO     |   [CapEx Screener] INDOTECH: request failed - 404 Client Error: Not Found for url: https://www.screener.in
2026-05-17 02:00:17 | STEP1-FETCH | INFO     |   [CapEx Screener] INOXINDIA: trying https://www.screener.in/api/v2/companies/inoxindia/financials/cash-flow/
2026-05-17 02:00:18 | STEP1-FETCH | INFO     |   [CapEx Screener] INOXINDIA: request failed - 404 Client Error: Not Found for url: https://www.screener.in
2026-05-17 02:00:18 | STEP1-FETCH | INFO     |   [CapEx Screener] INTERARCH: trying https://www.screener.in/api/v2/companies/interarch/financials/cash-flow/
2026-05-17 02:00:19 | STEP1-FETCH | INFO     |   [CapEx Screener] INTERARCH: request failed - 404 Client Error: Not Found for url: https://www.screener.in
2026-05-17 02:00:20 | STEP1-FETCH | INFO     |   [CapEx Screener] IOC: trying https://www.screener.in/api/v2/companies/ioc/financials/cash-flow/
2026-05-17 02:00:20 | STEP1-FETCH | INFO     |   [CapEx Screener] IOC: request failed - 404 Client Error: Not Found for url: https://www.screener.in
2026-05-17 02:00:21 | STEP1-FETCH | INFO     |   [CapEx Screener] ITC: trying https://www.screener.in/api/v2/companies/itc/financials/cash-flow/
2026-05-17 02:00:21 | STEP1-FETCH | INFO     |   [CapEx Screener] ITC: request failed - 404 Client Error: Not Found for url: https://www.screener.in
2026-05-17 02:00:22 | STEP1-FETCH | INFO     |   [CapEx Screener] JUNIORBEES: trying https://www.screener.in/api/v2/companies/juniorbees/financials/cash-flow/
2026-05-17 02:00:23 | STEP1-FETCH | INFO     |   [CapEx Screener] JUNIORBEES: request failed - 404 Client Error: Not Found for url: https://www.screener.in
2026-05-17 02:00:23 | STEP1-FETCH | INFO     |   [CapEx Screener] JYOTHYLAB: trying https://www.screener.in/api/v2/companies/jyothylab/financials/cash-flow/
2026-05-17 02:00:24 | STEP1-FETCH | INFO     |   [CapEx Screener] JYOTHYLAB: request failed - 404 Client Error: Not Found for url: https://www.screener.in
2026-05-17 02:00:24 | STEP1-FETCH | INFO     |   [CapEx Screener] KAYNES: trying https://www.screener.in/api/v2/companies/kaynes/financials/cash-flow/
2026-05-17 02:00:25 | STEP1-FETCH | INFO     |   [CapEx Screener] KAYNES: request failed - 404 Client Error: Not Found for url: https://www.screener.in
2026-05-17 02:00:26 | STEP1-FETCH | INFO     |   [CapEx Screener] KEI: trying https://www.screener.in/api/v2/companies/kei/financials/cash-flow/
2026-05-17 02:00:26 | STEP1-FETCH | INFO     |   [CapEx Screener] KEI: request failed - 404 Client Error: Not Found for url: https://www.screener.in
2026-05-17 02:00:27 | STEP1-FETCH | INFO     |   [CapEx Screener] KPENERGY: trying https://www.screener.in/api/v2/companies/kpel/financials/cash-flow/
2026-05-17 02:00:28 | STEP1-FETCH | INFO     |   [CapEx Screener] KPENERGY: request failed - 404 Client Error: Not Found for url: https://www.screener.in
2026-05-17 02:00:28 | STEP1-FETCH | INFO     |   [CapEx Screener] KPPL: trying https://www.screener.in/api/v2/companies/kpl/financials/cash-flow/
2026-05-17 02:00:29 | STEP1-FETCH | INFO     |   [CapEx Screener] KPPL: request failed - 404 Client Error: Not Found for url: https://www.screener.in
2026-05-17 02:00:29 | STEP1-FETCH | INFO     |   [CapEx Screener] MAHABANK: trying https://www.screener.in/api/v2/companies/mahabank/financials/cash-flow/
2026-05-17 02:00:30 | STEP1-FETCH | INFO     |   [CapEx Screener] MAHABANK: request failed - 404 Client Error: Not Found for url: https://www.screener.in
2026-05-17 02:00:31 | STEP1-FETCH | INFO     |   [CapEx Screener] MAITHANALL: trying https://www.screener.in/api/v2/companies/maithanall/financials/cash-flow/
2026-05-17 02:00:31 | STEP1-FETCH | INFO     |   [CapEx Screener] MAITHANALL: request failed - 404 Client Error: Not Found for url: https://www.screener.in
2026-05-17 02:00:32 | STEP1-FETCH | INFO     |   [CapEx Screener] MAPMYINDIA: trying https://www.screener.in/api/v2/companies/mapmyindia/financials/cash-flow/
2026-05-17 02:00:33 | STEP1-FETCH | INFO     |   [CapEx Screener] MAPMYINDIA: request failed - 404 Client Error: Not Found for url: https://www.screener.in
2026-05-17 02:00:33 | STEP1-FETCH | INFO     |   [CapEx Screener] MARKSANS: trying https://www.screener.in/api/v2/companies/marksans/financials/cash-flow/
2026-05-17 02:00:34 | STEP1-FETCH | INFO     |   [CapEx Screener] MARKSANS: request failed - 404 Client Error: Not Found for url: https://www.screener.in
2026-05-17 02:00:35 | STEP1-FETCH | INFO     |   Progress: 60/99...
2026-05-17 02:00:35 | STEP1-FETCH | INFO     |   [CapEx Screener] MCDOWELL-N: trying https://www.screener.in/api/v2/companies/unitdspr/financials/cash-flow/
2026-05-17 02:00:36 | STEP1-FETCH | INFO     |   [CapEx Screener] MCDOWELL-N: request failed - 404 Client Error: Not Found for url: https://www.screener.in
2026-05-17 02:00:36 | STEP1-FETCH | INFO     |   [CapEx Screener] NCC: trying https://www.screener.in/api/v2/companies/ncc/financials/cash-flow/
2026-05-17 02:00:37 | STEP1-FETCH | INFO     |   [CapEx Screener] NCC: request failed - 404 Client Error: Not Found for url: https://www.screener.in
2026-05-17 02:00:38 | STEP1-FETCH | INFO     |   [CapEx Screener] NETWEB: trying https://www.screener.in/api/v2/companies/netweb/financials/cash-flow/
2026-05-17 02:00:38 | STEP1-FETCH | INFO     |   [CapEx Screener] NETWEB: request failed - 404 Client Error: Not Found for url: https://www.screener.in
2026-05-17 02:00:39 | STEP1-FETCH | INFO     |   [CapEx Screener] NIFTYBEES: trying https://www.screener.in/api/v2/companies/niftybees/financials/cash-flow/
2026-05-17 02:00:39 | STEP1-FETCH | INFO     |   [CapEx Screener] NIFTYBEES: request failed - 404 Client Error: Not Found for url: https://www.screener.in
2026-05-17 02:00:40 | STEP1-FETCH | INFO     |   [CapEx Screener] OIL: trying https://www.screener.in/api/v2/companies/oil/financials/cash-flow/
2026-05-17 02:00:41 | STEP1-FETCH | INFO     |   [CapEx Screener] OIL: request failed - 404 Client Error: Not Found for url: https://www.screener.in
2026-05-17 02:00:41 | STEP1-FETCH | INFO     |   [CapEx Screener] PFC: trying https://www.screener.in/api/v2/companies/pfc/financials/cash-flow/
2026-05-17 02:00:42 | STEP1-FETCH | INFO     |   [CapEx Screener] PFC: request failed - 404 Client Error: Not Found for url: https://www.screener.in
2026-05-17 02:00:42 | STEP1-FETCH | INFO     |   [CapEx Screener] POWERGRID: trying https://www.screener.in/api/v2/companies/powergrid/financials/cash-flow/
2026-05-17 02:00:43 | STEP1-FETCH | INFO     |   [CapEx Screener] POWERGRID: request failed - 404 Client Error: Not Found for url: https://www.screener.in
2026-05-17 02:00:43 | STEP1-FETCH | INFO     |   [CapEx Screener] PVRINOX: trying https://www.screener.in/api/v2/companies/pvrinox/financials/cash-flow/
2026-05-17 02:00:44 | STEP1-FETCH | INFO     |   [CapEx Screener] PVRINOX: request failed - 404 Client Error: Not Found for url: https://www.screener.in
2026-05-17 02:00:45 | STEP1-FETCH | INFO     |   [CapEx Screener] QUALITY: trying https://www.screener.in/api/v2/companies/qpower/financials/cash-flow/
2026-05-17 02:00:45 | STEP1-FETCH | INFO     |   [CapEx Screener] QUALITY: request failed - 404 Client Error: Not Found for url: https://www.screener.in
2026-05-17 02:00:46 | STEP1-FETCH | INFO     |   [CapEx Screener] RATEGAIN: trying https://www.screener.in/api/v2/companies/rategain/financials/cash-flow/
2026-05-17 02:00:47 | STEP1-FETCH | INFO     |   [CapEx Screener] RATEGAIN: request failed - 404 Client Error: Not Found for url: https://www.screener.in
2026-05-17 02:00:48 | STEP1-FETCH | INFO     |   [CapEx Screener] REDTAPE: trying https://www.screener.in/api/v2/companies/redtape/financials/cash-flow/
2026-05-17 02:00:48 | STEP1-FETCH | INFO     |   [CapEx Screener] REDTAPE: request failed - 404 Client Error: Not Found for url: https://www.screener.in
2026-05-17 02:00:49 | STEP1-FETCH | INFO     |   [CapEx Screener] REPCOHOME: trying https://www.screener.in/api/v2/companies/repcohome/financials/cash-flow/
2026-05-17 02:00:50 | STEP1-FETCH | INFO     |   [CapEx Screener] REPCOHOME: request failed - 404 Client Error: Not Found for url: https://www.screener.in
2026-05-17 02:00:50 | STEP1-FETCH | INFO     |   [CapEx Screener] REVATHI: trying https://www.screener.in/api/v2/companies/rvth/financials/cash-flow/
2026-05-17 02:00:51 | STEP1-FETCH | INFO     |   [CapEx Screener] REVATHI: request failed - 404 Client Error: Not Found for url: https://www.screener.in
2026-05-17 02:00:52 | STEP1-FETCH | INFO     |   [CapEx Screener] ROSSTECH: trying https://www.screener.in/api/v2/companies/rosstech/financials/cash-flow/
2026-05-17 02:00:52 | STEP1-FETCH | INFO     |   [CapEx Screener] ROSSTECH: request failed - 404 Client Error: Not Found for url: https://www.screener.in
2026-05-17 02:00:53 | STEP1-FETCH | INFO     |   [CapEx Screener] S&SPOWER: trying https://www.screener.in/api/v2/companies/s&spower/financials/cash-flow/
2026-05-17 02:00:54 | STEP1-FETCH | INFO     |   [CapEx Screener] S&SPOWER: request failed - 404 Client Error: Not Found for url: https://www.screener.in
2026-05-17 02:00:54 | STEP1-FETCH | INFO     |   [CapEx Screener] SAGILITY: trying https://www.screener.in/api/v2/companies/sagility/financials/cash-flow/
2026-05-17 02:00:55 | STEP1-FETCH | INFO     |   [CapEx Screener] SAGILITY: request failed - 404 Client Error: Not Found for url: https://www.screener.in
2026-05-17 02:00:55 | STEP1-FETCH | INFO     |   [CapEx Screener] SANDUMA: trying https://www.screener.in/api/v2/companies/sanduma/financials/cash-flow/
2026-05-17 02:00:56 | STEP1-FETCH | INFO     |   [CapEx Screener] SANDUMA: request failed - 404 Client Error: Not Found for url: https://www.screener.in
2026-05-17 02:00:57 | STEP1-FETCH | INFO     |   [CapEx Screener] SBIN: trying https://www.screener.in/api/v2/companies/sbin/financials/cash-flow/
2026-05-17 02:00:57 | STEP1-FETCH | INFO     |   [CapEx Screener] SBIN: request failed - 404 Client Error: Not Found for url: https://www.screener.in
2026-05-17 02:00:58 | STEP1-FETCH | INFO     |   [CapEx Screener] SHILCHAR: trying https://www.screener.in/api/v2/companies/shilctech/financials/cash-flow/
2026-05-17 02:00:58 | STEP1-FETCH | INFO     |   [CapEx Screener] SHILCHAR: request failed - 404 Client Error: Not Found for url: https://www.screener.in
2026-05-17 02:00:59 | STEP1-FETCH | INFO     |   Progress: 80/97...
2026-05-17 02:01:00 | STEP1-FETCH | INFO     |   [CapEx Screener] SIKA: trying https://www.screener.in/api/v2/companies/sika/financials/cash-flow/
2026-05-17 02:01:00 | STEP1-FETCH | INFO     |   [CapEx Screener] SIKA: request failed - 404 Client Error: Not Found for url: https://www.screener.in
2026-05-17 02:01:01 | STEP1-FETCH | INFO     |   [CapEx Screener] SKMEGGPROD: trying https://www.screener.in/api/v2/companies/skmeggprod/financials/cash-flow/
2026-05-17 02:01:01 | STEP1-FETCH | INFO     |   [CapEx Screener] SKMEGGPROD: request failed - 404 Client Error: Not Found for url: https://www.screener.in
2026-05-17 02:01:02 | STEP1-FETCH | INFO     |   [CapEx Screener] SUNFLAG: trying https://www.screener.in/api/v2/companies/sunflag/financials/cash-flow/
2026-05-17 02:01:02 | STEP1-FETCH | INFO     |   [CapEx Screener] SUNFLAG: request failed - 404 Client Error: Not Found for url: https://www.screener.in
2026-05-17 02:01:03 | STEP1-FETCH | INFO     |   [CapEx Screener] SUPRIYA: trying https://www.screener.in/api/v2/companies/supriya/financials/cash-flow/
2026-05-17 02:01:04 | STEP1-FETCH | INFO     |   [CapEx Screener] SUPRIYA: request failed - 404 Client Error: Not Found for url: https://www.screener.in
2026-05-17 02:01:04 | STEP1-FETCH | INFO     |   [CapEx Screener] SUYOG: trying https://www.screener.in/api/v2/companies/suyog/financials/cash-flow/
2026-05-17 02:01:05 | STEP1-FETCH | INFO     |   [CapEx Screener] SUYOG: request failed - 404 Client Error: Not Found for url: https://www.screener.in
2026-05-17 02:01:05 | STEP1-FETCH | INFO     |   [CapEx Screener] SUZLON: trying https://www.screener.in/api/v2/companies/suzlon/financials/cash-flow/
2026-05-17 02:01:06 | STEP1-FETCH | INFO     |   [CapEx Screener] SUZLON: request failed - 404 Client Error: Not Found for url: https://www.screener.in
2026-05-17 02:01:07 | STEP1-FETCH | INFO     |   [CapEx Screener] TATAPOWER: trying https://www.screener.in/api/v2/companies/tatapower/financials/cash-flow/
2026-05-17 02:01:07 | STEP1-FETCH | INFO     |   [CapEx Screener] TATAPOWER: request failed - 404 Client Error: Not Found for url: https://www.screener.in
2026-05-17 02:01:08 | STEP1-FETCH | INFO     |   [CapEx Screener] TDPOWERSYS: trying https://www.screener.in/api/v2/companies/tdpowersys/financials/cash-flow/
2026-05-17 02:01:08 | STEP1-FETCH | INFO     |   [CapEx Screener] TDPOWERSYS: request failed - 404 Client Error: Not Found for url: https://www.screener.in
2026-05-17 02:01:09 | STEP1-FETCH | INFO     |   [CapEx Screener] TITANBIO: trying https://www.screener.in/api/v2/companies/titanbio/financials/cash-flow/
2026-05-17 02:01:10 | STEP1-FETCH | INFO     |   [CapEx Screener] TITANBIO: request failed - 404 Client Error: Not Found for url: https://www.screener.in
2026-05-17 02:01:10 | STEP1-FETCH | INFO     |   [CapEx Screener] TRUALT: trying https://www.screener.in/api/v2/companies/trualt/financials/cash-flow/
2026-05-17 02:01:11 | STEP1-FETCH | INFO     |   [CapEx Screener] TRUALT: request failed - 404 Client Error: Not Found for url: https://www.screener.in
2026-05-17 02:01:11 | STEP1-FETCH | INFO     |   [CapEx Screener] VEDL: trying https://www.screener.in/api/v2/companies/vedl/financials/cash-flow/
2026-05-17 02:01:12 | STEP1-FETCH | INFO     |   [CapEx Screener] VEDL: request failed - 404 Client Error: Not Found for url: https://www.screener.in
2026-05-17 02:01:13 | STEP1-FETCH | INFO     |   [CapEx Screener] VOLTAMP: trying https://www.screener.in/api/v2/companies/voltamp/financials/cash-flow/
2026-05-17 02:01:14 | STEP1-FETCH | INFO     |   [CapEx Screener] VOLTAMP: request failed - 404 Client Error: Not Found for url: https://www.screener.in
2026-05-17 02:01:14 | STEP1-FETCH | INFO     |   [CapEx Screener] WAAREEENER: trying https://www.screener.in/api/v2/companies/waareeener/financials/cash-flow/
2026-05-17 02:01:15 | STEP1-FETCH | INFO     |   [CapEx Screener] WAAREEENER: request failed - 404 Client Error: Not Found for url: https://www.screener.in
2026-05-17 02:01:15 | STEP1-FETCH | INFO     |   [CapEx Screener] ZENTEC: trying https://www.screener.in/api/v2/companies/zentec/financials/cash-flow/
2026-05-17 02:01:16 | STEP1-FETCH | INFO     |   [CapEx Screener] ZENTEC: request failed - 404 Client Error: Not Found for url: https://www.screener.in
2026-05-17 02:01:17 | STEP1-FETCH | INFO     | 
Saving files...
2026-05-17 02:01:17 | STEP1-FETCH | INFO     |   Current directory: /home/runner/work/bharatmarkets/bharatmarkets
2026-05-17 02:01:17 | STEP1-FETCH | INFO     |   ✓ Saved: /home/runner/work/bharatmarkets/bharatmarkets/data/financial-metrics.json
2026-05-17 02:01:17 | STEP1-FETCH | INFO     | 
================================================================================
2026-05-17 02:01:17 | STEP1-FETCH | INFO     | STEP 1: TESTING FETCH RESULTS
2026-05-17 02:01:17 | STEP1-FETCH | INFO     | ================================================================================
2026-05-17 02:01:17 | STEP1-FETCH | INFO     | 
[TEST 1] FILES CREATED & VALID JSON
2026-05-17 02:01:17 | STEP1-FETCH | INFO     | --------------------------------------------------------------------------------
2026-05-17 02:01:17 | STEP1-FETCH | INFO     |   ✓ Yahoo        file exists
2026-05-17 02:01:17 | STEP1-FETCH | ERROR    |     └─ Empty or invalid JSON
2026-05-17 02:01:17 | STEP1-FETCH | INFO     |   ✓ Screener     file exists
2026-05-17 02:01:17 | STEP1-FETCH | ERROR    |     └─ Empty or invalid JSON
2026-05-17 02:01:17 | STEP1-FETCH | INFO     |   ✓ Finnhub      file exists
2026-05-17 02:01:17 | STEP1-FETCH | ERROR    |     └─ Empty or invalid JSON
2026-05-17 02:01:17 | STEP1-FETCH | INFO     |   ✓ Financial    file exists
2026-05-17 02:01:17 | STEP1-FETCH | INFO     |     └─ 97 tickers loaded
2026-05-17 02:01:17 | STEP1-FETCH | INFO     | 
[TEST 2] TICKER COVERAGE
2026-05-17 02:01:17 | STEP1-FETCH | INFO     | --------------------------------------------------------------------------------
2026-05-17 02:01:17 | STEP1-FETCH | INFO     |   Yahoo:      0 tickers
2026-05-17 02:01:17 | STEP1-FETCH | INFO     |   Screener:   0 tickers
2026-05-17 02:01:17 | STEP1-FETCH | INFO     |   Finnhub:    0 tickers
2026-05-17 02:01:17 | STEP1-FETCH | INFO     |   Financial: 97 tickers
2026-05-17 02:01:17 | STEP1-FETCH | INFO     |   Combined:  97 tickers
2026-05-17 02:01:17 | STEP1-FETCH | INFO     |   ✓ Coverage >= 97 tickers
2026-05-17 02:01:17 | STEP1-FETCH | INFO     | 
[TEST 3] OBSERVATION COUNTS
2026-05-17 02:01:17 | STEP1-FETCH | INFO     | --------------------------------------------------------------------------------
2026-05-17 02:01:17 | STEP1-FETCH | INFO     |   Yahoo:       0 observations
2026-05-17 02:01:17 | STEP1-FETCH | INFO     |   Screener:    0 observations
2026-05-17 02:01:17 | STEP1-FETCH | INFO     |   Finnhub:     0 observations
2026-05-17 02:01:17 | STEP1-FETCH | INFO     |   Financial:  97 observations
2026-05-17 02:01:17 | STEP1-FETCH | INFO     |   ✓ Financial has data
2026-05-17 02:01:17 | STEP1-FETCH | INFO     | 
[TEST 4] DATA STRUCTURE
2026-05-17 02:01:17 | STEP1-FETCH | INFO     | --------------------------------------------------------------------------------
2026-05-17 02:01:17 | STEP1-FETCH | INFO     | 
[TEST 5] ERROR HANDLING
2026-05-17 02:01:17 | STEP1-FETCH | INFO     | --------------------------------------------------------------------------------
2026-05-17 02:01:17 | STEP1-FETCH | INFO     |   Yahoo errors:      0
2026-05-17 02:01:17 | STEP1-FETCH | INFO     |   Screener errors:   0
2026-05-17 02:01:17 | STEP1-FETCH | INFO     |   Finnhub errors:    0
2026-05-17 02:01:17 | STEP1-FETCH | INFO     |   Total errors:      0
2026-05-17 02:01:17 | STEP1-FETCH | INFO     | 
================================================================================
2026-05-17 02:01:17 | STEP1-FETCH | INFO     | STEP 1 TEST SUMMARY
2026-05-17 02:01:17 | STEP1-FETCH | INFO     | ================================================================================
2026-05-17 02:01:17 | STEP1-FETCH | INFO     | ⚠️  WARN: Files Created             (1/4)
2026-05-17 02:01:17 | STEP1-FETCH | INFO     | ✓ PASS: Ticker Coverage           (1/1)
2026-05-17 02:01:17 | STEP1-FETCH | INFO     | ⚠️  WARN: Observation Counts        (1/4)
2026-05-17 02:01:17 | STEP1-FETCH | INFO     | ⚠️  WARN: Data Structure            (0/1)
2026-05-17 02:01:17 | STEP1-FETCH | INFO     | ✓ PASS: Error Handling            (1/1)
2026-05-17 02:01:17 | STEP1-FETCH | INFO     | 
--------------------------------------------------------------------------------
2026-05-17 02:01:17 | STEP1-FETCH | INFO     | Result: 4/11 test groups passed
2026-05-17 02:01:17 | STEP1-FETCH | WARNING  | ⚠️ STEP 1 COMPLETE - Some issues found
2026-05-17 02:01:17 | STEP1-FETCH | INFO     | 
================================================================================
2026-05-17 02:01:17 | STEP1-FETCH | INFO     | COMMITTING TO GIT
2026-05-17 02:01:17 | STEP1-FETCH | INFO     | ================================================================================
2026-05-17 02:01:17 | STEP1-FETCH | INFO     |   ✓ Added data/yahoo-history.json
2026-05-17 02:01:17 | STEP1-FETCH | INFO     |   ✓ Added data/screener-history.json
2026-05-17 02:01:17 | STEP1-FETCH | INFO     |   ✓ Added data/finnhub-history.json
2026-05-17 02:01:17 | STEP1-FETCH | INFO     |   ✓ Added data/financial-metrics.json
