
======================================================================
DETAILED FETCH SUMMARY
======================================================================

PROCESSING OVERVIEW:
  Total Symbols          : 99
  Successfully Processed : 97
  Skipped (Bonds)        : 1

YAHOO FINANCE RESULTS:
  Success Rate           : 97/97 (100.0%)
  Errors                 : 0
  Output File            : /home/runner/work/bharatmarkets/bharatmarkets/data/raw_yahoo_fundamentals.json

SCREENER.IN RESULTS:
  Success Rate           : 97/97 (100.0%)
  Errors                 : 0
  Output File            : /home/runner/work/bharatmarkets/bharatmarkets/data/raw_screener_fundamentals.json

LOG FILES:
  Main Log               : /home/runner/work/bharatmarkets/bharatmarkets/data/fetch_runtime.log
  Yahoo Log              : /home/runner/work/bharatmarkets/bharatmarkets/data/yahoo_fetch.log
  Screener Log           : /home/runner/work/bharatmarkets/bharatmarkets/data/screener_fetch.log

RUNTIME INFORMATION:
  Duration               : 128.55 seconds
  Completed At           : 2026-05-12T01:42:29.613493+00:00

======================================================================