[2026-05-14 17:07:21] [INFO] 
████████████████████████████████████████████████████████████████████████████████
[2026-05-14 17:07:21] [INFO] █                                                                              █
[2026-05-14 17:07:21] [INFO] █               MERGE SCRIPT - BHARATMARKETS STOCK DATA PIPELINE               █
[2026-05-14 17:07:21] [INFO] █                                                                              █
[2026-05-14 17:07:21] [INFO] ████████████████████████████████████████████████████████████████████████████████
[2026-05-14 17:07:21] [INFO] 
Repository Structure:
[2026-05-14 17:07:21] [INFO]   Working directory: /home/runner/work/bharatmarkets/bharatmarkets
[2026-05-14 17:07:21] [INFO]   Data directory: /home/runner/work/bharatmarkets/bharatmarkets/data
[2026-05-14 17:07:21] [INFO]   Input 1: data/yahoo-history.json
[2026-05-14 17:07:21] [INFO]   Input 2: data/screener-history.json
[2026-05-14 17:07:21] [INFO]   Output: data/unified-data.json
[2026-05-14 17:07:21] [INFO] 
================================================================================
[2026-05-14 17:07:21] [INFO] STEP 1: MERGE - Combining Yahoo & Screener data
[2026-05-14 17:07:21] [INFO] ================================================================================
[2026-05-14 17:07:21] [INFO] Loading data/yahoo-history.json...
[2026-05-14 17:07:21] [INFO]   ✓ 97 tickers
[2026-05-14 17:07:21] [INFO] Loading data/screener-history.json...
[2026-05-14 17:07:21] [INFO]   ✓ 97 tickers
[2026-05-14 17:07:21] [INFO] 
Merge complete: 97 tickers, 194 total observations
[2026-05-14 17:07:21] [INFO] 
================================================================================
[2026-05-14 17:07:21] [INFO] STEP 2: CONSOLIDATE - Creating single records per stock
[2026-05-14 17:07:21] [INFO] ================================================================================
[2026-05-14 17:07:21] [INFO] ✓ Consolidated 97 stocks with observations preserved
[2026-05-14 17:07:21] [INFO] 
================================================================================
[2026-05-14 17:07:21] [INFO] STEP 3: RESTRUCTURE - Converting types and organizing data
[2026-05-14 17:07:21] [INFO] ================================================================================
[2026-05-14 17:07:21] [INFO] ✓ Restructured 97 stocks
[2026-05-14 17:07:21] [INFO] ✓ Price records processed: 23609
[2026-05-14 17:07:21] [INFO] ✓ Price records converted to numeric: 23609
[2026-05-14 17:07:21] [INFO] 
================================================================================
[2026-05-14 17:07:21] [INFO] STEP 4: OPTIMIZE - Minifying for production
[2026-05-14 17:07:21] [INFO] ================================================================================
[2026-05-14 17:07:21] [INFO] ✓ Optimization complete
[2026-05-14 17:07:21] [INFO] 
Writing output to data/unified-data.json...
[2026-05-14 17:07:22] [INFO] 
████████████████████████████████████████████████████████████████████████████████
[2026-05-14 17:07:22] [INFO] █                                                                              █
[2026-05-14 17:07:22] [INFO] █                             ✓ PIPELINE COMPLETE                              █
[2026-05-14 17:07:22] [INFO] █                                                                              █
[2026-05-14 17:07:22] [INFO] ████████████████████████████████████████████████████████████████████████████████
[2026-05-14 17:07:22] [INFO] 
Output: /home/runner/work/bharatmarkets/bharatmarkets/data/unified-data.json (5.94 MB)
[2026-05-14 17:07:22] [INFO] Log: /home/runner/work/bharatmarkets/bharatmarkets/data/merge-script.log
[2026-05-14 17:07:22] [INFO] 
Stats:
[2026-05-14 17:07:22] [INFO]   • Total stocks: 97
[2026-05-14 17:07:22] [INFO]   • Total price records: 23,609
[2026-05-14 17:07:22] [INFO]   • Total metrics: 50,547
[2026-05-14 17:07:22] [INFO] 
✅ Ready to commit and push to GitHub!

