2026-05-14 10:52:50,920 - merge_script - INFO - run:1042 - 
======================================================================
2026-05-14 10:52:50,920 - merge_script - INFO - run:1043 - BharatMarkets Data Merge Script v2.0
2026-05-14 10:52:50,920 - merge_script - INFO - run:1044 - ======================================================================
2026-05-14 10:52:50,920 - merge_script - INFO - load_all:174 - ======================================================================
2026-05-14 10:52:50,920 - merge_script - INFO - load_all:175 - LOADING SOURCE FILES
2026-05-14 10:52:50,920 - merge_script - INFO - load_all:176 - ======================================================================
2026-05-14 10:52:50,920 - merge_script - INFO - load_json:154 - Loading yahoo-history.json...
2026-05-14 10:52:50,979 - merge_script - INFO - load_json:159 -   ✓ Loaded 97 stocks
2026-05-14 10:52:50,979 - merge_script - INFO - load_json:154 - Loading screener-history.json...
2026-05-14 10:52:50,991 - merge_script - INFO - load_json:159 -   ✓ Loaded 97 stocks
2026-05-14 10:52:50,991 - merge_script - INFO - load_json:154 - Loading guidance.json...
2026-05-14 10:52:50,995 - merge_script - INFO - load_json:159 -   ✓ Loaded 28 stocks
2026-05-14 10:52:50,995 - merge_script - INFO - _merge_all_stocks:1075 - 
======================================================================
2026-05-14 10:52:50,995 - merge_script - INFO - _merge_all_stocks:1076 - MERGING DATA
2026-05-14 10:52:50,995 - merge_script - INFO - _merge_all_stocks:1077 - ======================================================================
2026-05-14 10:52:51,100 - merge_script - INFO - _merge_all_stocks:1104 - ✓ Merged 97 stocks
2026-05-14 10:52:51,100 - merge_script - INFO - validate_all:663 - ======================================================================
2026-05-14 10:52:51,100 - merge_script - INFO - validate_all:664 - VALIDATING DATA (6 Layers)
2026-05-14 10:52:51,100 - merge_script - INFO - validate_all:665 - ======================================================================
2026-05-14 10:52:51,100 - merge_script - INFO - validate_structure:678 - 
Layer 1: Structure...
2026-05-14 10:52:51,100 - merge_script - INFO - validate_structure:695 -   ✓ All 97 stocks present
2026-05-14 10:52:51,100 - merge_script - INFO - validate_completeness:700 - Layer 2: Completeness (STRICT)...
2026-05-14 10:52:51,101 - merge_script - WARNING - validate_completeness:772 -   ✗ 206 data gaps found
2026-05-14 10:52:51,101 - merge_script - INFO - validate_values:780 - Layer 3: Value ranges...
2026-05-14 10:52:51,101 - merge_script - INFO - validate_values:805 -   ✓ All values within acceptable ranges
2026-05-14 10:52:51,101 - merge_script - INFO - validate_consistency:811 - Layer 4: Consistency...
2026-05-14 10:52:51,107 - merge_script - INFO - validate_consistency:851 -   ✓ Consistency checks passed
2026-05-14 10:52:51,107 - merge_script - INFO - validate_coverage:856 - Layer 5: Coverage...
2026-05-14 10:52:51,107 - merge_script - INFO - validate_coverage:865 -   ✓ 97 unique stocks
2026-05-14 10:52:51,107 - merge_script - INFO - _generate_reports:1109 - 
======================================================================
2026-05-14 10:52:51,107 - merge_script - INFO - _generate_reports:1110 - GENERATING REPORTS
2026-05-14 10:52:51,107 - merge_script - INFO - _generate_reports:1111 - ======================================================================
2026-05-14 10:52:51,108 - merge_script - INFO - _generate_reports:1127 -   ✓ Validation report: 50 issues
2026-05-14 10:52:51,108 - merge_script - INFO - _generate_reports:1128 -   ✓ Conflicts log: 0 conflicts
2026-05-14 10:52:51,108 - merge_script - INFO - _save_outputs:1133 - 
======================================================================
2026-05-14 10:52:51,108 - merge_script - INFO - _save_outputs:1134 - SAVING OUTPUT FILES
2026-05-14 10:52:51,108 - merge_script - INFO - _save_outputs:1135 - ======================================================================
2026-05-14 10:52:51,396 - merge_script - INFO - _save_outputs:1144 -   ✓ unified-data.json
2026-05-14 10:52:51,397 - merge_script - INFO - _save_outputs:1149 -   ✓ unified-data-meta.json
2026-05-14 10:52:51,397 - merge_script - INFO - _save_outputs:1154 -   ✓ validation-report.json
2026-05-14 10:52:51,397 - merge_script - INFO - _save_outputs:1159 -   ✓ conflicts-log.json
2026-05-14 10:52:51,398 - merge_script - INFO - _generate_chart_files:1164 - 
======================================================================
2026-05-14 10:52:51,398 - merge_script - INFO - _generate_chart_files:1165 - GENERATING CHART DATA
2026-05-14 10:52:51,398 - merge_script - INFO - _generate_chart_files:1166 - ======================================================================
2026-05-14 10:52:51,661 - merge_script - INFO - _generate_chart_files:1174 -   ✓ price-history.json
2026-05-14 10:52:51,672 - merge_script - INFO - _generate_chart_files:1180 -   ✓ fundamental-history.json
2026-05-14 10:52:51,676 - merge_script - INFO - run:1064 - 
======================================================================
2026-05-14 10:52:51,676 - merge_script - INFO - run:1065 - ✓ MERGE COMPLETED SUCCESSFULLY
2026-05-14 10:52:51,676 - merge_script - INFO - run:1066 - ======================================================================
2026-05-14 14:05:30,051 - merge_script - INFO - run:1155 - 
======================================================================
2026-05-14 14:05:30,051 - merge_script - INFO - run:1156 - BharatMarkets Data Merge Script v2.0
2026-05-14 14:05:30,051 - merge_script - INFO - run:1157 - ======================================================================
2026-05-14 14:05:30,051 - merge_script - INFO - load_all:279 - ======================================================================
2026-05-14 14:05:30,051 - merge_script - INFO - load_all:280 - LOADING SOURCE FILES
2026-05-14 14:05:30,051 - merge_script - INFO - load_all:281 - ======================================================================
2026-05-14 14:05:30,051 - merge_script - INFO - load_json:259 - Loading yahoo-history.json...
2026-05-14 14:05:30,111 - merge_script - INFO - load_json:264 -   ✓ Loaded 97 stocks
2026-05-14 14:05:30,111 - merge_script - INFO - load_json:259 - Loading screener-history.json...
2026-05-14 14:05:30,125 - merge_script - INFO - load_json:264 -   ✓ Loaded 97 stocks
2026-05-14 14:05:30,125 - merge_script - INFO - load_json:259 - Loading guidance.json...
2026-05-14 14:05:30,128 - merge_script - INFO - load_json:264 -   ✓ Loaded 28 stocks
2026-05-14 14:05:30,128 - merge_script - INFO - _merge_all_stocks:1188 - 
======================================================================
2026-05-14 14:05:30,128 - merge_script - INFO - _merge_all_stocks:1189 - MERGING DATA
2026-05-14 14:05:30,128 - merge_script - INFO - _merge_all_stocks:1190 - ======================================================================
2026-05-14 14:05:30,235 - merge_script - INFO - _merge_all_stocks:1217 - ✓ Merged 97 stocks
2026-05-14 14:05:30,235 - merge_script - INFO - validate_all:776 - ======================================================================
2026-05-14 14:05:30,235 - merge_script - INFO - validate_all:777 - VALIDATING DATA (6 Layers)
2026-05-14 14:05:30,235 - merge_script - INFO - validate_all:778 - ======================================================================
2026-05-14 14:05:30,235 - merge_script - INFO - validate_structure:791 - 
Layer 1: Structure...
2026-05-14 14:05:30,235 - merge_script - INFO - validate_structure:808 -   ✓ All 97 stocks present
2026-05-14 14:05:30,235 - merge_script - INFO - validate_completeness:813 - Layer 2: Completeness (STRICT)...
2026-05-14 14:05:30,236 - merge_script - WARNING - validate_completeness:885 -   ✗ 13 data gaps found
2026-05-14 14:05:30,236 - merge_script - INFO - validate_values:893 - Layer 3: Value ranges...
2026-05-14 14:05:30,236 - merge_script - INFO - validate_values:918 -   ✓ All values within acceptable ranges
2026-05-14 14:05:30,236 - merge_script - INFO - validate_consistency:924 - Layer 4: Consistency...
2026-05-14 14:05:30,243 - merge_script - INFO - validate_consistency:964 -   ✓ Consistency checks passed
2026-05-14 14:05:30,243 - merge_script - INFO - validate_coverage:969 - Layer 5: Coverage...
2026-05-14 14:05:30,243 - merge_script - INFO - validate_coverage:978 -   ✓ 97 unique stocks
2026-05-14 14:05:30,243 - merge_script - INFO - _generate_reports:1222 - 
======================================================================
2026-05-14 14:05:30,243 - merge_script - INFO - _generate_reports:1223 - GENERATING REPORTS
2026-05-14 14:05:30,243 - merge_script - INFO - _generate_reports:1224 - ======================================================================
2026-05-14 14:05:30,243 - merge_script - INFO - _generate_reports:1240 -   ✓ Validation report: 13 issues
2026-05-14 14:05:30,244 - merge_script - INFO - _generate_reports:1241 -   ✓ Conflicts log: 0 conflicts
2026-05-14 14:05:30,244 - merge_script - INFO - _save_outputs:1246 - 
======================================================================
2026-05-14 14:05:30,244 - merge_script - INFO - _save_outputs:1247 - SAVING OUTPUT FILES
2026-05-14 14:05:30,244 - merge_script - INFO - _save_outputs:1248 - ======================================================================
2026-05-14 14:05:30,542 - merge_script - INFO - _save_outputs:1257 -   ✓ unified-data.json
2026-05-14 14:05:30,542 - merge_script - INFO - _save_outputs:1262 -   ✓ unified-data-meta.json
2026-05-14 14:05:30,543 - merge_script - INFO - _save_outputs:1267 -   ✓ validation-report.json
2026-05-14 14:05:30,543 - merge_script - INFO - _save_outputs:1272 -   ✓ conflicts-log.json
2026-05-14 14:05:30,543 - merge_script - INFO - _generate_chart_files:1277 - 
======================================================================
2026-05-14 14:05:30,543 - merge_script - INFO - _generate_chart_files:1278 - GENERATING CHART DATA
2026-05-14 14:05:30,543 - merge_script - INFO - _generate_chart_files:1279 - ======================================================================
2026-05-14 14:05:30,815 - merge_script - INFO - _generate_chart_files:1287 -   ✓ price-history.json
2026-05-14 14:05:30,826 - merge_script - INFO - _generate_chart_files:1293 -   ✓ fundamental-history.json
2026-05-14 14:05:30,830 - merge_script - INFO - run:1177 - 
======================================================================
2026-05-14 14:05:30,830 - merge_script - INFO - run:1178 - ✓ MERGE COMPLETED SUCCESSFULLY
2026-05-14 14:05:30,830 - merge_script - INFO - run:1179 - ======================================================================
